<?xml version="1.0" encoding="UTF-8" ?>
<testsuites disabled="0" errors="0" failures="81" tests="120" time="1191.525">
 <testsuite name="Code for Company Info under Config  Module" timestamp="2019-11-08T13:03:37" hostname="localhost" time="53.985" errors="0" tests="9" skipped="0" disabled="0" failures="0">
  <testcase classname="Code for Company Info under Config  Module" name="open the browser" time="30.419" />
  <testcase classname="Code for Company Info under Config  Module" name="Enter the username" time="1.838" />
  <testcase classname="Code for Company Info under Config  Module" name="Enter the password" time="1.026" />
  <testcase classname="Code for Company Info under Config  Module" name="click on login button" time="2.046" />
  <testcase classname="Code for Company Info under Config  Module" name="Mouse hover CRM icon" time="7.988" />
  <testcase classname="Code for Company Info under Config  Module" name="click on company info" time="2.965" />
  <testcase classname="Code for Company Info under Config  Module" name="click on  company plans" time="3.598" />
  <testcase classname="Code for Company Info under Config  Module" name="click on  company invoices" time="0.493" />
  <testcase classname="Code for Company Info under Config  Module" name="click on  company invoice download" time="3.609" />
 </testsuite>
 <testsuite name="Code for company number formate  under config" timestamp="2019-11-08T13:04:31" hostname="localhost" time="62.526" errors="0" tests="20" skipped="0" disabled="0" failures="0">
  <testcase classname="Code for company number formate  under config" name="open the browser" time="7.186" />
  <testcase classname="Code for company number formate  under config" name="Enter the username" time="0.87" />
  <testcase classname="Code for company number formate  under config" name="Enter the password" time="0.895" />
  <testcase classname="Code for company number formate  under config" name="click on login button" time="0.874" />
  <testcase classname="Code for company number formate  under config" name="Mouse hover CRM icon" time="3.87" />
  <testcase classname="Code for company number formate  under config" name="click on company Number Formats" time="1.868" />
  <testcase classname="Code for company number formate  under config" name="Enter the UserEmployeePrefix" time="4.493" />
  <testcase classname="Code for company number formate  under config" name="Enter the UserEmployeeNumber" time="3.68" />
  <testcase classname="Code for company number formate  under config" name="Enter the Client Company Prefix" time="3.671" />
  <testcase classname="Code for company number formate  under config" name="Enter the Client Company Number" time="3.645" />
  <testcase classname="Code for company number formate  under config" name="Enter the Vendor Company Prefix" time="3.652" />
  <testcase classname="Code for company number formate  under config" name="Enter the Vendor Company Number" time="3.643" />
  <testcase classname="Code for company number formate  under config" name="Enter the Client Employee Prefix" time="3.641" />
  <testcase classname="Code for company number formate  under config" name="Enter the Client Employee Number" time="3.653" />
  <testcase classname="Code for company number formate  under config" name="Enter the Vendor Employee Prefix" time="3.816" />
  <testcase classname="Code for company number formate  under config" name="Enter the Vendor Employee Number" time="3.642" />
  <testcase classname="Code for company number formate  under config" name="Enter the Invoice Prefix" time="3.654" />
  <testcase classname="Code for company number formate  under config" name="Enter the Vendor Invoice Number" time="3.673" />
  <testcase classname="Code for company number formate  under config" name="click on submit" time="1.571" />
  <testcase classname="Code for company number formate  under config" name="click For Close Popup" time="0.524" />
 </testsuite>
 <testsuite name="Code for company number formate  under config" timestamp="2019-11-08T13:05:34" hostname="localhost" time="1074.362" errors="0" tests="17" skipped="0" disabled="0" failures="7">
  <testcase classname="Code for company number formate  under config" name="open the browser" time="5.57" />
  <testcase classname="Code for company number formate  under config" name="Enter the username" time="1.634" />
  <testcase classname="Code for company number formate  under config" name="Enter the password" time="0.892" />
  <testcase classname="Code for company number formate  under config" name="click on login button" time="0.824" />
  <testcase classname="Code for company number formate  under config" name="Mouse hover CRM icon" time="3.585" />
  <testcase classname="Code for company number formate  under config" name="click on Holidays" time="2.13" />
  <testcase classname="Code for company number formate  under config" name="click For Add Holidays" time="1.297" />
  <testcase classname="Code for company number formate  under config" name="Enter the Holiday Name" time="1.737" />
  <testcase classname="Code for company number formate  under config" name="Enter the Holiday Date" time="1.602" />
  <testcase classname="Code for company number formate  under config" name="Select the Holiday Full/Half" time="1.711" />
  <testcase classname="Code for company number formate  under config" name="Click For Checkbox" time="1.715">
   <failure type="exception" message="Error: ENOENT: no such file or directory, open &apos;H:\Jasmine\ConfigModule\reports\screenshots\chrome-Code for company number formate  under config Select the Holiday Full\Half.png&apos;"><![CDATA[Error: ENOENT: no such file or directory, open 'H:\Jasmine\ConfigModule\reports\screenshots\chrome-Code for company number formate  under config Select the Holiday Full\Half.png']]>
   </failure>
  </testcase>
  <testcase classname="Code for company number formate  under config" name="Click For Save" time="1.621" />
  <testcase classname="Code for company number formate  under config" name="For successfull message" time="700.013">
   <failure type="exception" message="Error: Timeout - Async callback was not invoked within timeout specified by jasmine.DEFAULT_TIMEOUT_INTERVAL."><![CDATA[Error: Timeout - Async callback was not invoked within timeout specified by jasmine.DEFAULT_TIMEOUT_INTERVAL.
    at Timeout._onTimeout (C:\Users\vijay\AppData\Roaming\npm\node_modules\protractor\node_modules\jasmine-core\lib\jasmine-core\jasmine.js:4281:23)
    at listOnTimeout (internal/timers.js:531:17)
    at processTimers (internal/timers.js:475:7)]]>
   </failure>
   <failure type="exception" message="Error: Timeout - Async callback was not invoked within timeout specified by jasmine.DEFAULT_TIMEOUT_INTERVAL."><![CDATA[Error: Timeout - Async callback was not invoked within timeout specified by jasmine.DEFAULT_TIMEOUT_INTERVAL.
    at Timeout._onTimeout (C:\Users\vijay\AppData\Roaming\npm\node_modules\protractor\node_modules\jasmine-core\lib\jasmine-core\jasmine.js:4281:23)
    at listOnTimeout (internal/timers.js:531:17)
    at processTimers (internal/timers.js:475:7)]]>
   </failure>
  </testcase>
  <testcase classname="Code for company number formate  under config" name="Click For View All Holidays" time="350.003">
   <failure type="exception" message="Error: Timeout - Async callback was not invoked within timeout specified by jasmine.DEFAULT_TIMEOUT_INTERVAL."><![CDATA[Error: Timeout - Async callback was not invoked within timeout specified by jasmine.DEFAULT_TIMEOUT_INTERVAL.
    at Timeout._onTimeout (C:\Users\vijay\AppData\Roaming\npm\node_modules\protractor\node_modules\jasmine-core\lib\jasmine-core\jasmine.js:4281:23)
    at listOnTimeout (internal/timers.js:531:17)
    at processTimers (internal/timers.js:475:7)]]>
   </failure>
  </testcase>
  <testcase classname="Code for company number formate  under config" name="Search Holiday name" time="0.009">
   <failure type="exception" message="WebDriverError: No active session with ID 9808d853769486222280a56c3119a319"><![CDATA[WebDriverError: No active session with ID 9808d853769486222280a56c3119a319
    at Object.checkLegacyResponse (C:\Users\vijay\AppData\Roaming\npm\node_modules\protractor\node_modules\selenium-webdriver\lib\error.js:546:15)
    at parseHttpResponse (C:\Users\vijay\AppData\Roaming\npm\node_modules\protractor\node_modules\selenium-webdriver\lib\http.js:509:13)
    at C:\Users\vijay\AppData\Roaming\npm\node_modules\protractor\node_modules\selenium-webdriver\lib\http.js:441:30
    at processTicksAndRejections (internal/process/task_queues.js:89:5)
From: Task: WebDriver.takeScreenshot()
    at thenableWebDriverProxy.schedule (C:\Users\vijay\AppData\Roaming\npm\node_modules\protractor\node_modules\selenium-webdriver\lib\webdriver.js:807:17)
    at thenableWebDriverProxy.takeScreenshot (C:\Users\vijay\AppData\Roaming\npm\node_modules\protractor\node_modules\selenium-webdriver\lib\webdriver.js:1085:17)
    at run (C:\Users\vijay\AppData\Roaming\npm\node_modules\protractor\built\browser.js:59:33)
    at ProtractorBrowser.to.<computed> [as takeScreenshot] (C:\Users\vijay\AppData\Roaming\npm\node_modules\protractor\built\browser.js:67:16)
    at H:\Jasmine\ConfigModule\config.js:82:29
    at ManagedPromise.invokeCallback_ (C:\Users\vijay\AppData\Roaming\npm\node_modules\protractor\node_modules\selenium-webdriver\lib\promise.js:1376:14)
    at TaskQueue.execute_ (C:\Users\vijay\AppData\Roaming\npm\node_modules\protractor\node_modules\selenium-webdriver\lib\promise.js:3084:14)
    at TaskQueue.executeNext_ (C:\Users\vijay\AppData\Roaming\npm\node_modules\protractor\node_modules\selenium-webdriver\lib\promise.js:3067:27)
    at C:\Users\vijay\AppData\Roaming\npm\node_modules\protractor\node_modules\selenium-webdriver\lib\promise.js:2927:27
    at C:\Users\vijay\AppData\Roaming\npm\node_modules\protractor\node_modules\selenium-webdriver\lib\promise.js:668:7
    at processTicksAndRejections (internal/process/task_queues.js:89:5)]]>
   </failure>
  </testcase>
  <testcase classname="Code for company number formate  under config" name="Search By Date" time="0.009">
   <failure type="exception" message="WebDriverError: No active session with ID 9808d853769486222280a56c3119a319"><![CDATA[WebDriverError: No active session with ID 9808d853769486222280a56c3119a319
    at Object.checkLegacyResponse (C:\Users\vijay\AppData\Roaming\npm\node_modules\protractor\node_modules\selenium-webdriver\lib\error.js:546:15)
    at parseHttpResponse (C:\Users\vijay\AppData\Roaming\npm\node_modules\protractor\node_modules\selenium-webdriver\lib\http.js:509:13)
    at C:\Users\vijay\AppData\Roaming\npm\node_modules\protractor\node_modules\selenium-webdriver\lib\http.js:441:30
    at processTicksAndRejections (internal/process/task_queues.js:89:5)
From: Task: WebDriver.takeScreenshot()
    at thenableWebDriverProxy.schedule (C:\Users\vijay\AppData\Roaming\npm\node_modules\protractor\node_modules\selenium-webdriver\lib\webdriver.js:807:17)
    at thenableWebDriverProxy.takeScreenshot (C:\Users\vijay\AppData\Roaming\npm\node_modules\protractor\node_modules\selenium-webdriver\lib\webdriver.js:1085:17)
    at run (C:\Users\vijay\AppData\Roaming\npm\node_modules\protractor\built\browser.js:59:33)
    at ProtractorBrowser.to.<computed> [as takeScreenshot] (C:\Users\vijay\AppData\Roaming\npm\node_modules\protractor\built\browser.js:67:16)
    at H:\Jasmine\ConfigModule\config.js:82:29
    at ManagedPromise.invokeCallback_ (C:\Users\vijay\AppData\Roaming\npm\node_modules\protractor\node_modules\selenium-webdriver\lib\promise.js:1376:14)
    at TaskQueue.execute_ (C:\Users\vijay\AppData\Roaming\npm\node_modules\protractor\node_modules\selenium-webdriver\lib\promise.js:3084:14)
    at TaskQueue.executeNext_ (C:\Users\vijay\AppData\Roaming\npm\node_modules\protractor\node_modules\selenium-webdriver\lib\promise.js:3067:27)
    at C:\Users\vijay\AppData\Roaming\npm\node_modules\protractor\node_modules\selenium-webdriver\lib\promise.js:2927:27
    at C:\Users\vijay\AppData\Roaming\npm\node_modules\protractor\node_modules\selenium-webdriver\lib\promise.js:668:7
    at processTicksAndRejections (internal/process/task_queues.js:89:5)]]>
   </failure>
  </testcase>
  <testcase classname="Code for company number formate  under config" name="Search By Day" time="0.009">
   <failure type="exception" message="WebDriverError: No active session with ID 9808d853769486222280a56c3119a319"><![CDATA[WebDriverError: No active session with ID 9808d853769486222280a56c3119a319
    at Object.checkLegacyResponse (C:\Users\vijay\AppData\Roaming\npm\node_modules\protractor\node_modules\selenium-webdriver\lib\error.js:546:15)
    at parseHttpResponse (C:\Users\vijay\AppData\Roaming\npm\node_modules\protractor\node_modules\selenium-webdriver\lib\http.js:509:13)
    at C:\Users\vijay\AppData\Roaming\npm\node_modules\protractor\node_modules\selenium-webdriver\lib\http.js:441:30
    at processTicksAndRejections (internal/process/task_queues.js:89:5)
From: Task: WebDriver.takeScreenshot()
    at thenableWebDriverProxy.schedule (C:\Users\vijay\AppData\Roaming\npm\node_modules\protractor\node_modules\selenium-webdriver\lib\webdriver.js:807:17)
    at thenableWebDriverProxy.takeScreenshot (C:\Users\vijay\AppData\Roaming\npm\node_modules\protractor\node_modules\selenium-webdriver\lib\webdriver.js:1085:17)
    at run (C:\Users\vijay\AppData\Roaming\npm\node_modules\protractor\built\browser.js:59:33)
    at ProtractorBrowser.to.<computed> [as takeScreenshot] (C:\Users\vijay\AppData\Roaming\npm\node_modules\protractor\built\browser.js:67:16)
    at H:\Jasmine\ConfigModule\config.js:82:29
    at ManagedPromise.invokeCallback_ (C:\Users\vijay\AppData\Roaming\npm\node_modules\protractor\node_modules\selenium-webdriver\lib\promise.js:1376:14)
    at TaskQueue.execute_ (C:\Users\vijay\AppData\Roaming\npm\node_modules\protractor\node_modules\selenium-webdriver\lib\promise.js:3084:14)
    at TaskQueue.executeNext_ (C:\Users\vijay\AppData\Roaming\npm\node_modules\protractor\node_modules\selenium-webdriver\lib\promise.js:3067:27)
    at C:\Users\vijay\AppData\Roaming\npm\node_modules\protractor\node_modules\selenium-webdriver\lib\promise.js:2927:27
    at C:\Users\vijay\AppData\Roaming\npm\node_modules\protractor\node_modules\selenium-webdriver\lib\promise.js:668:7
    at processTicksAndRejections (internal/process/task_queues.js:89:5)]]>
   </failure>
  </testcase>
 </testsuite>
 <testsuite name="Code for company number formate  under config" timestamp="2019-11-08T13:23:28" hostname="localhost" time="0.165" errors="0" tests="18" skipped="0" disabled="0" failures="18">
  <testcase classname="Code for company number formate  under config" name="open the browser" time="0.012">
   <failure type="exception" message="WebDriverError: No active session with ID 9808d853769486222280a56c3119a319"><![CDATA[WebDriverError: No active session with ID 9808d853769486222280a56c3119a319
    at Object.checkLegacyResponse (C:\Users\vijay\AppData\Roaming\npm\node_modules\protractor\node_modules\selenium-webdriver\lib\error.js:546:15)
    at parseHttpResponse (C:\Users\vijay\AppData\Roaming\npm\node_modules\protractor\node_modules\selenium-webdriver\lib\http.js:509:13)
    at C:\Users\vijay\AppData\Roaming\npm\node_modules\protractor\node_modules\selenium-webdriver\lib\http.js:441:30
    at processTicksAndRejections (internal/process/task_queues.js:89:5)
From: Task: WebDriver.takeScreenshot()
    at thenableWebDriverProxy.schedule (C:\Users\vijay\AppData\Roaming\npm\node_modules\protractor\node_modules\selenium-webdriver\lib\webdriver.js:807:17)
    at thenableWebDriverProxy.takeScreenshot (C:\Users\vijay\AppData\Roaming\npm\node_modules\protractor\node_modules\selenium-webdriver\lib\webdriver.js:1085:17)
    at run (C:\Users\vijay\AppData\Roaming\npm\node_modules\protractor\built\browser.js:59:33)
    at ProtractorBrowser.to.<computed> [as takeScreenshot] (C:\Users\vijay\AppData\Roaming\npm\node_modules\protractor\built\browser.js:67:16)
    at H:\Jasmine\ConfigModule\config.js:82:29
    at ManagedPromise.invokeCallback_ (C:\Users\vijay\AppData\Roaming\npm\node_modules\protractor\node_modules\selenium-webdriver\lib\promise.js:1376:14)
    at TaskQueue.execute_ (C:\Users\vijay\AppData\Roaming\npm\node_modules\protractor\node_modules\selenium-webdriver\lib\promise.js:3084:14)
    at TaskQueue.executeNext_ (C:\Users\vijay\AppData\Roaming\npm\node_modules\protractor\node_modules\selenium-webdriver\lib\promise.js:3067:27)
    at C:\Users\vijay\AppData\Roaming\npm\node_modules\protractor\node_modules\selenium-webdriver\lib\promise.js:2927:27
    at C:\Users\vijay\AppData\Roaming\npm\node_modules\protractor\node_modules\selenium-webdriver\lib\promise.js:668:7
    at processTicksAndRejections (internal/process/task_queues.js:89:5)]]>
   </failure>
  </testcase>
  <testcase classname="Code for company number formate  under config" name="Enter the username" time="0.009">
   <failure type="exception" message="WebDriverError: No active session with ID 9808d853769486222280a56c3119a319"><![CDATA[WebDriverError: No active session with ID 9808d853769486222280a56c3119a319
    at Object.checkLegacyResponse (C:\Users\vijay\AppData\Roaming\npm\node_modules\protractor\node_modules\selenium-webdriver\lib\error.js:546:15)
    at parseHttpResponse (C:\Users\vijay\AppData\Roaming\npm\node_modules\protractor\node_modules\selenium-webdriver\lib\http.js:509:13)
    at C:\Users\vijay\AppData\Roaming\npm\node_modules\protractor\node_modules\selenium-webdriver\lib\http.js:441:30
    at processTicksAndRejections (internal/process/task_queues.js:89:5)
From: Task: WebDriver.takeScreenshot()
    at thenableWebDriverProxy.schedule (C:\Users\vijay\AppData\Roaming\npm\node_modules\protractor\node_modules\selenium-webdriver\lib\webdriver.js:807:17)
    at thenableWebDriverProxy.takeScreenshot (C:\Users\vijay\AppData\Roaming\npm\node_modules\protractor\node_modules\selenium-webdriver\lib\webdriver.js:1085:17)
    at run (C:\Users\vijay\AppData\Roaming\npm\node_modules\protractor\built\browser.js:59:33)
    at ProtractorBrowser.to.<computed> [as takeScreenshot] (C:\Users\vijay\AppData\Roaming\npm\node_modules\protractor\built\browser.js:67:16)
    at H:\Jasmine\ConfigModule\config.js:82:29
    at ManagedPromise.invokeCallback_ (C:\Users\vijay\AppData\Roaming\npm\node_modules\protractor\node_modules\selenium-webdriver\lib\promise.js:1376:14)
    at TaskQueue.execute_ (C:\Users\vijay\AppData\Roaming\npm\node_modules\protractor\node_modules\selenium-webdriver\lib\promise.js:3084:14)
    at TaskQueue.executeNext_ (C:\Users\vijay\AppData\Roaming\npm\node_modules\protractor\node_modules\selenium-webdriver\lib\promise.js:3067:27)
    at C:\Users\vijay\AppData\Roaming\npm\node_modules\protractor\node_modules\selenium-webdriver\lib\promise.js:2927:27
    at C:\Users\vijay\AppData\Roaming\npm\node_modules\protractor\node_modules\selenium-webdriver\lib\promise.js:668:7
    at processTicksAndRejections (internal/process/task_queues.js:89:5)]]>
   </failure>
  </testcase>
  <testcase classname="Code for company number formate  under config" name="Enter the password" time="0.005">
   <failure type="exception" message="WebDriverError: No active session with ID 9808d853769486222280a56c3119a319"><![CDATA[WebDriverError: No active session with ID 9808d853769486222280a56c3119a319
    at Object.checkLegacyResponse (C:\Users\vijay\AppData\Roaming\npm\node_modules\protractor\node_modules\selenium-webdriver\lib\error.js:546:15)
    at parseHttpResponse (C:\Users\vijay\AppData\Roaming\npm\node_modules\protractor\node_modules\selenium-webdriver\lib\http.js:509:13)
    at C:\Users\vijay\AppData\Roaming\npm\node_modules\protractor\node_modules\selenium-webdriver\lib\http.js:441:30
    at processTicksAndRejections (internal/process/task_queues.js:89:5)
From: Task: WebDriver.takeScreenshot()
    at thenableWebDriverProxy.schedule (C:\Users\vijay\AppData\Roaming\npm\node_modules\protractor\node_modules\selenium-webdriver\lib\webdriver.js:807:17)
    at thenableWebDriverProxy.takeScreenshot (C:\Users\vijay\AppData\Roaming\npm\node_modules\protractor\node_modules\selenium-webdriver\lib\webdriver.js:1085:17)
    at run (C:\Users\vijay\AppData\Roaming\npm\node_modules\protractor\built\browser.js:59:33)
    at ProtractorBrowser.to.<computed> [as takeScreenshot] (C:\Users\vijay\AppData\Roaming\npm\node_modules\protractor\built\browser.js:67:16)
    at H:\Jasmine\ConfigModule\config.js:82:29
    at ManagedPromise.invokeCallback_ (C:\Users\vijay\AppData\Roaming\npm\node_modules\protractor\node_modules\selenium-webdriver\lib\promise.js:1376:14)
    at TaskQueue.execute_ (C:\Users\vijay\AppData\Roaming\npm\node_modules\protractor\node_modules\selenium-webdriver\lib\promise.js:3084:14)
    at TaskQueue.executeNext_ (C:\Users\vijay\AppData\Roaming\npm\node_modules\protractor\node_modules\selenium-webdriver\lib\promise.js:3067:27)
    at C:\Users\vijay\AppData\Roaming\npm\node_modules\protractor\node_modules\selenium-webdriver\lib\promise.js:2927:27
    at C:\Users\vijay\AppData\Roaming\npm\node_modules\protractor\node_modules\selenium-webdriver\lib\promise.js:668:7
    at processTicksAndRejections (internal/process/task_queues.js:89:5)]]>
   </failure>
  </testcase>
  <testcase classname="Code for company number formate  under config" name="click on login button" time="0.008">
   <failure type="exception" message="WebDriverError: No active session with ID 9808d853769486222280a56c3119a319"><![CDATA[WebDriverError: No active session with ID 9808d853769486222280a56c3119a319
    at Object.checkLegacyResponse (C:\Users\vijay\AppData\Roaming\npm\node_modules\protractor\node_modules\selenium-webdriver\lib\error.js:546:15)
    at parseHttpResponse (C:\Users\vijay\AppData\Roaming\npm\node_modules\protractor\node_modules\selenium-webdriver\lib\http.js:509:13)
    at C:\Users\vijay\AppData\Roaming\npm\node_modules\protractor\node_modules\selenium-webdriver\lib\http.js:441:30
    at processTicksAndRejections (internal/process/task_queues.js:89:5)
From: Task: WebDriver.takeScreenshot()
    at thenableWebDriverProxy.schedule (C:\Users\vijay\AppData\Roaming\npm\node_modules\protractor\node_modules\selenium-webdriver\lib\webdriver.js:807:17)
    at thenableWebDriverProxy.takeScreenshot (C:\Users\vijay\AppData\Roaming\npm\node_modules\protractor\node_modules\selenium-webdriver\lib\webdriver.js:1085:17)
    at run (C:\Users\vijay\AppData\Roaming\npm\node_modules\protractor\built\browser.js:59:33)
    at ProtractorBrowser.to.<computed> [as takeScreenshot] (C:\Users\vijay\AppData\Roaming\npm\node_modules\protractor\built\browser.js:67:16)
    at H:\Jasmine\ConfigModule\config.js:82:29
    at ManagedPromise.invokeCallback_ (C:\Users\vijay\AppData\Roaming\npm\node_modules\protractor\node_modules\selenium-webdriver\lib\promise.js:1376:14)
    at TaskQueue.execute_ (C:\Users\vijay\AppData\Roaming\npm\node_modules\protractor\node_modules\selenium-webdriver\lib\promise.js:3084:14)
    at TaskQueue.executeNext_ (C:\Users\vijay\AppData\Roaming\npm\node_modules\protractor\node_modules\selenium-webdriver\lib\promise.js:3067:27)
    at C:\Users\vijay\AppData\Roaming\npm\node_modules\protractor\node_modules\selenium-webdriver\lib\promise.js:2927:27
    at C:\Users\vijay\AppData\Roaming\npm\node_modules\protractor\node_modules\selenium-webdriver\lib\promise.js:668:7
    at processTicksAndRejections (internal/process/task_queues.js:89:5)]]>
   </failure>
  </testcase>
  <testcase classname="Code for company number formate  under config" name="Mouse hover CRM icon" time="0.01">
   <failure type="exception" message="WebDriverError: No active session with ID 9808d853769486222280a56c3119a319"><![CDATA[WebDriverError: No active session with ID 9808d853769486222280a56c3119a319
    at Object.checkLegacyResponse (C:\Users\vijay\AppData\Roaming\npm\node_modules\protractor\node_modules\selenium-webdriver\lib\error.js:546:15)
    at parseHttpResponse (C:\Users\vijay\AppData\Roaming\npm\node_modules\protractor\node_modules\selenium-webdriver\lib\http.js:509:13)
    at C:\Users\vijay\AppData\Roaming\npm\node_modules\protractor\node_modules\selenium-webdriver\lib\http.js:441:30
    at processTicksAndRejections (internal/process/task_queues.js:89:5)
From: Task: WebDriver.takeScreenshot()
    at thenableWebDriverProxy.schedule (C:\Users\vijay\AppData\Roaming\npm\node_modules\protractor\node_modules\selenium-webdriver\lib\webdriver.js:807:17)
    at thenableWebDriverProxy.takeScreenshot (C:\Users\vijay\AppData\Roaming\npm\node_modules\protractor\node_modules\selenium-webdriver\lib\webdriver.js:1085:17)
    at run (C:\Users\vijay\AppData\Roaming\npm\node_modules\protractor\built\browser.js:59:33)
    at ProtractorBrowser.to.<computed> [as takeScreenshot] (C:\Users\vijay\AppData\Roaming\npm\node_modules\protractor\built\browser.js:67:16)
    at H:\Jasmine\ConfigModule\config.js:82:29
    at ManagedPromise.invokeCallback_ (C:\Users\vijay\AppData\Roaming\npm\node_modules\protractor\node_modules\selenium-webdriver\lib\promise.js:1376:14)
    at TaskQueue.execute_ (C:\Users\vijay\AppData\Roaming\npm\node_modules\protractor\node_modules\selenium-webdriver\lib\promise.js:3084:14)
    at TaskQueue.executeNext_ (C:\Users\vijay\AppData\Roaming\npm\node_modules\protractor\node_modules\selenium-webdriver\lib\promise.js:3067:27)
    at C:\Users\vijay\AppData\Roaming\npm\node_modules\protractor\node_modules\selenium-webdriver\lib\promise.js:2927:27
    at C:\Users\vijay\AppData\Roaming\npm\node_modules\protractor\node_modules\selenium-webdriver\lib\promise.js:668:7
    at processTicksAndRejections (internal/process/task_queues.js:89:5)]]>
   </failure>
  </testcase>
  <testcase classname="Code for company number formate  under config" name="click on Holidays" time="0.006">
   <failure type="exception" message="WebDriverError: No active session with ID 9808d853769486222280a56c3119a319"><![CDATA[WebDriverError: No active session with ID 9808d853769486222280a56c3119a319
    at Object.checkLegacyResponse (C:\Users\vijay\AppData\Roaming\npm\node_modules\protractor\node_modules\selenium-webdriver\lib\error.js:546:15)
    at parseHttpResponse (C:\Users\vijay\AppData\Roaming\npm\node_modules\protractor\node_modules\selenium-webdriver\lib\http.js:509:13)
    at C:\Users\vijay\AppData\Roaming\npm\node_modules\protractor\node_modules\selenium-webdriver\lib\http.js:441:30
    at processTicksAndRejections (internal/process/task_queues.js:89:5)
From: Task: WebDriver.takeScreenshot()
    at thenableWebDriverProxy.schedule (C:\Users\vijay\AppData\Roaming\npm\node_modules\protractor\node_modules\selenium-webdriver\lib\webdriver.js:807:17)
    at thenableWebDriverProxy.takeScreenshot (C:\Users\vijay\AppData\Roaming\npm\node_modules\protractor\node_modules\selenium-webdriver\lib\webdriver.js:1085:17)
    at run (C:\Users\vijay\AppData\Roaming\npm\node_modules\protractor\built\browser.js:59:33)
    at ProtractorBrowser.to.<computed> [as takeScreenshot] (C:\Users\vijay\AppData\Roaming\npm\node_modules\protractor\built\browser.js:67:16)
    at H:\Jasmine\ConfigModule\config.js:82:29
    at ManagedPromise.invokeCallback_ (C:\Users\vijay\AppData\Roaming\npm\node_modules\protractor\node_modules\selenium-webdriver\lib\promise.js:1376:14)
    at TaskQueue.execute_ (C:\Users\vijay\AppData\Roaming\npm\node_modules\protractor\node_modules\selenium-webdriver\lib\promise.js:3084:14)
    at TaskQueue.executeNext_ (C:\Users\vijay\AppData\Roaming\npm\node_modules\protractor\node_modules\selenium-webdriver\lib\promise.js:3067:27)
    at C:\Users\vijay\AppData\Roaming\npm\node_modules\protractor\node_modules\selenium-webdriver\lib\promise.js:2927:27
    at C:\Users\vijay\AppData\Roaming\npm\node_modules\protractor\node_modules\selenium-webdriver\lib\promise.js:668:7
    at processTicksAndRejections (internal/process/task_queues.js:89:5)]]>
   </failure>
  </testcase>
  <testcase classname="Code for company number formate  under config" name="click on view Menu List" time="0.014">
   <failure type="exception" message="WebDriverError: No active session with ID 9808d853769486222280a56c3119a319"><![CDATA[WebDriverError: No active session with ID 9808d853769486222280a56c3119a319
    at Object.checkLegacyResponse (C:\Users\vijay\AppData\Roaming\npm\node_modules\protractor\node_modules\selenium-webdriver\lib\error.js:546:15)
    at parseHttpResponse (C:\Users\vijay\AppData\Roaming\npm\node_modules\protractor\node_modules\selenium-webdriver\lib\http.js:509:13)
    at C:\Users\vijay\AppData\Roaming\npm\node_modules\protractor\node_modules\selenium-webdriver\lib\http.js:441:30
    at processTicksAndRejections (internal/process/task_queues.js:89:5)
From: Task: WebDriver.takeScreenshot()
    at thenableWebDriverProxy.schedule (C:\Users\vijay\AppData\Roaming\npm\node_modules\protractor\node_modules\selenium-webdriver\lib\webdriver.js:807:17)
    at thenableWebDriverProxy.takeScreenshot (C:\Users\vijay\AppData\Roaming\npm\node_modules\protractor\node_modules\selenium-webdriver\lib\webdriver.js:1085:17)
    at run (C:\Users\vijay\AppData\Roaming\npm\node_modules\protractor\built\browser.js:59:33)
    at ProtractorBrowser.to.<computed> [as takeScreenshot] (C:\Users\vijay\AppData\Roaming\npm\node_modules\protractor\built\browser.js:67:16)
    at H:\Jasmine\ConfigModule\config.js:82:29
    at ManagedPromise.invokeCallback_ (C:\Users\vijay\AppData\Roaming\npm\node_modules\protractor\node_modules\selenium-webdriver\lib\promise.js:1376:14)
    at TaskQueue.execute_ (C:\Users\vijay\AppData\Roaming\npm\node_modules\protractor\node_modules\selenium-webdriver\lib\promise.js:3084:14)
    at TaskQueue.executeNext_ (C:\Users\vijay\AppData\Roaming\npm\node_modules\protractor\node_modules\selenium-webdriver\lib\promise.js:3067:27)
    at C:\Users\vijay\AppData\Roaming\npm\node_modules\protractor\node_modules\selenium-webdriver\lib\promise.js:2927:27
    at C:\Users\vijay\AppData\Roaming\npm\node_modules\protractor\node_modules\selenium-webdriver\lib\promise.js:668:7
    at processTicksAndRejections (internal/process/task_queues.js:89:5)]]>
   </failure>
  </testcase>
  <testcase classname="Code for company number formate  under config" name="click on viewholiday " time="0.009">
   <failure type="exception" message="WebDriverError: No active session with ID 9808d853769486222280a56c3119a319"><![CDATA[WebDriverError: No active session with ID 9808d853769486222280a56c3119a319
    at Object.checkLegacyResponse (C:\Users\vijay\AppData\Roaming\npm\node_modules\protractor\node_modules\selenium-webdriver\lib\error.js:546:15)
    at parseHttpResponse (C:\Users\vijay\AppData\Roaming\npm\node_modules\protractor\node_modules\selenium-webdriver\lib\http.js:509:13)
    at C:\Users\vijay\AppData\Roaming\npm\node_modules\protractor\node_modules\selenium-webdriver\lib\http.js:441:30
    at processTicksAndRejections (internal/process/task_queues.js:89:5)
From: Task: WebDriver.takeScreenshot()
    at thenableWebDriverProxy.schedule (C:\Users\vijay\AppData\Roaming\npm\node_modules\protractor\node_modules\selenium-webdriver\lib\webdriver.js:807:17)
    at thenableWebDriverProxy.takeScreenshot (C:\Users\vijay\AppData\Roaming\npm\node_modules\protractor\node_modules\selenium-webdriver\lib\webdriver.js:1085:17)
    at run (C:\Users\vijay\AppData\Roaming\npm\node_modules\protractor\built\browser.js:59:33)
    at ProtractorBrowser.to.<computed> [as takeScreenshot] (C:\Users\vijay\AppData\Roaming\npm\node_modules\protractor\built\browser.js:67:16)
    at H:\Jasmine\ConfigModule\config.js:82:29
    at ManagedPromise.invokeCallback_ (C:\Users\vijay\AppData\Roaming\npm\node_modules\protractor\node_modules\selenium-webdriver\lib\promise.js:1376:14)
    at TaskQueue.execute_ (C:\Users\vijay\AppData\Roaming\npm\node_modules\protractor\node_modules\selenium-webdriver\lib\promise.js:3084:14)
    at TaskQueue.executeNext_ (C:\Users\vijay\AppData\Roaming\npm\node_modules\protractor\node_modules\selenium-webdriver\lib\promise.js:3067:27)
    at C:\Users\vijay\AppData\Roaming\npm\node_modules\protractor\node_modules\selenium-webdriver\lib\promise.js:2927:27
    at C:\Users\vijay\AppData\Roaming\npm\node_modules\protractor\node_modules\selenium-webdriver\lib\promise.js:668:7
    at processTicksAndRejections (internal/process/task_queues.js:89:5)]]>
   </failure>
  </testcase>
  <testcase classname="Code for company number formate  under config" name="click on clickclose " time="0.007">
   <failure type="exception" message="WebDriverError: No active session with ID 9808d853769486222280a56c3119a319"><![CDATA[WebDriverError: No active session with ID 9808d853769486222280a56c3119a319
    at Object.checkLegacyResponse (C:\Users\vijay\AppData\Roaming\npm\node_modules\protractor\node_modules\selenium-webdriver\lib\error.js:546:15)
    at parseHttpResponse (C:\Users\vijay\AppData\Roaming\npm\node_modules\protractor\node_modules\selenium-webdriver\lib\http.js:509:13)
    at C:\Users\vijay\AppData\Roaming\npm\node_modules\protractor\node_modules\selenium-webdriver\lib\http.js:441:30
    at processTicksAndRejections (internal/process/task_queues.js:89:5)
From: Task: WebDriver.takeScreenshot()
    at thenableWebDriverProxy.schedule (C:\Users\vijay\AppData\Roaming\npm\node_modules\protractor\node_modules\selenium-webdriver\lib\webdriver.js:807:17)
    at thenableWebDriverProxy.takeScreenshot (C:\Users\vijay\AppData\Roaming\npm\node_modules\protractor\node_modules\selenium-webdriver\lib\webdriver.js:1085:17)
    at run (C:\Users\vijay\AppData\Roaming\npm\node_modules\protractor\built\browser.js:59:33)
    at ProtractorBrowser.to.<computed> [as takeScreenshot] (C:\Users\vijay\AppData\Roaming\npm\node_modules\protractor\built\browser.js:67:16)
    at H:\Jasmine\ConfigModule\config.js:82:29
    at ManagedPromise.invokeCallback_ (C:\Users\vijay\AppData\Roaming\npm\node_modules\protractor\node_modules\selenium-webdriver\lib\promise.js:1376:14)
    at TaskQueue.execute_ (C:\Users\vijay\AppData\Roaming\npm\node_modules\protractor\node_modules\selenium-webdriver\lib\promise.js:3084:14)
    at TaskQueue.executeNext_ (C:\Users\vijay\AppData\Roaming\npm\node_modules\protractor\node_modules\selenium-webdriver\lib\promise.js:3067:27)
    at C:\Users\vijay\AppData\Roaming\npm\node_modules\protractor\node_modules\selenium-webdriver\lib\promise.js:2927:27
    at C:\Users\vijay\AppData\Roaming\npm\node_modules\protractor\node_modules\selenium-webdriver\lib\promise.js:668:7
    at processTicksAndRejections (internal/process/task_queues.js:89:5)]]>
   </failure>
  </testcase>
  <testcase classname="Code for company number formate  under config" name="click on viewmenulist " time="0.019">
   <failure type="exception" message="WebDriverError: No active session with ID 9808d853769486222280a56c3119a319"><![CDATA[WebDriverError: No active session with ID 9808d853769486222280a56c3119a319
    at Object.checkLegacyResponse (C:\Users\vijay\AppData\Roaming\npm\node_modules\protractor\node_modules\selenium-webdriver\lib\error.js:546:15)
    at parseHttpResponse (C:\Users\vijay\AppData\Roaming\npm\node_modules\protractor\node_modules\selenium-webdriver\lib\http.js:509:13)
    at C:\Users\vijay\AppData\Roaming\npm\node_modules\protractor\node_modules\selenium-webdriver\lib\http.js:441:30
    at processTicksAndRejections (internal/process/task_queues.js:89:5)
From: Task: WebDriver.takeScreenshot()
    at thenableWebDriverProxy.schedule (C:\Users\vijay\AppData\Roaming\npm\node_modules\protractor\node_modules\selenium-webdriver\lib\webdriver.js:807:17)
    at thenableWebDriverProxy.takeScreenshot (C:\Users\vijay\AppData\Roaming\npm\node_modules\protractor\node_modules\selenium-webdriver\lib\webdriver.js:1085:17)
    at run (C:\Users\vijay\AppData\Roaming\npm\node_modules\protractor\built\browser.js:59:33)
    at ProtractorBrowser.to.<computed> [as takeScreenshot] (C:\Users\vijay\AppData\Roaming\npm\node_modules\protractor\built\browser.js:67:16)
    at H:\Jasmine\ConfigModule\config.js:82:29
    at ManagedPromise.invokeCallback_ (C:\Users\vijay\AppData\Roaming\npm\node_modules\protractor\node_modules\selenium-webdriver\lib\promise.js:1376:14)
    at TaskQueue.execute_ (C:\Users\vijay\AppData\Roaming\npm\node_modules\protractor\node_modules\selenium-webdriver\lib\promise.js:3084:14)
    at TaskQueue.executeNext_ (C:\Users\vijay\AppData\Roaming\npm\node_modules\protractor\node_modules\selenium-webdriver\lib\promise.js:3067:27)
    at C:\Users\vijay\AppData\Roaming\npm\node_modules\protractor\node_modules\selenium-webdriver\lib\promise.js:2927:27
    at C:\Users\vijay\AppData\Roaming\npm\node_modules\protractor\node_modules\selenium-webdriver\lib\promise.js:668:7
    at processTicksAndRejections (internal/process/task_queues.js:89:5)]]>
   </failure>
  </testcase>
  <testcase classname="Code for company number formate  under config" name="click for Editholiday " time="0.008">
   <failure type="exception" message="WebDriverError: No active session with ID 9808d853769486222280a56c3119a319"><![CDATA[WebDriverError: No active session with ID 9808d853769486222280a56c3119a319
    at Object.checkLegacyResponse (C:\Users\vijay\AppData\Roaming\npm\node_modules\protractor\node_modules\selenium-webdriver\lib\error.js:546:15)
    at parseHttpResponse (C:\Users\vijay\AppData\Roaming\npm\node_modules\protractor\node_modules\selenium-webdriver\lib\http.js:509:13)
    at C:\Users\vijay\AppData\Roaming\npm\node_modules\protractor\node_modules\selenium-webdriver\lib\http.js:441:30
    at processTicksAndRejections (internal/process/task_queues.js:89:5)
From: Task: WebDriver.takeScreenshot()
    at thenableWebDriverProxy.schedule (C:\Users\vijay\AppData\Roaming\npm\node_modules\protractor\node_modules\selenium-webdriver\lib\webdriver.js:807:17)
    at thenableWebDriverProxy.takeScreenshot (C:\Users\vijay\AppData\Roaming\npm\node_modules\protractor\node_modules\selenium-webdriver\lib\webdriver.js:1085:17)
    at run (C:\Users\vijay\AppData\Roaming\npm\node_modules\protractor\built\browser.js:59:33)
    at ProtractorBrowser.to.<computed> [as takeScreenshot] (C:\Users\vijay\AppData\Roaming\npm\node_modules\protractor\built\browser.js:67:16)
    at H:\Jasmine\ConfigModule\config.js:82:29
    at ManagedPromise.invokeCallback_ (C:\Users\vijay\AppData\Roaming\npm\node_modules\protractor\node_modules\selenium-webdriver\lib\promise.js:1376:14)
    at TaskQueue.execute_ (C:\Users\vijay\AppData\Roaming\npm\node_modules\protractor\node_modules\selenium-webdriver\lib\promise.js:3084:14)
    at TaskQueue.executeNext_ (C:\Users\vijay\AppData\Roaming\npm\node_modules\protractor\node_modules\selenium-webdriver\lib\promise.js:3067:27)
    at C:\Users\vijay\AppData\Roaming\npm\node_modules\protractor\node_modules\selenium-webdriver\lib\promise.js:2927:27
    at C:\Users\vijay\AppData\Roaming\npm\node_modules\protractor\node_modules\selenium-webdriver\lib\promise.js:668:7
    at processTicksAndRejections (internal/process/task_queues.js:89:5)]]>
   </failure>
  </testcase>
  <testcase classname="Code for company number formate  under config" name="click for Editholidayname " time="0.008">
   <failure type="exception" message="WebDriverError: No active session with ID 9808d853769486222280a56c3119a319"><![CDATA[WebDriverError: No active session with ID 9808d853769486222280a56c3119a319
    at Object.checkLegacyResponse (C:\Users\vijay\AppData\Roaming\npm\node_modules\protractor\node_modules\selenium-webdriver\lib\error.js:546:15)
    at parseHttpResponse (C:\Users\vijay\AppData\Roaming\npm\node_modules\protractor\node_modules\selenium-webdriver\lib\http.js:509:13)
    at C:\Users\vijay\AppData\Roaming\npm\node_modules\protractor\node_modules\selenium-webdriver\lib\http.js:441:30
    at processTicksAndRejections (internal/process/task_queues.js:89:5)
From: Task: WebDriver.takeScreenshot()
    at thenableWebDriverProxy.schedule (C:\Users\vijay\AppData\Roaming\npm\node_modules\protractor\node_modules\selenium-webdriver\lib\webdriver.js:807:17)
    at thenableWebDriverProxy.takeScreenshot (C:\Users\vijay\AppData\Roaming\npm\node_modules\protractor\node_modules\selenium-webdriver\lib\webdriver.js:1085:17)
    at run (C:\Users\vijay\AppData\Roaming\npm\node_modules\protractor\built\browser.js:59:33)
    at ProtractorBrowser.to.<computed> [as takeScreenshot] (C:\Users\vijay\AppData\Roaming\npm\node_modules\protractor\built\browser.js:67:16)
    at H:\Jasmine\ConfigModule\config.js:82:29
    at ManagedPromise.invokeCallback_ (C:\Users\vijay\AppData\Roaming\npm\node_modules\protractor\node_modules\selenium-webdriver\lib\promise.js:1376:14)
    at TaskQueue.execute_ (C:\Users\vijay\AppData\Roaming\npm\node_modules\protractor\node_modules\selenium-webdriver\lib\promise.js:3084:14)
    at TaskQueue.executeNext_ (C:\Users\vijay\AppData\Roaming\npm\node_modules\protractor\node_modules\selenium-webdriver\lib\promise.js:3067:27)
    at C:\Users\vijay\AppData\Roaming\npm\node_modules\protractor\node_modules\selenium-webdriver\lib\promise.js:2927:27
    at C:\Users\vijay\AppData\Roaming\npm\node_modules\protractor\node_modules\selenium-webdriver\lib\promise.js:668:7
    at processTicksAndRejections (internal/process/task_queues.js:89:5)]]>
   </failure>
  </testcase>
  <testcase classname="Code for company number formate  under config" name="Enter the Holiday Date" time="0.007">
   <failure type="exception" message="WebDriverError: No active session with ID 9808d853769486222280a56c3119a319"><![CDATA[WebDriverError: No active session with ID 9808d853769486222280a56c3119a319
    at Object.checkLegacyResponse (C:\Users\vijay\AppData\Roaming\npm\node_modules\protractor\node_modules\selenium-webdriver\lib\error.js:546:15)
    at parseHttpResponse (C:\Users\vijay\AppData\Roaming\npm\node_modules\protractor\node_modules\selenium-webdriver\lib\http.js:509:13)
    at C:\Users\vijay\AppData\Roaming\npm\node_modules\protractor\node_modules\selenium-webdriver\lib\http.js:441:30
    at processTicksAndRejections (internal/process/task_queues.js:89:5)
From: Task: WebDriver.takeScreenshot()
    at thenableWebDriverProxy.schedule (C:\Users\vijay\AppData\Roaming\npm\node_modules\protractor\node_modules\selenium-webdriver\lib\webdriver.js:807:17)
    at thenableWebDriverProxy.takeScreenshot (C:\Users\vijay\AppData\Roaming\npm\node_modules\protractor\node_modules\selenium-webdriver\lib\webdriver.js:1085:17)
    at run (C:\Users\vijay\AppData\Roaming\npm\node_modules\protractor\built\browser.js:59:33)
    at ProtractorBrowser.to.<computed> [as takeScreenshot] (C:\Users\vijay\AppData\Roaming\npm\node_modules\protractor\built\browser.js:67:16)
    at H:\Jasmine\ConfigModule\config.js:82:29
    at ManagedPromise.invokeCallback_ (C:\Users\vijay\AppData\Roaming\npm\node_modules\protractor\node_modules\selenium-webdriver\lib\promise.js:1376:14)
    at TaskQueue.execute_ (C:\Users\vijay\AppData\Roaming\npm\node_modules\protractor\node_modules\selenium-webdriver\lib\promise.js:3084:14)
    at TaskQueue.executeNext_ (C:\Users\vijay\AppData\Roaming\npm\node_modules\protractor\node_modules\selenium-webdriver\lib\promise.js:3067:27)
    at C:\Users\vijay\AppData\Roaming\npm\node_modules\protractor\node_modules\selenium-webdriver\lib\promise.js:2927:27
    at C:\Users\vijay\AppData\Roaming\npm\node_modules\protractor\node_modules\selenium-webdriver\lib\promise.js:668:7
    at processTicksAndRejections (internal/process/task_queues.js:89:5)]]>
   </failure>
  </testcase>
  <testcase classname="Code for company number formate  under config" name="Select the Holiday Full/Half" time="0.009">
   <failure type="exception" message="WebDriverError: No active session with ID 9808d853769486222280a56c3119a319"><![CDATA[WebDriverError: No active session with ID 9808d853769486222280a56c3119a319
    at Object.checkLegacyResponse (C:\Users\vijay\AppData\Roaming\npm\node_modules\protractor\node_modules\selenium-webdriver\lib\error.js:546:15)
    at parseHttpResponse (C:\Users\vijay\AppData\Roaming\npm\node_modules\protractor\node_modules\selenium-webdriver\lib\http.js:509:13)
    at C:\Users\vijay\AppData\Roaming\npm\node_modules\protractor\node_modules\selenium-webdriver\lib\http.js:441:30
    at processTicksAndRejections (internal/process/task_queues.js:89:5)
From: Task: WebDriver.takeScreenshot()
    at thenableWebDriverProxy.schedule (C:\Users\vijay\AppData\Roaming\npm\node_modules\protractor\node_modules\selenium-webdriver\lib\webdriver.js:807:17)
    at thenableWebDriverProxy.takeScreenshot (C:\Users\vijay\AppData\Roaming\npm\node_modules\protractor\node_modules\selenium-webdriver\lib\webdriver.js:1085:17)
    at run (C:\Users\vijay\AppData\Roaming\npm\node_modules\protractor\built\browser.js:59:33)
    at ProtractorBrowser.to.<computed> [as takeScreenshot] (C:\Users\vijay\AppData\Roaming\npm\node_modules\protractor\built\browser.js:67:16)
    at H:\Jasmine\ConfigModule\config.js:82:29
    at ManagedPromise.invokeCallback_ (C:\Users\vijay\AppData\Roaming\npm\node_modules\protractor\node_modules\selenium-webdriver\lib\promise.js:1376:14)
    at TaskQueue.execute_ (C:\Users\vijay\AppData\Roaming\npm\node_modules\protractor\node_modules\selenium-webdriver\lib\promise.js:3084:14)
    at TaskQueue.executeNext_ (C:\Users\vijay\AppData\Roaming\npm\node_modules\protractor\node_modules\selenium-webdriver\lib\promise.js:3067:27)
    at C:\Users\vijay\AppData\Roaming\npm\node_modules\protractor\node_modules\selenium-webdriver\lib\promise.js:2927:27
    at C:\Users\vijay\AppData\Roaming\npm\node_modules\protractor\node_modules\selenium-webdriver\lib\promise.js:668:7
    at processTicksAndRejections (internal/process/task_queues.js:89:5)]]>
   </failure>
  </testcase>
  <testcase classname="Code for company number formate  under config" name="Click For Checkbox" time="0.008">
   <failure type="exception" message="WebDriverError: No active session with ID 9808d853769486222280a56c3119a319"><![CDATA[WebDriverError: No active session with ID 9808d853769486222280a56c3119a319
    at Object.checkLegacyResponse (C:\Users\vijay\AppData\Roaming\npm\node_modules\protractor\node_modules\selenium-webdriver\lib\error.js:546:15)
    at parseHttpResponse (C:\Users\vijay\AppData\Roaming\npm\node_modules\protractor\node_modules\selenium-webdriver\lib\http.js:509:13)
    at C:\Users\vijay\AppData\Roaming\npm\node_modules\protractor\node_modules\selenium-webdriver\lib\http.js:441:30
    at processTicksAndRejections (internal/process/task_queues.js:89:5)
From: Task: WebDriver.takeScreenshot()
    at thenableWebDriverProxy.schedule (C:\Users\vijay\AppData\Roaming\npm\node_modules\protractor\node_modules\selenium-webdriver\lib\webdriver.js:807:17)
    at thenableWebDriverProxy.takeScreenshot (C:\Users\vijay\AppData\Roaming\npm\node_modules\protractor\node_modules\selenium-webdriver\lib\webdriver.js:1085:17)
    at run (C:\Users\vijay\AppData\Roaming\npm\node_modules\protractor\built\browser.js:59:33)
    at ProtractorBrowser.to.<computed> [as takeScreenshot] (C:\Users\vijay\AppData\Roaming\npm\node_modules\protractor\built\browser.js:67:16)
    at H:\Jasmine\ConfigModule\config.js:82:29
    at ManagedPromise.invokeCallback_ (C:\Users\vijay\AppData\Roaming\npm\node_modules\protractor\node_modules\selenium-webdriver\lib\promise.js:1376:14)
    at TaskQueue.execute_ (C:\Users\vijay\AppData\Roaming\npm\node_modules\protractor\node_modules\selenium-webdriver\lib\promise.js:3084:14)
    at TaskQueue.executeNext_ (C:\Users\vijay\AppData\Roaming\npm\node_modules\protractor\node_modules\selenium-webdriver\lib\promise.js:3067:27)
    at C:\Users\vijay\AppData\Roaming\npm\node_modules\protractor\node_modules\selenium-webdriver\lib\promise.js:2927:27
    at C:\Users\vijay\AppData\Roaming\npm\node_modules\protractor\node_modules\selenium-webdriver\lib\promise.js:668:7
    at processTicksAndRejections (internal/process/task_queues.js:89:5)]]>
   </failure>
  </testcase>
  <testcase classname="Code for company number formate  under config" name="click for updateHoliday " time="0.006">
   <failure type="exception" message="WebDriverError: No active session with ID 9808d853769486222280a56c3119a319"><![CDATA[WebDriverError: No active session with ID 9808d853769486222280a56c3119a319
    at Object.checkLegacyResponse (C:\Users\vijay\AppData\Roaming\npm\node_modules\protractor\node_modules\selenium-webdriver\lib\error.js:546:15)
    at parseHttpResponse (C:\Users\vijay\AppData\Roaming\npm\node_modules\protractor\node_modules\selenium-webdriver\lib\http.js:509:13)
    at C:\Users\vijay\AppData\Roaming\npm\node_modules\protractor\node_modules\selenium-webdriver\lib\http.js:441:30
    at processTicksAndRejections (internal/process/task_queues.js:89:5)
From: Task: WebDriver.takeScreenshot()
    at thenableWebDriverProxy.schedule (C:\Users\vijay\AppData\Roaming\npm\node_modules\protractor\node_modules\selenium-webdriver\lib\webdriver.js:807:17)
    at thenableWebDriverProxy.takeScreenshot (C:\Users\vijay\AppData\Roaming\npm\node_modules\protractor\node_modules\selenium-webdriver\lib\webdriver.js:1085:17)
    at run (C:\Users\vijay\AppData\Roaming\npm\node_modules\protractor\built\browser.js:59:33)
    at ProtractorBrowser.to.<computed> [as takeScreenshot] (C:\Users\vijay\AppData\Roaming\npm\node_modules\protractor\built\browser.js:67:16)
    at H:\Jasmine\ConfigModule\config.js:82:29
    at ManagedPromise.invokeCallback_ (C:\Users\vijay\AppData\Roaming\npm\node_modules\protractor\node_modules\selenium-webdriver\lib\promise.js:1376:14)
    at TaskQueue.execute_ (C:\Users\vijay\AppData\Roaming\npm\node_modules\protractor\node_modules\selenium-webdriver\lib\promise.js:3084:14)
    at TaskQueue.executeNext_ (C:\Users\vijay\AppData\Roaming\npm\node_modules\protractor\node_modules\selenium-webdriver\lib\promise.js:3067:27)
    at C:\Users\vijay\AppData\Roaming\npm\node_modules\protractor\node_modules\selenium-webdriver\lib\promise.js:2927:27
    at C:\Users\vijay\AppData\Roaming\npm\node_modules\protractor\node_modules\selenium-webdriver\lib\promise.js:668:7
    at processTicksAndRejections (internal/process/task_queues.js:89:5)]]>
   </failure>
  </testcase>
  <testcase classname="Code for company number formate  under config" name="For successfull message" time="0.009">
   <failure type="exception" message="WebDriverError: No active session with ID 9808d853769486222280a56c3119a319"><![CDATA[WebDriverError: No active session with ID 9808d853769486222280a56c3119a319
    at Object.checkLegacyResponse (C:\Users\vijay\AppData\Roaming\npm\node_modules\protractor\node_modules\selenium-webdriver\lib\error.js:546:15)
    at parseHttpResponse (C:\Users\vijay\AppData\Roaming\npm\node_modules\protractor\node_modules\selenium-webdriver\lib\http.js:509:13)
    at C:\Users\vijay\AppData\Roaming\npm\node_modules\protractor\node_modules\selenium-webdriver\lib\http.js:441:30
    at processTicksAndRejections (internal/process/task_queues.js:89:5)
From: Task: WebDriver.takeScreenshot()
    at thenableWebDriverProxy.schedule (C:\Users\vijay\AppData\Roaming\npm\node_modules\protractor\node_modules\selenium-webdriver\lib\webdriver.js:807:17)
    at thenableWebDriverProxy.takeScreenshot (C:\Users\vijay\AppData\Roaming\npm\node_modules\protractor\node_modules\selenium-webdriver\lib\webdriver.js:1085:17)
    at run (C:\Users\vijay\AppData\Roaming\npm\node_modules\protractor\built\browser.js:59:33)
    at ProtractorBrowser.to.<computed> [as takeScreenshot] (C:\Users\vijay\AppData\Roaming\npm\node_modules\protractor\built\browser.js:67:16)
    at H:\Jasmine\ConfigModule\config.js:82:29
    at ManagedPromise.invokeCallback_ (C:\Users\vijay\AppData\Roaming\npm\node_modules\protractor\node_modules\selenium-webdriver\lib\promise.js:1376:14)
    at TaskQueue.execute_ (C:\Users\vijay\AppData\Roaming\npm\node_modules\protractor\node_modules\selenium-webdriver\lib\promise.js:3084:14)
    at TaskQueue.executeNext_ (C:\Users\vijay\AppData\Roaming\npm\node_modules\protractor\node_modules\selenium-webdriver\lib\promise.js:3067:27)
    at C:\Users\vijay\AppData\Roaming\npm\node_modules\protractor\node_modules\selenium-webdriver\lib\promise.js:2927:27
    at C:\Users\vijay\AppData\Roaming\npm\node_modules\protractor\node_modules\selenium-webdriver\lib\promise.js:668:7
    at processTicksAndRejections (internal/process/task_queues.js:89:5)]]>
   </failure>
  </testcase>
  <testcase classname="Code for company number formate  under config" name="click for View All Holidays" time="0.007">
   <failure type="exception" message="WebDriverError: No active session with ID 9808d853769486222280a56c3119a319"><![CDATA[WebDriverError: No active session with ID 9808d853769486222280a56c3119a319
    at Object.checkLegacyResponse (C:\Users\vijay\AppData\Roaming\npm\node_modules\protractor\node_modules\selenium-webdriver\lib\error.js:546:15)
    at parseHttpResponse (C:\Users\vijay\AppData\Roaming\npm\node_modules\protractor\node_modules\selenium-webdriver\lib\http.js:509:13)
    at C:\Users\vijay\AppData\Roaming\npm\node_modules\protractor\node_modules\selenium-webdriver\lib\http.js:441:30
    at processTicksAndRejections (internal/process/task_queues.js:89:5)
From: Task: WebDriver.takeScreenshot()
    at thenableWebDriverProxy.schedule (C:\Users\vijay\AppData\Roaming\npm\node_modules\protractor\node_modules\selenium-webdriver\lib\webdriver.js:807:17)
    at thenableWebDriverProxy.takeScreenshot (C:\Users\vijay\AppData\Roaming\npm\node_modules\protractor\node_modules\selenium-webdriver\lib\webdriver.js:1085:17)
    at run (C:\Users\vijay\AppData\Roaming\npm\node_modules\protractor\built\browser.js:59:33)
    at ProtractorBrowser.to.<computed> [as takeScreenshot] (C:\Users\vijay\AppData\Roaming\npm\node_modules\protractor\built\browser.js:67:16)
    at H:\Jasmine\ConfigModule\config.js:82:29
    at ManagedPromise.invokeCallback_ (C:\Users\vijay\AppData\Roaming\npm\node_modules\protractor\node_modules\selenium-webdriver\lib\promise.js:1376:14)
    at TaskQueue.execute_ (C:\Users\vijay\AppData\Roaming\npm\node_modules\protractor\node_modules\selenium-webdriver\lib\promise.js:3084:14)
    at TaskQueue.executeNext_ (C:\Users\vijay\AppData\Roaming\npm\node_modules\protractor\node_modules\selenium-webdriver\lib\promise.js:3067:27)
    at C:\Users\vijay\AppData\Roaming\npm\node_modules\protractor\node_modules\selenium-webdriver\lib\promise.js:2927:27
    at C:\Users\vijay\AppData\Roaming\npm\node_modules\protractor\node_modules\selenium-webdriver\lib\promise.js:668:7
    at processTicksAndRejections (internal/process/task_queues.js:89:5)]]>
   </failure>
  </testcase>
 </testsuite>
 <testsuite name="Code for company number formate  under config" timestamp="2019-11-08T13:23:28" hostname="localhost" time="0.228" errors="0" tests="23" skipped="0" disabled="0" failures="23">
  <testcase classname="Code for company number formate  under config" name="open the browser" time="0.01">
   <failure type="exception" message="WebDriverError: No active session with ID 9808d853769486222280a56c3119a319"><![CDATA[WebDriverError: No active session with ID 9808d853769486222280a56c3119a319
    at Object.checkLegacyResponse (C:\Users\vijay\AppData\Roaming\npm\node_modules\protractor\node_modules\selenium-webdriver\lib\error.js:546:15)
    at parseHttpResponse (C:\Users\vijay\AppData\Roaming\npm\node_modules\protractor\node_modules\selenium-webdriver\lib\http.js:509:13)
    at C:\Users\vijay\AppData\Roaming\npm\node_modules\protractor\node_modules\selenium-webdriver\lib\http.js:441:30
    at processTicksAndRejections (internal/process/task_queues.js:89:5)
From: Task: WebDriver.takeScreenshot()
    at thenableWebDriverProxy.schedule (C:\Users\vijay\AppData\Roaming\npm\node_modules\protractor\node_modules\selenium-webdriver\lib\webdriver.js:807:17)
    at thenableWebDriverProxy.takeScreenshot (C:\Users\vijay\AppData\Roaming\npm\node_modules\protractor\node_modules\selenium-webdriver\lib\webdriver.js:1085:17)
    at run (C:\Users\vijay\AppData\Roaming\npm\node_modules\protractor\built\browser.js:59:33)
    at ProtractorBrowser.to.<computed> [as takeScreenshot] (C:\Users\vijay\AppData\Roaming\npm\node_modules\protractor\built\browser.js:67:16)
    at H:\Jasmine\ConfigModule\config.js:82:29
    at ManagedPromise.invokeCallback_ (C:\Users\vijay\AppData\Roaming\npm\node_modules\protractor\node_modules\selenium-webdriver\lib\promise.js:1376:14)
    at TaskQueue.execute_ (C:\Users\vijay\AppData\Roaming\npm\node_modules\protractor\node_modules\selenium-webdriver\lib\promise.js:3084:14)
    at TaskQueue.executeNext_ (C:\Users\vijay\AppData\Roaming\npm\node_modules\protractor\node_modules\selenium-webdriver\lib\promise.js:3067:27)
    at C:\Users\vijay\AppData\Roaming\npm\node_modules\protractor\node_modules\selenium-webdriver\lib\promise.js:2927:27
    at C:\Users\vijay\AppData\Roaming\npm\node_modules\protractor\node_modules\selenium-webdriver\lib\promise.js:668:7
    at processTicksAndRejections (internal/process/task_queues.js:89:5)]]>
   </failure>
  </testcase>
  <testcase classname="Code for company number formate  under config" name="Enter the username" time="0.009">
   <failure type="exception" message="WebDriverError: No active session with ID 9808d853769486222280a56c3119a319"><![CDATA[WebDriverError: No active session with ID 9808d853769486222280a56c3119a319
    at Object.checkLegacyResponse (C:\Users\vijay\AppData\Roaming\npm\node_modules\protractor\node_modules\selenium-webdriver\lib\error.js:546:15)
    at parseHttpResponse (C:\Users\vijay\AppData\Roaming\npm\node_modules\protractor\node_modules\selenium-webdriver\lib\http.js:509:13)
    at C:\Users\vijay\AppData\Roaming\npm\node_modules\protractor\node_modules\selenium-webdriver\lib\http.js:441:30
    at processTicksAndRejections (internal/process/task_queues.js:89:5)
From: Task: WebDriver.takeScreenshot()
    at thenableWebDriverProxy.schedule (C:\Users\vijay\AppData\Roaming\npm\node_modules\protractor\node_modules\selenium-webdriver\lib\webdriver.js:807:17)
    at thenableWebDriverProxy.takeScreenshot (C:\Users\vijay\AppData\Roaming\npm\node_modules\protractor\node_modules\selenium-webdriver\lib\webdriver.js:1085:17)
    at run (C:\Users\vijay\AppData\Roaming\npm\node_modules\protractor\built\browser.js:59:33)
    at ProtractorBrowser.to.<computed> [as takeScreenshot] (C:\Users\vijay\AppData\Roaming\npm\node_modules\protractor\built\browser.js:67:16)
    at H:\Jasmine\ConfigModule\config.js:82:29
    at ManagedPromise.invokeCallback_ (C:\Users\vijay\AppData\Roaming\npm\node_modules\protractor\node_modules\selenium-webdriver\lib\promise.js:1376:14)
    at TaskQueue.execute_ (C:\Users\vijay\AppData\Roaming\npm\node_modules\protractor\node_modules\selenium-webdriver\lib\promise.js:3084:14)
    at TaskQueue.executeNext_ (C:\Users\vijay\AppData\Roaming\npm\node_modules\protractor\node_modules\selenium-webdriver\lib\promise.js:3067:27)
    at C:\Users\vijay\AppData\Roaming\npm\node_modules\protractor\node_modules\selenium-webdriver\lib\promise.js:2927:27
    at C:\Users\vijay\AppData\Roaming\npm\node_modules\protractor\node_modules\selenium-webdriver\lib\promise.js:668:7
    at processTicksAndRejections (internal/process/task_queues.js:89:5)]]>
   </failure>
  </testcase>
  <testcase classname="Code for company number formate  under config" name="Enter the password" time="0.009">
   <failure type="exception" message="WebDriverError: No active session with ID 9808d853769486222280a56c3119a319"><![CDATA[WebDriverError: No active session with ID 9808d853769486222280a56c3119a319
    at Object.checkLegacyResponse (C:\Users\vijay\AppData\Roaming\npm\node_modules\protractor\node_modules\selenium-webdriver\lib\error.js:546:15)
    at parseHttpResponse (C:\Users\vijay\AppData\Roaming\npm\node_modules\protractor\node_modules\selenium-webdriver\lib\http.js:509:13)
    at C:\Users\vijay\AppData\Roaming\npm\node_modules\protractor\node_modules\selenium-webdriver\lib\http.js:441:30
    at processTicksAndRejections (internal/process/task_queues.js:89:5)
From: Task: WebDriver.takeScreenshot()
    at thenableWebDriverProxy.schedule (C:\Users\vijay\AppData\Roaming\npm\node_modules\protractor\node_modules\selenium-webdriver\lib\webdriver.js:807:17)
    at thenableWebDriverProxy.takeScreenshot (C:\Users\vijay\AppData\Roaming\npm\node_modules\protractor\node_modules\selenium-webdriver\lib\webdriver.js:1085:17)
    at run (C:\Users\vijay\AppData\Roaming\npm\node_modules\protractor\built\browser.js:59:33)
    at ProtractorBrowser.to.<computed> [as takeScreenshot] (C:\Users\vijay\AppData\Roaming\npm\node_modules\protractor\built\browser.js:67:16)
    at H:\Jasmine\ConfigModule\config.js:82:29
    at ManagedPromise.invokeCallback_ (C:\Users\vijay\AppData\Roaming\npm\node_modules\protractor\node_modules\selenium-webdriver\lib\promise.js:1376:14)
    at TaskQueue.execute_ (C:\Users\vijay\AppData\Roaming\npm\node_modules\protractor\node_modules\selenium-webdriver\lib\promise.js:3084:14)
    at TaskQueue.executeNext_ (C:\Users\vijay\AppData\Roaming\npm\node_modules\protractor\node_modules\selenium-webdriver\lib\promise.js:3067:27)
    at C:\Users\vijay\AppData\Roaming\npm\node_modules\protractor\node_modules\selenium-webdriver\lib\promise.js:2927:27
    at C:\Users\vijay\AppData\Roaming\npm\node_modules\protractor\node_modules\selenium-webdriver\lib\promise.js:668:7
    at processTicksAndRejections (internal/process/task_queues.js:89:5)]]>
   </failure>
  </testcase>
  <testcase classname="Code for company number formate  under config" name="click on login button" time="0.008">
   <failure type="exception" message="WebDriverError: No active session with ID 9808d853769486222280a56c3119a319"><![CDATA[WebDriverError: No active session with ID 9808d853769486222280a56c3119a319
    at Object.checkLegacyResponse (C:\Users\vijay\AppData\Roaming\npm\node_modules\protractor\node_modules\selenium-webdriver\lib\error.js:546:15)
    at parseHttpResponse (C:\Users\vijay\AppData\Roaming\npm\node_modules\protractor\node_modules\selenium-webdriver\lib\http.js:509:13)
    at C:\Users\vijay\AppData\Roaming\npm\node_modules\protractor\node_modules\selenium-webdriver\lib\http.js:441:30
    at processTicksAndRejections (internal/process/task_queues.js:89:5)
From: Task: WebDriver.takeScreenshot()
    at thenableWebDriverProxy.schedule (C:\Users\vijay\AppData\Roaming\npm\node_modules\protractor\node_modules\selenium-webdriver\lib\webdriver.js:807:17)
    at thenableWebDriverProxy.takeScreenshot (C:\Users\vijay\AppData\Roaming\npm\node_modules\protractor\node_modules\selenium-webdriver\lib\webdriver.js:1085:17)
    at run (C:\Users\vijay\AppData\Roaming\npm\node_modules\protractor\built\browser.js:59:33)
    at ProtractorBrowser.to.<computed> [as takeScreenshot] (C:\Users\vijay\AppData\Roaming\npm\node_modules\protractor\built\browser.js:67:16)
    at H:\Jasmine\ConfigModule\config.js:82:29
    at ManagedPromise.invokeCallback_ (C:\Users\vijay\AppData\Roaming\npm\node_modules\protractor\node_modules\selenium-webdriver\lib\promise.js:1376:14)
    at TaskQueue.execute_ (C:\Users\vijay\AppData\Roaming\npm\node_modules\protractor\node_modules\selenium-webdriver\lib\promise.js:3084:14)
    at TaskQueue.executeNext_ (C:\Users\vijay\AppData\Roaming\npm\node_modules\protractor\node_modules\selenium-webdriver\lib\promise.js:3067:27)
    at C:\Users\vijay\AppData\Roaming\npm\node_modules\protractor\node_modules\selenium-webdriver\lib\promise.js:2927:27
    at C:\Users\vijay\AppData\Roaming\npm\node_modules\protractor\node_modules\selenium-webdriver\lib\promise.js:668:7
    at processTicksAndRejections (internal/process/task_queues.js:89:5)]]>
   </failure>
  </testcase>
  <testcase classname="Code for company number formate  under config" name="Mouse hover CRM icon" time="0.047">
   <failure type="exception" message="WebDriverError: No active session with ID 9808d853769486222280a56c3119a319"><![CDATA[WebDriverError: No active session with ID 9808d853769486222280a56c3119a319
    at Object.checkLegacyResponse (C:\Users\vijay\AppData\Roaming\npm\node_modules\protractor\node_modules\selenium-webdriver\lib\error.js:546:15)
    at parseHttpResponse (C:\Users\vijay\AppData\Roaming\npm\node_modules\protractor\node_modules\selenium-webdriver\lib\http.js:509:13)
    at C:\Users\vijay\AppData\Roaming\npm\node_modules\protractor\node_modules\selenium-webdriver\lib\http.js:441:30
    at processTicksAndRejections (internal/process/task_queues.js:89:5)
From: Task: WebDriver.takeScreenshot()
    at thenableWebDriverProxy.schedule (C:\Users\vijay\AppData\Roaming\npm\node_modules\protractor\node_modules\selenium-webdriver\lib\webdriver.js:807:17)
    at thenableWebDriverProxy.takeScreenshot (C:\Users\vijay\AppData\Roaming\npm\node_modules\protractor\node_modules\selenium-webdriver\lib\webdriver.js:1085:17)
    at run (C:\Users\vijay\AppData\Roaming\npm\node_modules\protractor\built\browser.js:59:33)
    at ProtractorBrowser.to.<computed> [as takeScreenshot] (C:\Users\vijay\AppData\Roaming\npm\node_modules\protractor\built\browser.js:67:16)
    at H:\Jasmine\ConfigModule\config.js:82:29
    at ManagedPromise.invokeCallback_ (C:\Users\vijay\AppData\Roaming\npm\node_modules\protractor\node_modules\selenium-webdriver\lib\promise.js:1376:14)
    at TaskQueue.execute_ (C:\Users\vijay\AppData\Roaming\npm\node_modules\protractor\node_modules\selenium-webdriver\lib\promise.js:3084:14)
    at TaskQueue.executeNext_ (C:\Users\vijay\AppData\Roaming\npm\node_modules\protractor\node_modules\selenium-webdriver\lib\promise.js:3067:27)
    at C:\Users\vijay\AppData\Roaming\npm\node_modules\protractor\node_modules\selenium-webdriver\lib\promise.js:2927:27
    at C:\Users\vijay\AppData\Roaming\npm\node_modules\protractor\node_modules\selenium-webdriver\lib\promise.js:668:7
    at processTicksAndRejections (internal/process/task_queues.js:89:5)]]>
   </failure>
  </testcase>
  <testcase classname="Code for company number formate  under config" name="click on Manage Branches" time="0.014">
   <failure type="exception" message="WebDriverError: No active session with ID 9808d853769486222280a56c3119a319"><![CDATA[WebDriverError: No active session with ID 9808d853769486222280a56c3119a319
    at Object.checkLegacyResponse (C:\Users\vijay\AppData\Roaming\npm\node_modules\protractor\node_modules\selenium-webdriver\lib\error.js:546:15)
    at parseHttpResponse (C:\Users\vijay\AppData\Roaming\npm\node_modules\protractor\node_modules\selenium-webdriver\lib\http.js:509:13)
    at C:\Users\vijay\AppData\Roaming\npm\node_modules\protractor\node_modules\selenium-webdriver\lib\http.js:441:30
    at processTicksAndRejections (internal/process/task_queues.js:89:5)
From: Task: WebDriver.takeScreenshot()
    at thenableWebDriverProxy.schedule (C:\Users\vijay\AppData\Roaming\npm\node_modules\protractor\node_modules\selenium-webdriver\lib\webdriver.js:807:17)
    at thenableWebDriverProxy.takeScreenshot (C:\Users\vijay\AppData\Roaming\npm\node_modules\protractor\node_modules\selenium-webdriver\lib\webdriver.js:1085:17)
    at run (C:\Users\vijay\AppData\Roaming\npm\node_modules\protractor\built\browser.js:59:33)
    at ProtractorBrowser.to.<computed> [as takeScreenshot] (C:\Users\vijay\AppData\Roaming\npm\node_modules\protractor\built\browser.js:67:16)
    at H:\Jasmine\ConfigModule\config.js:82:29
    at ManagedPromise.invokeCallback_ (C:\Users\vijay\AppData\Roaming\npm\node_modules\protractor\node_modules\selenium-webdriver\lib\promise.js:1376:14)
    at TaskQueue.execute_ (C:\Users\vijay\AppData\Roaming\npm\node_modules\protractor\node_modules\selenium-webdriver\lib\promise.js:3084:14)
    at TaskQueue.executeNext_ (C:\Users\vijay\AppData\Roaming\npm\node_modules\protractor\node_modules\selenium-webdriver\lib\promise.js:3067:27)
    at C:\Users\vijay\AppData\Roaming\npm\node_modules\protractor\node_modules\selenium-webdriver\lib\promise.js:2927:27
    at C:\Users\vijay\AppData\Roaming\npm\node_modules\protractor\node_modules\selenium-webdriver\lib\promise.js:668:7
    at processTicksAndRejections (internal/process/task_queues.js:89:5)]]>
   </failure>
  </testcase>
  <testcase classname="Code for company number formate  under config" name="click on add branch button" time="0.008">
   <failure type="exception" message="WebDriverError: No active session with ID 9808d853769486222280a56c3119a319"><![CDATA[WebDriverError: No active session with ID 9808d853769486222280a56c3119a319
    at Object.checkLegacyResponse (C:\Users\vijay\AppData\Roaming\npm\node_modules\protractor\node_modules\selenium-webdriver\lib\error.js:546:15)
    at parseHttpResponse (C:\Users\vijay\AppData\Roaming\npm\node_modules\protractor\node_modules\selenium-webdriver\lib\http.js:509:13)
    at C:\Users\vijay\AppData\Roaming\npm\node_modules\protractor\node_modules\selenium-webdriver\lib\http.js:441:30
    at processTicksAndRejections (internal/process/task_queues.js:89:5)
From: Task: WebDriver.takeScreenshot()
    at thenableWebDriverProxy.schedule (C:\Users\vijay\AppData\Roaming\npm\node_modules\protractor\node_modules\selenium-webdriver\lib\webdriver.js:807:17)
    at thenableWebDriverProxy.takeScreenshot (C:\Users\vijay\AppData\Roaming\npm\node_modules\protractor\node_modules\selenium-webdriver\lib\webdriver.js:1085:17)
    at run (C:\Users\vijay\AppData\Roaming\npm\node_modules\protractor\built\browser.js:59:33)
    at ProtractorBrowser.to.<computed> [as takeScreenshot] (C:\Users\vijay\AppData\Roaming\npm\node_modules\protractor\built\browser.js:67:16)
    at H:\Jasmine\ConfigModule\config.js:82:29
    at ManagedPromise.invokeCallback_ (C:\Users\vijay\AppData\Roaming\npm\node_modules\protractor\node_modules\selenium-webdriver\lib\promise.js:1376:14)
    at TaskQueue.execute_ (C:\Users\vijay\AppData\Roaming\npm\node_modules\protractor\node_modules\selenium-webdriver\lib\promise.js:3084:14)
    at TaskQueue.executeNext_ (C:\Users\vijay\AppData\Roaming\npm\node_modules\protractor\node_modules\selenium-webdriver\lib\promise.js:3067:27)
    at C:\Users\vijay\AppData\Roaming\npm\node_modules\protractor\node_modules\selenium-webdriver\lib\promise.js:2927:27
    at C:\Users\vijay\AppData\Roaming\npm\node_modules\protractor\node_modules\selenium-webdriver\lib\promise.js:668:7
    at processTicksAndRejections (internal/process/task_queues.js:89:5)]]>
   </failure>
  </testcase>
  <testcase classname="Code for company number formate  under config" name="Enter the branch name" time="0.006">
   <failure type="exception" message="WebDriverError: No active session with ID 9808d853769486222280a56c3119a319"><![CDATA[WebDriverError: No active session with ID 9808d853769486222280a56c3119a319
    at Object.checkLegacyResponse (C:\Users\vijay\AppData\Roaming\npm\node_modules\protractor\node_modules\selenium-webdriver\lib\error.js:546:15)
    at parseHttpResponse (C:\Users\vijay\AppData\Roaming\npm\node_modules\protractor\node_modules\selenium-webdriver\lib\http.js:509:13)
    at C:\Users\vijay\AppData\Roaming\npm\node_modules\protractor\node_modules\selenium-webdriver\lib\http.js:441:30
    at processTicksAndRejections (internal/process/task_queues.js:89:5)
From: Task: WebDriver.takeScreenshot()
    at thenableWebDriverProxy.schedule (C:\Users\vijay\AppData\Roaming\npm\node_modules\protractor\node_modules\selenium-webdriver\lib\webdriver.js:807:17)
    at thenableWebDriverProxy.takeScreenshot (C:\Users\vijay\AppData\Roaming\npm\node_modules\protractor\node_modules\selenium-webdriver\lib\webdriver.js:1085:17)
    at run (C:\Users\vijay\AppData\Roaming\npm\node_modules\protractor\built\browser.js:59:33)
    at ProtractorBrowser.to.<computed> [as takeScreenshot] (C:\Users\vijay\AppData\Roaming\npm\node_modules\protractor\built\browser.js:67:16)
    at H:\Jasmine\ConfigModule\config.js:82:29
    at ManagedPromise.invokeCallback_ (C:\Users\vijay\AppData\Roaming\npm\node_modules\protractor\node_modules\selenium-webdriver\lib\promise.js:1376:14)
    at TaskQueue.execute_ (C:\Users\vijay\AppData\Roaming\npm\node_modules\protractor\node_modules\selenium-webdriver\lib\promise.js:3084:14)
    at TaskQueue.executeNext_ (C:\Users\vijay\AppData\Roaming\npm\node_modules\protractor\node_modules\selenium-webdriver\lib\promise.js:3067:27)
    at C:\Users\vijay\AppData\Roaming\npm\node_modules\protractor\node_modules\selenium-webdriver\lib\promise.js:2927:27
    at C:\Users\vijay\AppData\Roaming\npm\node_modules\protractor\node_modules\selenium-webdriver\lib\promise.js:668:7
    at processTicksAndRejections (internal/process/task_queues.js:89:5)]]>
   </failure>
  </testcase>
  <testcase classname="Code for company number formate  under config" name="Enter the phone number" time="0.008">
   <failure type="exception" message="WebDriverError: No active session with ID 9808d853769486222280a56c3119a319"><![CDATA[WebDriverError: No active session with ID 9808d853769486222280a56c3119a319
    at Object.checkLegacyResponse (C:\Users\vijay\AppData\Roaming\npm\node_modules\protractor\node_modules\selenium-webdriver\lib\error.js:546:15)
    at parseHttpResponse (C:\Users\vijay\AppData\Roaming\npm\node_modules\protractor\node_modules\selenium-webdriver\lib\http.js:509:13)
    at C:\Users\vijay\AppData\Roaming\npm\node_modules\protractor\node_modules\selenium-webdriver\lib\http.js:441:30
    at processTicksAndRejections (internal/process/task_queues.js:89:5)
From: Task: WebDriver.takeScreenshot()
    at thenableWebDriverProxy.schedule (C:\Users\vijay\AppData\Roaming\npm\node_modules\protractor\node_modules\selenium-webdriver\lib\webdriver.js:807:17)
    at thenableWebDriverProxy.takeScreenshot (C:\Users\vijay\AppData\Roaming\npm\node_modules\protractor\node_modules\selenium-webdriver\lib\webdriver.js:1085:17)
    at run (C:\Users\vijay\AppData\Roaming\npm\node_modules\protractor\built\browser.js:59:33)
    at ProtractorBrowser.to.<computed> [as takeScreenshot] (C:\Users\vijay\AppData\Roaming\npm\node_modules\protractor\built\browser.js:67:16)
    at H:\Jasmine\ConfigModule\config.js:82:29
    at ManagedPromise.invokeCallback_ (C:\Users\vijay\AppData\Roaming\npm\node_modules\protractor\node_modules\selenium-webdriver\lib\promise.js:1376:14)
    at TaskQueue.execute_ (C:\Users\vijay\AppData\Roaming\npm\node_modules\protractor\node_modules\selenium-webdriver\lib\promise.js:3084:14)
    at TaskQueue.executeNext_ (C:\Users\vijay\AppData\Roaming\npm\node_modules\protractor\node_modules\selenium-webdriver\lib\promise.js:3067:27)
    at C:\Users\vijay\AppData\Roaming\npm\node_modules\protractor\node_modules\selenium-webdriver\lib\promise.js:2927:27
    at C:\Users\vijay\AppData\Roaming\npm\node_modules\protractor\node_modules\selenium-webdriver\lib\promise.js:668:7
    at processTicksAndRejections (internal/process/task_queues.js:89:5)]]>
   </failure>
  </testcase>
  <testcase classname="Code for company number formate  under config" name="Enter the fax number" time="0.008">
   <failure type="exception" message="WebDriverError: No active session with ID 9808d853769486222280a56c3119a319"><![CDATA[WebDriverError: No active session with ID 9808d853769486222280a56c3119a319
    at Object.checkLegacyResponse (C:\Users\vijay\AppData\Roaming\npm\node_modules\protractor\node_modules\selenium-webdriver\lib\error.js:546:15)
    at parseHttpResponse (C:\Users\vijay\AppData\Roaming\npm\node_modules\protractor\node_modules\selenium-webdriver\lib\http.js:509:13)
    at C:\Users\vijay\AppData\Roaming\npm\node_modules\protractor\node_modules\selenium-webdriver\lib\http.js:441:30
    at processTicksAndRejections (internal/process/task_queues.js:89:5)
From: Task: WebDriver.takeScreenshot()
    at thenableWebDriverProxy.schedule (C:\Users\vijay\AppData\Roaming\npm\node_modules\protractor\node_modules\selenium-webdriver\lib\webdriver.js:807:17)
    at thenableWebDriverProxy.takeScreenshot (C:\Users\vijay\AppData\Roaming\npm\node_modules\protractor\node_modules\selenium-webdriver\lib\webdriver.js:1085:17)
    at run (C:\Users\vijay\AppData\Roaming\npm\node_modules\protractor\built\browser.js:59:33)
    at ProtractorBrowser.to.<computed> [as takeScreenshot] (C:\Users\vijay\AppData\Roaming\npm\node_modules\protractor\built\browser.js:67:16)
    at H:\Jasmine\ConfigModule\config.js:82:29
    at ManagedPromise.invokeCallback_ (C:\Users\vijay\AppData\Roaming\npm\node_modules\protractor\node_modules\selenium-webdriver\lib\promise.js:1376:14)
    at TaskQueue.execute_ (C:\Users\vijay\AppData\Roaming\npm\node_modules\protractor\node_modules\selenium-webdriver\lib\promise.js:3084:14)
    at TaskQueue.executeNext_ (C:\Users\vijay\AppData\Roaming\npm\node_modules\protractor\node_modules\selenium-webdriver\lib\promise.js:3067:27)
    at C:\Users\vijay\AppData\Roaming\npm\node_modules\protractor\node_modules\selenium-webdriver\lib\promise.js:2927:27
    at C:\Users\vijay\AppData\Roaming\npm\node_modules\protractor\node_modules\selenium-webdriver\lib\promise.js:668:7
    at processTicksAndRejections (internal/process/task_queues.js:89:5)]]>
   </failure>
  </testcase>
  <testcase classname="Code for company number formate  under config" name="Enter the address" time="0.007">
   <failure type="exception" message="WebDriverError: No active session with ID 9808d853769486222280a56c3119a319"><![CDATA[WebDriverError: No active session with ID 9808d853769486222280a56c3119a319
    at Object.checkLegacyResponse (C:\Users\vijay\AppData\Roaming\npm\node_modules\protractor\node_modules\selenium-webdriver\lib\error.js:546:15)
    at parseHttpResponse (C:\Users\vijay\AppData\Roaming\npm\node_modules\protractor\node_modules\selenium-webdriver\lib\http.js:509:13)
    at C:\Users\vijay\AppData\Roaming\npm\node_modules\protractor\node_modules\selenium-webdriver\lib\http.js:441:30
    at processTicksAndRejections (internal/process/task_queues.js:89:5)
From: Task: WebDriver.takeScreenshot()
    at thenableWebDriverProxy.schedule (C:\Users\vijay\AppData\Roaming\npm\node_modules\protractor\node_modules\selenium-webdriver\lib\webdriver.js:807:17)
    at thenableWebDriverProxy.takeScreenshot (C:\Users\vijay\AppData\Roaming\npm\node_modules\protractor\node_modules\selenium-webdriver\lib\webdriver.js:1085:17)
    at run (C:\Users\vijay\AppData\Roaming\npm\node_modules\protractor\built\browser.js:59:33)
    at ProtractorBrowser.to.<computed> [as takeScreenshot] (C:\Users\vijay\AppData\Roaming\npm\node_modules\protractor\built\browser.js:67:16)
    at H:\Jasmine\ConfigModule\config.js:82:29
    at ManagedPromise.invokeCallback_ (C:\Users\vijay\AppData\Roaming\npm\node_modules\protractor\node_modules\selenium-webdriver\lib\promise.js:1376:14)
    at TaskQueue.execute_ (C:\Users\vijay\AppData\Roaming\npm\node_modules\protractor\node_modules\selenium-webdriver\lib\promise.js:3084:14)
    at TaskQueue.executeNext_ (C:\Users\vijay\AppData\Roaming\npm\node_modules\protractor\node_modules\selenium-webdriver\lib\promise.js:3067:27)
    at C:\Users\vijay\AppData\Roaming\npm\node_modules\protractor\node_modules\selenium-webdriver\lib\promise.js:2927:27
    at C:\Users\vijay\AppData\Roaming\npm\node_modules\protractor\node_modules\selenium-webdriver\lib\promise.js:668:7
    at processTicksAndRejections (internal/process/task_queues.js:89:5)]]>
   </failure>
  </testcase>
  <testcase classname="Code for company number formate  under config" name="Enter the street" time="0.009">
   <failure type="exception" message="WebDriverError: No active session with ID 9808d853769486222280a56c3119a319"><![CDATA[WebDriverError: No active session with ID 9808d853769486222280a56c3119a319
    at Object.checkLegacyResponse (C:\Users\vijay\AppData\Roaming\npm\node_modules\protractor\node_modules\selenium-webdriver\lib\error.js:546:15)
    at parseHttpResponse (C:\Users\vijay\AppData\Roaming\npm\node_modules\protractor\node_modules\selenium-webdriver\lib\http.js:509:13)
    at C:\Users\vijay\AppData\Roaming\npm\node_modules\protractor\node_modules\selenium-webdriver\lib\http.js:441:30
    at processTicksAndRejections (internal/process/task_queues.js:89:5)
From: Task: WebDriver.takeScreenshot()
    at thenableWebDriverProxy.schedule (C:\Users\vijay\AppData\Roaming\npm\node_modules\protractor\node_modules\selenium-webdriver\lib\webdriver.js:807:17)
    at thenableWebDriverProxy.takeScreenshot (C:\Users\vijay\AppData\Roaming\npm\node_modules\protractor\node_modules\selenium-webdriver\lib\webdriver.js:1085:17)
    at run (C:\Users\vijay\AppData\Roaming\npm\node_modules\protractor\built\browser.js:59:33)
    at ProtractorBrowser.to.<computed> [as takeScreenshot] (C:\Users\vijay\AppData\Roaming\npm\node_modules\protractor\built\browser.js:67:16)
    at H:\Jasmine\ConfigModule\config.js:82:29
    at ManagedPromise.invokeCallback_ (C:\Users\vijay\AppData\Roaming\npm\node_modules\protractor\node_modules\selenium-webdriver\lib\promise.js:1376:14)
    at TaskQueue.execute_ (C:\Users\vijay\AppData\Roaming\npm\node_modules\protractor\node_modules\selenium-webdriver\lib\promise.js:3084:14)
    at TaskQueue.executeNext_ (C:\Users\vijay\AppData\Roaming\npm\node_modules\protractor\node_modules\selenium-webdriver\lib\promise.js:3067:27)
    at C:\Users\vijay\AppData\Roaming\npm\node_modules\protractor\node_modules\selenium-webdriver\lib\promise.js:2927:27
    at C:\Users\vijay\AppData\Roaming\npm\node_modules\protractor\node_modules\selenium-webdriver\lib\promise.js:668:7
    at processTicksAndRejections (internal/process/task_queues.js:89:5)]]>
   </failure>
  </testcase>
  <testcase classname="Code for company number formate  under config" name="select the country" time="0.007">
   <failure type="exception" message="WebDriverError: No active session with ID 9808d853769486222280a56c3119a319"><![CDATA[WebDriverError: No active session with ID 9808d853769486222280a56c3119a319
    at Object.checkLegacyResponse (C:\Users\vijay\AppData\Roaming\npm\node_modules\protractor\node_modules\selenium-webdriver\lib\error.js:546:15)
    at parseHttpResponse (C:\Users\vijay\AppData\Roaming\npm\node_modules\protractor\node_modules\selenium-webdriver\lib\http.js:509:13)
    at C:\Users\vijay\AppData\Roaming\npm\node_modules\protractor\node_modules\selenium-webdriver\lib\http.js:441:30
    at processTicksAndRejections (internal/process/task_queues.js:89:5)
From: Task: WebDriver.takeScreenshot()
    at thenableWebDriverProxy.schedule (C:\Users\vijay\AppData\Roaming\npm\node_modules\protractor\node_modules\selenium-webdriver\lib\webdriver.js:807:17)
    at thenableWebDriverProxy.takeScreenshot (C:\Users\vijay\AppData\Roaming\npm\node_modules\protractor\node_modules\selenium-webdriver\lib\webdriver.js:1085:17)
    at run (C:\Users\vijay\AppData\Roaming\npm\node_modules\protractor\built\browser.js:59:33)
    at ProtractorBrowser.to.<computed> [as takeScreenshot] (C:\Users\vijay\AppData\Roaming\npm\node_modules\protractor\built\browser.js:67:16)
    at H:\Jasmine\ConfigModule\config.js:82:29
    at ManagedPromise.invokeCallback_ (C:\Users\vijay\AppData\Roaming\npm\node_modules\protractor\node_modules\selenium-webdriver\lib\promise.js:1376:14)
    at TaskQueue.execute_ (C:\Users\vijay\AppData\Roaming\npm\node_modules\protractor\node_modules\selenium-webdriver\lib\promise.js:3084:14)
    at TaskQueue.executeNext_ (C:\Users\vijay\AppData\Roaming\npm\node_modules\protractor\node_modules\selenium-webdriver\lib\promise.js:3067:27)
    at C:\Users\vijay\AppData\Roaming\npm\node_modules\protractor\node_modules\selenium-webdriver\lib\promise.js:2927:27
    at C:\Users\vijay\AppData\Roaming\npm\node_modules\protractor\node_modules\selenium-webdriver\lib\promise.js:668:7
    at processTicksAndRejections (internal/process/task_queues.js:89:5)]]>
   </failure>
  </testcase>
  <testcase classname="Code for company number formate  under config" name="select the states" time="0.008">
   <failure type="exception" message="WebDriverError: No active session with ID 9808d853769486222280a56c3119a319"><![CDATA[WebDriverError: No active session with ID 9808d853769486222280a56c3119a319
    at Object.checkLegacyResponse (C:\Users\vijay\AppData\Roaming\npm\node_modules\protractor\node_modules\selenium-webdriver\lib\error.js:546:15)
    at parseHttpResponse (C:\Users\vijay\AppData\Roaming\npm\node_modules\protractor\node_modules\selenium-webdriver\lib\http.js:509:13)
    at C:\Users\vijay\AppData\Roaming\npm\node_modules\protractor\node_modules\selenium-webdriver\lib\http.js:441:30
    at processTicksAndRejections (internal/process/task_queues.js:89:5)
From: Task: WebDriver.takeScreenshot()
    at thenableWebDriverProxy.schedule (C:\Users\vijay\AppData\Roaming\npm\node_modules\protractor\node_modules\selenium-webdriver\lib\webdriver.js:807:17)
    at thenableWebDriverProxy.takeScreenshot (C:\Users\vijay\AppData\Roaming\npm\node_modules\protractor\node_modules\selenium-webdriver\lib\webdriver.js:1085:17)
    at run (C:\Users\vijay\AppData\Roaming\npm\node_modules\protractor\built\browser.js:59:33)
    at ProtractorBrowser.to.<computed> [as takeScreenshot] (C:\Users\vijay\AppData\Roaming\npm\node_modules\protractor\built\browser.js:67:16)
    at H:\Jasmine\ConfigModule\config.js:82:29
    at ManagedPromise.invokeCallback_ (C:\Users\vijay\AppData\Roaming\npm\node_modules\protractor\node_modules\selenium-webdriver\lib\promise.js:1376:14)
    at TaskQueue.execute_ (C:\Users\vijay\AppData\Roaming\npm\node_modules\protractor\node_modules\selenium-webdriver\lib\promise.js:3084:14)
    at TaskQueue.executeNext_ (C:\Users\vijay\AppData\Roaming\npm\node_modules\protractor\node_modules\selenium-webdriver\lib\promise.js:3067:27)
    at C:\Users\vijay\AppData\Roaming\npm\node_modules\protractor\node_modules\selenium-webdriver\lib\promise.js:2927:27
    at C:\Users\vijay\AppData\Roaming\npm\node_modules\protractor\node_modules\selenium-webdriver\lib\promise.js:668:7
    at processTicksAndRejections (internal/process/task_queues.js:89:5)]]>
   </failure>
  </testcase>
  <testcase classname="Code for company number formate  under config" name="select the cities" time="0.006">
   <failure type="exception" message="WebDriverError: No active session with ID 9808d853769486222280a56c3119a319"><![CDATA[WebDriverError: No active session with ID 9808d853769486222280a56c3119a319
    at Object.checkLegacyResponse (C:\Users\vijay\AppData\Roaming\npm\node_modules\protractor\node_modules\selenium-webdriver\lib\error.js:546:15)
    at parseHttpResponse (C:\Users\vijay\AppData\Roaming\npm\node_modules\protractor\node_modules\selenium-webdriver\lib\http.js:509:13)
    at C:\Users\vijay\AppData\Roaming\npm\node_modules\protractor\node_modules\selenium-webdriver\lib\http.js:441:30
    at processTicksAndRejections (internal/process/task_queues.js:89:5)
From: Task: WebDriver.takeScreenshot()
    at thenableWebDriverProxy.schedule (C:\Users\vijay\AppData\Roaming\npm\node_modules\protractor\node_modules\selenium-webdriver\lib\webdriver.js:807:17)
    at thenableWebDriverProxy.takeScreenshot (C:\Users\vijay\AppData\Roaming\npm\node_modules\protractor\node_modules\selenium-webdriver\lib\webdriver.js:1085:17)
    at run (C:\Users\vijay\AppData\Roaming\npm\node_modules\protractor\built\browser.js:59:33)
    at ProtractorBrowser.to.<computed> [as takeScreenshot] (C:\Users\vijay\AppData\Roaming\npm\node_modules\protractor\built\browser.js:67:16)
    at H:\Jasmine\ConfigModule\config.js:82:29
    at ManagedPromise.invokeCallback_ (C:\Users\vijay\AppData\Roaming\npm\node_modules\protractor\node_modules\selenium-webdriver\lib\promise.js:1376:14)
    at TaskQueue.execute_ (C:\Users\vijay\AppData\Roaming\npm\node_modules\protractor\node_modules\selenium-webdriver\lib\promise.js:3084:14)
    at TaskQueue.executeNext_ (C:\Users\vijay\AppData\Roaming\npm\node_modules\protractor\node_modules\selenium-webdriver\lib\promise.js:3067:27)
    at C:\Users\vijay\AppData\Roaming\npm\node_modules\protractor\node_modules\selenium-webdriver\lib\promise.js:2927:27
    at C:\Users\vijay\AppData\Roaming\npm\node_modules\protractor\node_modules\selenium-webdriver\lib\promise.js:668:7
    at processTicksAndRejections (internal/process/task_queues.js:89:5)]]>
   </failure>
  </testcase>
  <testcase classname="Code for company number formate  under config" name="Enter the zipcode" time="0.01">
   <failure type="exception" message="WebDriverError: No active session with ID 9808d853769486222280a56c3119a319"><![CDATA[WebDriverError: No active session with ID 9808d853769486222280a56c3119a319
    at Object.checkLegacyResponse (C:\Users\vijay\AppData\Roaming\npm\node_modules\protractor\node_modules\selenium-webdriver\lib\error.js:546:15)
    at parseHttpResponse (C:\Users\vijay\AppData\Roaming\npm\node_modules\protractor\node_modules\selenium-webdriver\lib\http.js:509:13)
    at C:\Users\vijay\AppData\Roaming\npm\node_modules\protractor\node_modules\selenium-webdriver\lib\http.js:441:30
    at processTicksAndRejections (internal/process/task_queues.js:89:5)
From: Task: WebDriver.takeScreenshot()
    at thenableWebDriverProxy.schedule (C:\Users\vijay\AppData\Roaming\npm\node_modules\protractor\node_modules\selenium-webdriver\lib\webdriver.js:807:17)
    at thenableWebDriverProxy.takeScreenshot (C:\Users\vijay\AppData\Roaming\npm\node_modules\protractor\node_modules\selenium-webdriver\lib\webdriver.js:1085:17)
    at run (C:\Users\vijay\AppData\Roaming\npm\node_modules\protractor\built\browser.js:59:33)
    at ProtractorBrowser.to.<computed> [as takeScreenshot] (C:\Users\vijay\AppData\Roaming\npm\node_modules\protractor\built\browser.js:67:16)
    at H:\Jasmine\ConfigModule\config.js:82:29
    at ManagedPromise.invokeCallback_ (C:\Users\vijay\AppData\Roaming\npm\node_modules\protractor\node_modules\selenium-webdriver\lib\promise.js:1376:14)
    at TaskQueue.execute_ (C:\Users\vijay\AppData\Roaming\npm\node_modules\protractor\node_modules\selenium-webdriver\lib\promise.js:3084:14)
    at TaskQueue.executeNext_ (C:\Users\vijay\AppData\Roaming\npm\node_modules\protractor\node_modules\selenium-webdriver\lib\promise.js:3067:27)
    at C:\Users\vijay\AppData\Roaming\npm\node_modules\protractor\node_modules\selenium-webdriver\lib\promise.js:2927:27
    at C:\Users\vijay\AppData\Roaming\npm\node_modules\protractor\node_modules\selenium-webdriver\lib\promise.js:668:7
    at processTicksAndRejections (internal/process/task_queues.js:89:5)]]>
   </failure>
  </testcase>
  <testcase classname="Code for company number formate  under config" name="Enter the description" time="0.006">
   <failure type="exception" message="WebDriverError: No active session with ID 9808d853769486222280a56c3119a319"><![CDATA[WebDriverError: No active session with ID 9808d853769486222280a56c3119a319
    at Object.checkLegacyResponse (C:\Users\vijay\AppData\Roaming\npm\node_modules\protractor\node_modules\selenium-webdriver\lib\error.js:546:15)
    at parseHttpResponse (C:\Users\vijay\AppData\Roaming\npm\node_modules\protractor\node_modules\selenium-webdriver\lib\http.js:509:13)
    at C:\Users\vijay\AppData\Roaming\npm\node_modules\protractor\node_modules\selenium-webdriver\lib\http.js:441:30
    at processTicksAndRejections (internal/process/task_queues.js:89:5)
From: Task: WebDriver.takeScreenshot()
    at thenableWebDriverProxy.schedule (C:\Users\vijay\AppData\Roaming\npm\node_modules\protractor\node_modules\selenium-webdriver\lib\webdriver.js:807:17)
    at thenableWebDriverProxy.takeScreenshot (C:\Users\vijay\AppData\Roaming\npm\node_modules\protractor\node_modules\selenium-webdriver\lib\webdriver.js:1085:17)
    at run (C:\Users\vijay\AppData\Roaming\npm\node_modules\protractor\built\browser.js:59:33)
    at ProtractorBrowser.to.<computed> [as takeScreenshot] (C:\Users\vijay\AppData\Roaming\npm\node_modules\protractor\built\browser.js:67:16)
    at H:\Jasmine\ConfigModule\config.js:82:29
    at ManagedPromise.invokeCallback_ (C:\Users\vijay\AppData\Roaming\npm\node_modules\protractor\node_modules\selenium-webdriver\lib\promise.js:1376:14)
    at TaskQueue.execute_ (C:\Users\vijay\AppData\Roaming\npm\node_modules\protractor\node_modules\selenium-webdriver\lib\promise.js:3084:14)
    at TaskQueue.executeNext_ (C:\Users\vijay\AppData\Roaming\npm\node_modules\protractor\node_modules\selenium-webdriver\lib\promise.js:3067:27)
    at C:\Users\vijay\AppData\Roaming\npm\node_modules\protractor\node_modules\selenium-webdriver\lib\promise.js:2927:27
    at C:\Users\vijay\AppData\Roaming\npm\node_modules\protractor\node_modules\selenium-webdriver\lib\promise.js:668:7
    at processTicksAndRejections (internal/process/task_queues.js:89:5)]]>
   </failure>
  </testcase>
  <testcase classname="Code for company number formate  under config" name="select the Default Locale " time="0.008">
   <failure type="exception" message="WebDriverError: No active session with ID 9808d853769486222280a56c3119a319"><![CDATA[WebDriverError: No active session with ID 9808d853769486222280a56c3119a319
    at Object.checkLegacyResponse (C:\Users\vijay\AppData\Roaming\npm\node_modules\protractor\node_modules\selenium-webdriver\lib\error.js:546:15)
    at parseHttpResponse (C:\Users\vijay\AppData\Roaming\npm\node_modules\protractor\node_modules\selenium-webdriver\lib\http.js:509:13)
    at C:\Users\vijay\AppData\Roaming\npm\node_modules\protractor\node_modules\selenium-webdriver\lib\http.js:441:30
    at processTicksAndRejections (internal/process/task_queues.js:89:5)
From: Task: WebDriver.takeScreenshot()
    at thenableWebDriverProxy.schedule (C:\Users\vijay\AppData\Roaming\npm\node_modules\protractor\node_modules\selenium-webdriver\lib\webdriver.js:807:17)
    at thenableWebDriverProxy.takeScreenshot (C:\Users\vijay\AppData\Roaming\npm\node_modules\protractor\node_modules\selenium-webdriver\lib\webdriver.js:1085:17)
    at run (C:\Users\vijay\AppData\Roaming\npm\node_modules\protractor\built\browser.js:59:33)
    at ProtractorBrowser.to.<computed> [as takeScreenshot] (C:\Users\vijay\AppData\Roaming\npm\node_modules\protractor\built\browser.js:67:16)
    at H:\Jasmine\ConfigModule\config.js:82:29
    at ManagedPromise.invokeCallback_ (C:\Users\vijay\AppData\Roaming\npm\node_modules\protractor\node_modules\selenium-webdriver\lib\promise.js:1376:14)
    at TaskQueue.execute_ (C:\Users\vijay\AppData\Roaming\npm\node_modules\protractor\node_modules\selenium-webdriver\lib\promise.js:3084:14)
    at TaskQueue.executeNext_ (C:\Users\vijay\AppData\Roaming\npm\node_modules\protractor\node_modules\selenium-webdriver\lib\promise.js:3067:27)
    at C:\Users\vijay\AppData\Roaming\npm\node_modules\protractor\node_modules\selenium-webdriver\lib\promise.js:2927:27
    at C:\Users\vijay\AppData\Roaming\npm\node_modules\protractor\node_modules\selenium-webdriver\lib\promise.js:668:7
    at processTicksAndRejections (internal/process/task_queues.js:89:5)]]>
   </failure>
  </testcase>
  <testcase classname="Code for company number formate  under config" name="select the Default TimeZone" time="0.006">
   <failure type="exception" message="WebDriverError: No active session with ID 9808d853769486222280a56c3119a319"><![CDATA[WebDriverError: No active session with ID 9808d853769486222280a56c3119a319
    at Object.checkLegacyResponse (C:\Users\vijay\AppData\Roaming\npm\node_modules\protractor\node_modules\selenium-webdriver\lib\error.js:546:15)
    at parseHttpResponse (C:\Users\vijay\AppData\Roaming\npm\node_modules\protractor\node_modules\selenium-webdriver\lib\http.js:509:13)
    at C:\Users\vijay\AppData\Roaming\npm\node_modules\protractor\node_modules\selenium-webdriver\lib\http.js:441:30
    at processTicksAndRejections (internal/process/task_queues.js:89:5)
From: Task: WebDriver.takeScreenshot()
    at thenableWebDriverProxy.schedule (C:\Users\vijay\AppData\Roaming\npm\node_modules\protractor\node_modules\selenium-webdriver\lib\webdriver.js:807:17)
    at thenableWebDriverProxy.takeScreenshot (C:\Users\vijay\AppData\Roaming\npm\node_modules\protractor\node_modules\selenium-webdriver\lib\webdriver.js:1085:17)
    at run (C:\Users\vijay\AppData\Roaming\npm\node_modules\protractor\built\browser.js:59:33)
    at ProtractorBrowser.to.<computed> [as takeScreenshot] (C:\Users\vijay\AppData\Roaming\npm\node_modules\protractor\built\browser.js:67:16)
    at H:\Jasmine\ConfigModule\config.js:82:29
    at ManagedPromise.invokeCallback_ (C:\Users\vijay\AppData\Roaming\npm\node_modules\protractor\node_modules\selenium-webdriver\lib\promise.js:1376:14)
    at TaskQueue.execute_ (C:\Users\vijay\AppData\Roaming\npm\node_modules\protractor\node_modules\selenium-webdriver\lib\promise.js:3084:14)
    at TaskQueue.executeNext_ (C:\Users\vijay\AppData\Roaming\npm\node_modules\protractor\node_modules\selenium-webdriver\lib\promise.js:3067:27)
    at C:\Users\vijay\AppData\Roaming\npm\node_modules\protractor\node_modules\selenium-webdriver\lib\promise.js:2927:27
    at C:\Users\vijay\AppData\Roaming\npm\node_modules\protractor\node_modules\selenium-webdriver\lib\promise.js:668:7
    at processTicksAndRejections (internal/process/task_queues.js:89:5)]]>
   </failure>
  </testcase>
  <testcase classname="Code for company number formate  under config" name="select the currencyLocale" time="0.007">
   <failure type="exception" message="WebDriverError: No active session with ID 9808d853769486222280a56c3119a319"><![CDATA[WebDriverError: No active session with ID 9808d853769486222280a56c3119a319
    at Object.checkLegacyResponse (C:\Users\vijay\AppData\Roaming\npm\node_modules\protractor\node_modules\selenium-webdriver\lib\error.js:546:15)
    at parseHttpResponse (C:\Users\vijay\AppData\Roaming\npm\node_modules\protractor\node_modules\selenium-webdriver\lib\http.js:509:13)
    at C:\Users\vijay\AppData\Roaming\npm\node_modules\protractor\node_modules\selenium-webdriver\lib\http.js:441:30
    at processTicksAndRejections (internal/process/task_queues.js:89:5)
From: Task: WebDriver.takeScreenshot()
    at thenableWebDriverProxy.schedule (C:\Users\vijay\AppData\Roaming\npm\node_modules\protractor\node_modules\selenium-webdriver\lib\webdriver.js:807:17)
    at thenableWebDriverProxy.takeScreenshot (C:\Users\vijay\AppData\Roaming\npm\node_modules\protractor\node_modules\selenium-webdriver\lib\webdriver.js:1085:17)
    at run (C:\Users\vijay\AppData\Roaming\npm\node_modules\protractor\built\browser.js:59:33)
    at ProtractorBrowser.to.<computed> [as takeScreenshot] (C:\Users\vijay\AppData\Roaming\npm\node_modules\protractor\built\browser.js:67:16)
    at H:\Jasmine\ConfigModule\config.js:82:29
    at ManagedPromise.invokeCallback_ (C:\Users\vijay\AppData\Roaming\npm\node_modules\protractor\node_modules\selenium-webdriver\lib\promise.js:1376:14)
    at TaskQueue.execute_ (C:\Users\vijay\AppData\Roaming\npm\node_modules\protractor\node_modules\selenium-webdriver\lib\promise.js:3084:14)
    at TaskQueue.executeNext_ (C:\Users\vijay\AppData\Roaming\npm\node_modules\protractor\node_modules\selenium-webdriver\lib\promise.js:3067:27)
    at C:\Users\vijay\AppData\Roaming\npm\node_modules\protractor\node_modules\selenium-webdriver\lib\promise.js:2927:27
    at C:\Users\vijay\AppData\Roaming\npm\node_modules\protractor\node_modules\selenium-webdriver\lib\promise.js:668:7
    at processTicksAndRejections (internal/process/task_queues.js:89:5)]]>
   </failure>
  </testcase>
  <testcase classname="Code for company number formate  under config" name="select the language" time="0.007">
   <failure type="exception" message="WebDriverError: No active session with ID 9808d853769486222280a56c3119a319"><![CDATA[WebDriverError: No active session with ID 9808d853769486222280a56c3119a319
    at Object.checkLegacyResponse (C:\Users\vijay\AppData\Roaming\npm\node_modules\protractor\node_modules\selenium-webdriver\lib\error.js:546:15)
    at parseHttpResponse (C:\Users\vijay\AppData\Roaming\npm\node_modules\protractor\node_modules\selenium-webdriver\lib\http.js:509:13)
    at C:\Users\vijay\AppData\Roaming\npm\node_modules\protractor\node_modules\selenium-webdriver\lib\http.js:441:30
    at processTicksAndRejections (internal/process/task_queues.js:89:5)
From: Task: WebDriver.takeScreenshot()
    at thenableWebDriverProxy.schedule (C:\Users\vijay\AppData\Roaming\npm\node_modules\protractor\node_modules\selenium-webdriver\lib\webdriver.js:807:17)
    at thenableWebDriverProxy.takeScreenshot (C:\Users\vijay\AppData\Roaming\npm\node_modules\protractor\node_modules\selenium-webdriver\lib\webdriver.js:1085:17)
    at run (C:\Users\vijay\AppData\Roaming\npm\node_modules\protractor\built\browser.js:59:33)
    at ProtractorBrowser.to.<computed> [as takeScreenshot] (C:\Users\vijay\AppData\Roaming\npm\node_modules\protractor\built\browser.js:67:16)
    at H:\Jasmine\ConfigModule\config.js:82:29
    at ManagedPromise.invokeCallback_ (C:\Users\vijay\AppData\Roaming\npm\node_modules\protractor\node_modules\selenium-webdriver\lib\promise.js:1376:14)
    at TaskQueue.execute_ (C:\Users\vijay\AppData\Roaming\npm\node_modules\protractor\node_modules\selenium-webdriver\lib\promise.js:3084:14)
    at TaskQueue.executeNext_ (C:\Users\vijay\AppData\Roaming\npm\node_modules\protractor\node_modules\selenium-webdriver\lib\promise.js:3067:27)
    at C:\Users\vijay\AppData\Roaming\npm\node_modules\protractor\node_modules\selenium-webdriver\lib\promise.js:2927:27
    at C:\Users\vijay\AppData\Roaming\npm\node_modules\protractor\node_modules\selenium-webdriver\lib\promise.js:668:7
    at processTicksAndRejections (internal/process/task_queues.js:89:5)]]>
   </failure>
  </testcase>
  <testcase classname="Code for company number formate  under config" name="code to click on save button" time="0.007">
   <failure type="exception" message="WebDriverError: No active session with ID 9808d853769486222280a56c3119a319"><![CDATA[WebDriverError: No active session with ID 9808d853769486222280a56c3119a319
    at Object.checkLegacyResponse (C:\Users\vijay\AppData\Roaming\npm\node_modules\protractor\node_modules\selenium-webdriver\lib\error.js:546:15)
    at parseHttpResponse (C:\Users\vijay\AppData\Roaming\npm\node_modules\protractor\node_modules\selenium-webdriver\lib\http.js:509:13)
    at C:\Users\vijay\AppData\Roaming\npm\node_modules\protractor\node_modules\selenium-webdriver\lib\http.js:441:30
    at processTicksAndRejections (internal/process/task_queues.js:89:5)
From: Task: WebDriver.takeScreenshot()
    at thenableWebDriverProxy.schedule (C:\Users\vijay\AppData\Roaming\npm\node_modules\protractor\node_modules\selenium-webdriver\lib\webdriver.js:807:17)
    at thenableWebDriverProxy.takeScreenshot (C:\Users\vijay\AppData\Roaming\npm\node_modules\protractor\node_modules\selenium-webdriver\lib\webdriver.js:1085:17)
    at run (C:\Users\vijay\AppData\Roaming\npm\node_modules\protractor\built\browser.js:59:33)
    at ProtractorBrowser.to.<computed> [as takeScreenshot] (C:\Users\vijay\AppData\Roaming\npm\node_modules\protractor\built\browser.js:67:16)
    at H:\Jasmine\ConfigModule\config.js:82:29
    at ManagedPromise.invokeCallback_ (C:\Users\vijay\AppData\Roaming\npm\node_modules\protractor\node_modules\selenium-webdriver\lib\promise.js:1376:14)
    at TaskQueue.execute_ (C:\Users\vijay\AppData\Roaming\npm\node_modules\protractor\node_modules\selenium-webdriver\lib\promise.js:3084:14)
    at TaskQueue.executeNext_ (C:\Users\vijay\AppData\Roaming\npm\node_modules\protractor\node_modules\selenium-webdriver\lib\promise.js:3067:27)
    at C:\Users\vijay\AppData\Roaming\npm\node_modules\protractor\node_modules\selenium-webdriver\lib\promise.js:2927:27
    at C:\Users\vijay\AppData\Roaming\npm\node_modules\protractor\node_modules\selenium-webdriver\lib\promise.js:668:7
    at processTicksAndRejections (internal/process/task_queues.js:89:5)]]>
   </failure>
  </testcase>
  <testcase classname="Code for company number formate  under config" name="verify pop up message and click view all" time="0.007">
   <failure type="exception" message="WebDriverError: No active session with ID 9808d853769486222280a56c3119a319"><![CDATA[WebDriverError: No active session with ID 9808d853769486222280a56c3119a319
    at Object.checkLegacyResponse (C:\Users\vijay\AppData\Roaming\npm\node_modules\protractor\node_modules\selenium-webdriver\lib\error.js:546:15)
    at parseHttpResponse (C:\Users\vijay\AppData\Roaming\npm\node_modules\protractor\node_modules\selenium-webdriver\lib\http.js:509:13)
    at C:\Users\vijay\AppData\Roaming\npm\node_modules\protractor\node_modules\selenium-webdriver\lib\http.js:441:30
    at processTicksAndRejections (internal/process/task_queues.js:89:5)
From: Task: WebDriver.takeScreenshot()
    at thenableWebDriverProxy.schedule (C:\Users\vijay\AppData\Roaming\npm\node_modules\protractor\node_modules\selenium-webdriver\lib\webdriver.js:807:17)
    at thenableWebDriverProxy.takeScreenshot (C:\Users\vijay\AppData\Roaming\npm\node_modules\protractor\node_modules\selenium-webdriver\lib\webdriver.js:1085:17)
    at run (C:\Users\vijay\AppData\Roaming\npm\node_modules\protractor\built\browser.js:59:33)
    at ProtractorBrowser.to.<computed> [as takeScreenshot] (C:\Users\vijay\AppData\Roaming\npm\node_modules\protractor\built\browser.js:67:16)
    at H:\Jasmine\ConfigModule\config.js:82:29
    at ManagedPromise.invokeCallback_ (C:\Users\vijay\AppData\Roaming\npm\node_modules\protractor\node_modules\selenium-webdriver\lib\promise.js:1376:14)
    at TaskQueue.execute_ (C:\Users\vijay\AppData\Roaming\npm\node_modules\protractor\node_modules\selenium-webdriver\lib\promise.js:3084:14)
    at TaskQueue.executeNext_ (C:\Users\vijay\AppData\Roaming\npm\node_modules\protractor\node_modules\selenium-webdriver\lib\promise.js:3067:27)
    at C:\Users\vijay\AppData\Roaming\npm\node_modules\protractor\node_modules\selenium-webdriver\lib\promise.js:2927:27
    at C:\Users\vijay\AppData\Roaming\npm\node_modules\protractor\node_modules\selenium-webdriver\lib\promise.js:668:7
    at processTicksAndRejections (internal/process/task_queues.js:89:5)]]>
   </failure>
  </testcase>
 </testsuite>
 <testsuite name="Code for company number formate  under config" timestamp="2019-11-08T13:23:28" hostname="localhost" time="0.127" errors="0" tests="16" skipped="0" disabled="0" failures="16">
  <testcase classname="Code for company number formate  under config" name="open the browser" time="0.008">
   <failure type="exception" message="WebDriverError: No active session with ID 9808d853769486222280a56c3119a319"><![CDATA[WebDriverError: No active session with ID 9808d853769486222280a56c3119a319
    at Object.checkLegacyResponse (C:\Users\vijay\AppData\Roaming\npm\node_modules\protractor\node_modules\selenium-webdriver\lib\error.js:546:15)
    at parseHttpResponse (C:\Users\vijay\AppData\Roaming\npm\node_modules\protractor\node_modules\selenium-webdriver\lib\http.js:509:13)
    at C:\Users\vijay\AppData\Roaming\npm\node_modules\protractor\node_modules\selenium-webdriver\lib\http.js:441:30
    at processTicksAndRejections (internal/process/task_queues.js:89:5)
From: Task: WebDriver.takeScreenshot()
    at thenableWebDriverProxy.schedule (C:\Users\vijay\AppData\Roaming\npm\node_modules\protractor\node_modules\selenium-webdriver\lib\webdriver.js:807:17)
    at thenableWebDriverProxy.takeScreenshot (C:\Users\vijay\AppData\Roaming\npm\node_modules\protractor\node_modules\selenium-webdriver\lib\webdriver.js:1085:17)
    at run (C:\Users\vijay\AppData\Roaming\npm\node_modules\protractor\built\browser.js:59:33)
    at ProtractorBrowser.to.<computed> [as takeScreenshot] (C:\Users\vijay\AppData\Roaming\npm\node_modules\protractor\built\browser.js:67:16)
    at H:\Jasmine\ConfigModule\config.js:82:29
    at ManagedPromise.invokeCallback_ (C:\Users\vijay\AppData\Roaming\npm\node_modules\protractor\node_modules\selenium-webdriver\lib\promise.js:1376:14)
    at TaskQueue.execute_ (C:\Users\vijay\AppData\Roaming\npm\node_modules\protractor\node_modules\selenium-webdriver\lib\promise.js:3084:14)
    at TaskQueue.executeNext_ (C:\Users\vijay\AppData\Roaming\npm\node_modules\protractor\node_modules\selenium-webdriver\lib\promise.js:3067:27)
    at C:\Users\vijay\AppData\Roaming\npm\node_modules\protractor\node_modules\selenium-webdriver\lib\promise.js:2927:27
    at C:\Users\vijay\AppData\Roaming\npm\node_modules\protractor\node_modules\selenium-webdriver\lib\promise.js:668:7
    at processTicksAndRejections (internal/process/task_queues.js:89:5)]]>
   </failure>
  </testcase>
  <testcase classname="Code for company number formate  under config" name="Enter the username" time="0.008">
   <failure type="exception" message="WebDriverError: No active session with ID 9808d853769486222280a56c3119a319"><![CDATA[WebDriverError: No active session with ID 9808d853769486222280a56c3119a319
    at Object.checkLegacyResponse (C:\Users\vijay\AppData\Roaming\npm\node_modules\protractor\node_modules\selenium-webdriver\lib\error.js:546:15)
    at parseHttpResponse (C:\Users\vijay\AppData\Roaming\npm\node_modules\protractor\node_modules\selenium-webdriver\lib\http.js:509:13)
    at C:\Users\vijay\AppData\Roaming\npm\node_modules\protractor\node_modules\selenium-webdriver\lib\http.js:441:30
    at processTicksAndRejections (internal/process/task_queues.js:89:5)
From: Task: WebDriver.takeScreenshot()
    at thenableWebDriverProxy.schedule (C:\Users\vijay\AppData\Roaming\npm\node_modules\protractor\node_modules\selenium-webdriver\lib\webdriver.js:807:17)
    at thenableWebDriverProxy.takeScreenshot (C:\Users\vijay\AppData\Roaming\npm\node_modules\protractor\node_modules\selenium-webdriver\lib\webdriver.js:1085:17)
    at run (C:\Users\vijay\AppData\Roaming\npm\node_modules\protractor\built\browser.js:59:33)
    at ProtractorBrowser.to.<computed> [as takeScreenshot] (C:\Users\vijay\AppData\Roaming\npm\node_modules\protractor\built\browser.js:67:16)
    at H:\Jasmine\ConfigModule\config.js:82:29
    at ManagedPromise.invokeCallback_ (C:\Users\vijay\AppData\Roaming\npm\node_modules\protractor\node_modules\selenium-webdriver\lib\promise.js:1376:14)
    at TaskQueue.execute_ (C:\Users\vijay\AppData\Roaming\npm\node_modules\protractor\node_modules\selenium-webdriver\lib\promise.js:3084:14)
    at TaskQueue.executeNext_ (C:\Users\vijay\AppData\Roaming\npm\node_modules\protractor\node_modules\selenium-webdriver\lib\promise.js:3067:27)
    at C:\Users\vijay\AppData\Roaming\npm\node_modules\protractor\node_modules\selenium-webdriver\lib\promise.js:2927:27
    at C:\Users\vijay\AppData\Roaming\npm\node_modules\protractor\node_modules\selenium-webdriver\lib\promise.js:668:7
    at processTicksAndRejections (internal/process/task_queues.js:89:5)]]>
   </failure>
  </testcase>
  <testcase classname="Code for company number formate  under config" name="Enter the password" time="0.008">
   <failure type="exception" message="WebDriverError: No active session with ID 9808d853769486222280a56c3119a319"><![CDATA[WebDriverError: No active session with ID 9808d853769486222280a56c3119a319
    at Object.checkLegacyResponse (C:\Users\vijay\AppData\Roaming\npm\node_modules\protractor\node_modules\selenium-webdriver\lib\error.js:546:15)
    at parseHttpResponse (C:\Users\vijay\AppData\Roaming\npm\node_modules\protractor\node_modules\selenium-webdriver\lib\http.js:509:13)
    at C:\Users\vijay\AppData\Roaming\npm\node_modules\protractor\node_modules\selenium-webdriver\lib\http.js:441:30
    at processTicksAndRejections (internal/process/task_queues.js:89:5)
From: Task: WebDriver.takeScreenshot()
    at thenableWebDriverProxy.schedule (C:\Users\vijay\AppData\Roaming\npm\node_modules\protractor\node_modules\selenium-webdriver\lib\webdriver.js:807:17)
    at thenableWebDriverProxy.takeScreenshot (C:\Users\vijay\AppData\Roaming\npm\node_modules\protractor\node_modules\selenium-webdriver\lib\webdriver.js:1085:17)
    at run (C:\Users\vijay\AppData\Roaming\npm\node_modules\protractor\built\browser.js:59:33)
    at ProtractorBrowser.to.<computed> [as takeScreenshot] (C:\Users\vijay\AppData\Roaming\npm\node_modules\protractor\built\browser.js:67:16)
    at H:\Jasmine\ConfigModule\config.js:82:29
    at ManagedPromise.invokeCallback_ (C:\Users\vijay\AppData\Roaming\npm\node_modules\protractor\node_modules\selenium-webdriver\lib\promise.js:1376:14)
    at TaskQueue.execute_ (C:\Users\vijay\AppData\Roaming\npm\node_modules\protractor\node_modules\selenium-webdriver\lib\promise.js:3084:14)
    at TaskQueue.executeNext_ (C:\Users\vijay\AppData\Roaming\npm\node_modules\protractor\node_modules\selenium-webdriver\lib\promise.js:3067:27)
    at C:\Users\vijay\AppData\Roaming\npm\node_modules\protractor\node_modules\selenium-webdriver\lib\promise.js:2927:27
    at C:\Users\vijay\AppData\Roaming\npm\node_modules\protractor\node_modules\selenium-webdriver\lib\promise.js:668:7
    at processTicksAndRejections (internal/process/task_queues.js:89:5)]]>
   </failure>
  </testcase>
  <testcase classname="Code for company number formate  under config" name="click on login button" time="0.007">
   <failure type="exception" message="WebDriverError: No active session with ID 9808d853769486222280a56c3119a319"><![CDATA[WebDriverError: No active session with ID 9808d853769486222280a56c3119a319
    at Object.checkLegacyResponse (C:\Users\vijay\AppData\Roaming\npm\node_modules\protractor\node_modules\selenium-webdriver\lib\error.js:546:15)
    at parseHttpResponse (C:\Users\vijay\AppData\Roaming\npm\node_modules\protractor\node_modules\selenium-webdriver\lib\http.js:509:13)
    at C:\Users\vijay\AppData\Roaming\npm\node_modules\protractor\node_modules\selenium-webdriver\lib\http.js:441:30
    at processTicksAndRejections (internal/process/task_queues.js:89:5)
From: Task: WebDriver.takeScreenshot()
    at thenableWebDriverProxy.schedule (C:\Users\vijay\AppData\Roaming\npm\node_modules\protractor\node_modules\selenium-webdriver\lib\webdriver.js:807:17)
    at thenableWebDriverProxy.takeScreenshot (C:\Users\vijay\AppData\Roaming\npm\node_modules\protractor\node_modules\selenium-webdriver\lib\webdriver.js:1085:17)
    at run (C:\Users\vijay\AppData\Roaming\npm\node_modules\protractor\built\browser.js:59:33)
    at ProtractorBrowser.to.<computed> [as takeScreenshot] (C:\Users\vijay\AppData\Roaming\npm\node_modules\protractor\built\browser.js:67:16)
    at H:\Jasmine\ConfigModule\config.js:82:29
    at ManagedPromise.invokeCallback_ (C:\Users\vijay\AppData\Roaming\npm\node_modules\protractor\node_modules\selenium-webdriver\lib\promise.js:1376:14)
    at TaskQueue.execute_ (C:\Users\vijay\AppData\Roaming\npm\node_modules\protractor\node_modules\selenium-webdriver\lib\promise.js:3084:14)
    at TaskQueue.executeNext_ (C:\Users\vijay\AppData\Roaming\npm\node_modules\protractor\node_modules\selenium-webdriver\lib\promise.js:3067:27)
    at C:\Users\vijay\AppData\Roaming\npm\node_modules\protractor\node_modules\selenium-webdriver\lib\promise.js:2927:27
    at C:\Users\vijay\AppData\Roaming\npm\node_modules\protractor\node_modules\selenium-webdriver\lib\promise.js:668:7
    at processTicksAndRejections (internal/process/task_queues.js:89:5)]]>
   </failure>
  </testcase>
  <testcase classname="Code for company number formate  under config" name="Mouse hover CRM icon" time="0.006">
   <failure type="exception" message="WebDriverError: No active session with ID 9808d853769486222280a56c3119a319"><![CDATA[WebDriverError: No active session with ID 9808d853769486222280a56c3119a319
    at Object.checkLegacyResponse (C:\Users\vijay\AppData\Roaming\npm\node_modules\protractor\node_modules\selenium-webdriver\lib\error.js:546:15)
    at parseHttpResponse (C:\Users\vijay\AppData\Roaming\npm\node_modules\protractor\node_modules\selenium-webdriver\lib\http.js:509:13)
    at C:\Users\vijay\AppData\Roaming\npm\node_modules\protractor\node_modules\selenium-webdriver\lib\http.js:441:30
    at processTicksAndRejections (internal/process/task_queues.js:89:5)
From: Task: WebDriver.takeScreenshot()
    at thenableWebDriverProxy.schedule (C:\Users\vijay\AppData\Roaming\npm\node_modules\protractor\node_modules\selenium-webdriver\lib\webdriver.js:807:17)
    at thenableWebDriverProxy.takeScreenshot (C:\Users\vijay\AppData\Roaming\npm\node_modules\protractor\node_modules\selenium-webdriver\lib\webdriver.js:1085:17)
    at run (C:\Users\vijay\AppData\Roaming\npm\node_modules\protractor\built\browser.js:59:33)
    at ProtractorBrowser.to.<computed> [as takeScreenshot] (C:\Users\vijay\AppData\Roaming\npm\node_modules\protractor\built\browser.js:67:16)
    at H:\Jasmine\ConfigModule\config.js:82:29
    at ManagedPromise.invokeCallback_ (C:\Users\vijay\AppData\Roaming\npm\node_modules\protractor\node_modules\selenium-webdriver\lib\promise.js:1376:14)
    at TaskQueue.execute_ (C:\Users\vijay\AppData\Roaming\npm\node_modules\protractor\node_modules\selenium-webdriver\lib\promise.js:3084:14)
    at TaskQueue.executeNext_ (C:\Users\vijay\AppData\Roaming\npm\node_modules\protractor\node_modules\selenium-webdriver\lib\promise.js:3067:27)
    at C:\Users\vijay\AppData\Roaming\npm\node_modules\protractor\node_modules\selenium-webdriver\lib\promise.js:2927:27
    at C:\Users\vijay\AppData\Roaming\npm\node_modules\protractor\node_modules\selenium-webdriver\lib\promise.js:668:7
    at processTicksAndRejections (internal/process/task_queues.js:89:5)]]>
   </failure>
  </testcase>
  <testcase classname="Code for company number formate  under config" name="click on Manage Branches" time="0.008">
   <failure type="exception" message="WebDriverError: No active session with ID 9808d853769486222280a56c3119a319"><![CDATA[WebDriverError: No active session with ID 9808d853769486222280a56c3119a319
    at Object.checkLegacyResponse (C:\Users\vijay\AppData\Roaming\npm\node_modules\protractor\node_modules\selenium-webdriver\lib\error.js:546:15)
    at parseHttpResponse (C:\Users\vijay\AppData\Roaming\npm\node_modules\protractor\node_modules\selenium-webdriver\lib\http.js:509:13)
    at C:\Users\vijay\AppData\Roaming\npm\node_modules\protractor\node_modules\selenium-webdriver\lib\http.js:441:30
    at processTicksAndRejections (internal/process/task_queues.js:89:5)
From: Task: WebDriver.takeScreenshot()
    at thenableWebDriverProxy.schedule (C:\Users\vijay\AppData\Roaming\npm\node_modules\protractor\node_modules\selenium-webdriver\lib\webdriver.js:807:17)
    at thenableWebDriverProxy.takeScreenshot (C:\Users\vijay\AppData\Roaming\npm\node_modules\protractor\node_modules\selenium-webdriver\lib\webdriver.js:1085:17)
    at run (C:\Users\vijay\AppData\Roaming\npm\node_modules\protractor\built\browser.js:59:33)
    at ProtractorBrowser.to.<computed> [as takeScreenshot] (C:\Users\vijay\AppData\Roaming\npm\node_modules\protractor\built\browser.js:67:16)
    at H:\Jasmine\ConfigModule\config.js:82:29
    at ManagedPromise.invokeCallback_ (C:\Users\vijay\AppData\Roaming\npm\node_modules\protractor\node_modules\selenium-webdriver\lib\promise.js:1376:14)
    at TaskQueue.execute_ (C:\Users\vijay\AppData\Roaming\npm\node_modules\protractor\node_modules\selenium-webdriver\lib\promise.js:3084:14)
    at TaskQueue.executeNext_ (C:\Users\vijay\AppData\Roaming\npm\node_modules\protractor\node_modules\selenium-webdriver\lib\promise.js:3067:27)
    at C:\Users\vijay\AppData\Roaming\npm\node_modules\protractor\node_modules\selenium-webdriver\lib\promise.js:2927:27
    at C:\Users\vijay\AppData\Roaming\npm\node_modules\protractor\node_modules\selenium-webdriver\lib\promise.js:668:7
    at processTicksAndRejections (internal/process/task_queues.js:89:5)]]>
   </failure>
  </testcase>
  <testcase classname="Code for company number formate  under config" name="click For editbranch" time="0.008">
   <failure type="exception" message="WebDriverError: No active session with ID 9808d853769486222280a56c3119a319"><![CDATA[WebDriverError: No active session with ID 9808d853769486222280a56c3119a319
    at Object.checkLegacyResponse (C:\Users\vijay\AppData\Roaming\npm\node_modules\protractor\node_modules\selenium-webdriver\lib\error.js:546:15)
    at parseHttpResponse (C:\Users\vijay\AppData\Roaming\npm\node_modules\protractor\node_modules\selenium-webdriver\lib\http.js:509:13)
    at C:\Users\vijay\AppData\Roaming\npm\node_modules\protractor\node_modules\selenium-webdriver\lib\http.js:441:30
    at processTicksAndRejections (internal/process/task_queues.js:89:5)
From: Task: WebDriver.takeScreenshot()
    at thenableWebDriverProxy.schedule (C:\Users\vijay\AppData\Roaming\npm\node_modules\protractor\node_modules\selenium-webdriver\lib\webdriver.js:807:17)
    at thenableWebDriverProxy.takeScreenshot (C:\Users\vijay\AppData\Roaming\npm\node_modules\protractor\node_modules\selenium-webdriver\lib\webdriver.js:1085:17)
    at run (C:\Users\vijay\AppData\Roaming\npm\node_modules\protractor\built\browser.js:59:33)
    at ProtractorBrowser.to.<computed> [as takeScreenshot] (C:\Users\vijay\AppData\Roaming\npm\node_modules\protractor\built\browser.js:67:16)
    at H:\Jasmine\ConfigModule\config.js:82:29
    at ManagedPromise.invokeCallback_ (C:\Users\vijay\AppData\Roaming\npm\node_modules\protractor\node_modules\selenium-webdriver\lib\promise.js:1376:14)
    at TaskQueue.execute_ (C:\Users\vijay\AppData\Roaming\npm\node_modules\protractor\node_modules\selenium-webdriver\lib\promise.js:3084:14)
    at TaskQueue.executeNext_ (C:\Users\vijay\AppData\Roaming\npm\node_modules\protractor\node_modules\selenium-webdriver\lib\promise.js:3067:27)
    at C:\Users\vijay\AppData\Roaming\npm\node_modules\protractor\node_modules\selenium-webdriver\lib\promise.js:2927:27
    at C:\Users\vijay\AppData\Roaming\npm\node_modules\protractor\node_modules\selenium-webdriver\lib\promise.js:668:7
    at processTicksAndRejections (internal/process/task_queues.js:89:5)]]>
   </failure>
  </testcase>
  <testcase classname="Code for company number formate  under config" name="Edit the branch name" time="0.009">
   <failure type="exception" message="WebDriverError: No active session with ID 9808d853769486222280a56c3119a319"><![CDATA[WebDriverError: No active session with ID 9808d853769486222280a56c3119a319
    at Object.checkLegacyResponse (C:\Users\vijay\AppData\Roaming\npm\node_modules\protractor\node_modules\selenium-webdriver\lib\error.js:546:15)
    at parseHttpResponse (C:\Users\vijay\AppData\Roaming\npm\node_modules\protractor\node_modules\selenium-webdriver\lib\http.js:509:13)
    at C:\Users\vijay\AppData\Roaming\npm\node_modules\protractor\node_modules\selenium-webdriver\lib\http.js:441:30
    at processTicksAndRejections (internal/process/task_queues.js:89:5)
From: Task: WebDriver.takeScreenshot()
    at thenableWebDriverProxy.schedule (C:\Users\vijay\AppData\Roaming\npm\node_modules\protractor\node_modules\selenium-webdriver\lib\webdriver.js:807:17)
    at thenableWebDriverProxy.takeScreenshot (C:\Users\vijay\AppData\Roaming\npm\node_modules\protractor\node_modules\selenium-webdriver\lib\webdriver.js:1085:17)
    at run (C:\Users\vijay\AppData\Roaming\npm\node_modules\protractor\built\browser.js:59:33)
    at ProtractorBrowser.to.<computed> [as takeScreenshot] (C:\Users\vijay\AppData\Roaming\npm\node_modules\protractor\built\browser.js:67:16)
    at H:\Jasmine\ConfigModule\config.js:82:29
    at ManagedPromise.invokeCallback_ (C:\Users\vijay\AppData\Roaming\npm\node_modules\protractor\node_modules\selenium-webdriver\lib\promise.js:1376:14)
    at TaskQueue.execute_ (C:\Users\vijay\AppData\Roaming\npm\node_modules\protractor\node_modules\selenium-webdriver\lib\promise.js:3084:14)
    at TaskQueue.executeNext_ (C:\Users\vijay\AppData\Roaming\npm\node_modules\protractor\node_modules\selenium-webdriver\lib\promise.js:3067:27)
    at C:\Users\vijay\AppData\Roaming\npm\node_modules\protractor\node_modules\selenium-webdriver\lib\promise.js:2927:27
    at C:\Users\vijay\AppData\Roaming\npm\node_modules\protractor\node_modules\selenium-webdriver\lib\promise.js:668:7
    at processTicksAndRejections (internal/process/task_queues.js:89:5)]]>
   </failure>
  </testcase>
  <testcase classname="Code for company number formate  under config" name="Edit the phone number" time="0.006">
   <failure type="exception" message="WebDriverError: No active session with ID 9808d853769486222280a56c3119a319"><![CDATA[WebDriverError: No active session with ID 9808d853769486222280a56c3119a319
    at Object.checkLegacyResponse (C:\Users\vijay\AppData\Roaming\npm\node_modules\protractor\node_modules\selenium-webdriver\lib\error.js:546:15)
    at parseHttpResponse (C:\Users\vijay\AppData\Roaming\npm\node_modules\protractor\node_modules\selenium-webdriver\lib\http.js:509:13)
    at C:\Users\vijay\AppData\Roaming\npm\node_modules\protractor\node_modules\selenium-webdriver\lib\http.js:441:30
    at processTicksAndRejections (internal/process/task_queues.js:89:5)
From: Task: WebDriver.takeScreenshot()
    at thenableWebDriverProxy.schedule (C:\Users\vijay\AppData\Roaming\npm\node_modules\protractor\node_modules\selenium-webdriver\lib\webdriver.js:807:17)
    at thenableWebDriverProxy.takeScreenshot (C:\Users\vijay\AppData\Roaming\npm\node_modules\protractor\node_modules\selenium-webdriver\lib\webdriver.js:1085:17)
    at run (C:\Users\vijay\AppData\Roaming\npm\node_modules\protractor\built\browser.js:59:33)
    at ProtractorBrowser.to.<computed> [as takeScreenshot] (C:\Users\vijay\AppData\Roaming\npm\node_modules\protractor\built\browser.js:67:16)
    at H:\Jasmine\ConfigModule\config.js:82:29
    at ManagedPromise.invokeCallback_ (C:\Users\vijay\AppData\Roaming\npm\node_modules\protractor\node_modules\selenium-webdriver\lib\promise.js:1376:14)
    at TaskQueue.execute_ (C:\Users\vijay\AppData\Roaming\npm\node_modules\protractor\node_modules\selenium-webdriver\lib\promise.js:3084:14)
    at TaskQueue.executeNext_ (C:\Users\vijay\AppData\Roaming\npm\node_modules\protractor\node_modules\selenium-webdriver\lib\promise.js:3067:27)
    at C:\Users\vijay\AppData\Roaming\npm\node_modules\protractor\node_modules\selenium-webdriver\lib\promise.js:2927:27
    at C:\Users\vijay\AppData\Roaming\npm\node_modules\protractor\node_modules\selenium-webdriver\lib\promise.js:668:7
    at processTicksAndRejections (internal/process/task_queues.js:89:5)]]>
   </failure>
  </testcase>
  <testcase classname="Code for company number formate  under config" name="Edit the fax number" time="0.007">
   <failure type="exception" message="WebDriverError: No active session with ID 9808d853769486222280a56c3119a319"><![CDATA[WebDriverError: No active session with ID 9808d853769486222280a56c3119a319
    at Object.checkLegacyResponse (C:\Users\vijay\AppData\Roaming\npm\node_modules\protractor\node_modules\selenium-webdriver\lib\error.js:546:15)
    at parseHttpResponse (C:\Users\vijay\AppData\Roaming\npm\node_modules\protractor\node_modules\selenium-webdriver\lib\http.js:509:13)
    at C:\Users\vijay\AppData\Roaming\npm\node_modules\protractor\node_modules\selenium-webdriver\lib\http.js:441:30
    at processTicksAndRejections (internal/process/task_queues.js:89:5)
From: Task: WebDriver.takeScreenshot()
    at thenableWebDriverProxy.schedule (C:\Users\vijay\AppData\Roaming\npm\node_modules\protractor\node_modules\selenium-webdriver\lib\webdriver.js:807:17)
    at thenableWebDriverProxy.takeScreenshot (C:\Users\vijay\AppData\Roaming\npm\node_modules\protractor\node_modules\selenium-webdriver\lib\webdriver.js:1085:17)
    at run (C:\Users\vijay\AppData\Roaming\npm\node_modules\protractor\built\browser.js:59:33)
    at ProtractorBrowser.to.<computed> [as takeScreenshot] (C:\Users\vijay\AppData\Roaming\npm\node_modules\protractor\built\browser.js:67:16)
    at H:\Jasmine\ConfigModule\config.js:82:29
    at ManagedPromise.invokeCallback_ (C:\Users\vijay\AppData\Roaming\npm\node_modules\protractor\node_modules\selenium-webdriver\lib\promise.js:1376:14)
    at TaskQueue.execute_ (C:\Users\vijay\AppData\Roaming\npm\node_modules\protractor\node_modules\selenium-webdriver\lib\promise.js:3084:14)
    at TaskQueue.executeNext_ (C:\Users\vijay\AppData\Roaming\npm\node_modules\protractor\node_modules\selenium-webdriver\lib\promise.js:3067:27)
    at C:\Users\vijay\AppData\Roaming\npm\node_modules\protractor\node_modules\selenium-webdriver\lib\promise.js:2927:27
    at C:\Users\vijay\AppData\Roaming\npm\node_modules\protractor\node_modules\selenium-webdriver\lib\promise.js:668:7
    at processTicksAndRejections (internal/process/task_queues.js:89:5)]]>
   </failure>
  </testcase>
  <testcase classname="Code for company number formate  under config" name="Edit the address" time="0.007">
   <failure type="exception" message="WebDriverError: No active session with ID 9808d853769486222280a56c3119a319"><![CDATA[WebDriverError: No active session with ID 9808d853769486222280a56c3119a319
    at Object.checkLegacyResponse (C:\Users\vijay\AppData\Roaming\npm\node_modules\protractor\node_modules\selenium-webdriver\lib\error.js:546:15)
    at parseHttpResponse (C:\Users\vijay\AppData\Roaming\npm\node_modules\protractor\node_modules\selenium-webdriver\lib\http.js:509:13)
    at C:\Users\vijay\AppData\Roaming\npm\node_modules\protractor\node_modules\selenium-webdriver\lib\http.js:441:30
    at processTicksAndRejections (internal/process/task_queues.js:89:5)
From: Task: WebDriver.takeScreenshot()
    at thenableWebDriverProxy.schedule (C:\Users\vijay\AppData\Roaming\npm\node_modules\protractor\node_modules\selenium-webdriver\lib\webdriver.js:807:17)
    at thenableWebDriverProxy.takeScreenshot (C:\Users\vijay\AppData\Roaming\npm\node_modules\protractor\node_modules\selenium-webdriver\lib\webdriver.js:1085:17)
    at run (C:\Users\vijay\AppData\Roaming\npm\node_modules\protractor\built\browser.js:59:33)
    at ProtractorBrowser.to.<computed> [as takeScreenshot] (C:\Users\vijay\AppData\Roaming\npm\node_modules\protractor\built\browser.js:67:16)
    at H:\Jasmine\ConfigModule\config.js:82:29
    at ManagedPromise.invokeCallback_ (C:\Users\vijay\AppData\Roaming\npm\node_modules\protractor\node_modules\selenium-webdriver\lib\promise.js:1376:14)
    at TaskQueue.execute_ (C:\Users\vijay\AppData\Roaming\npm\node_modules\protractor\node_modules\selenium-webdriver\lib\promise.js:3084:14)
    at TaskQueue.executeNext_ (C:\Users\vijay\AppData\Roaming\npm\node_modules\protractor\node_modules\selenium-webdriver\lib\promise.js:3067:27)
    at C:\Users\vijay\AppData\Roaming\npm\node_modules\protractor\node_modules\selenium-webdriver\lib\promise.js:2927:27
    at C:\Users\vijay\AppData\Roaming\npm\node_modules\protractor\node_modules\selenium-webdriver\lib\promise.js:668:7
    at processTicksAndRejections (internal/process/task_queues.js:89:5)]]>
   </failure>
  </testcase>
  <testcase classname="Code for company number formate  under config" name="Enter the street" time="0.01">
   <failure type="exception" message="WebDriverError: No active session with ID 9808d853769486222280a56c3119a319"><![CDATA[WebDriverError: No active session with ID 9808d853769486222280a56c3119a319
    at Object.checkLegacyResponse (C:\Users\vijay\AppData\Roaming\npm\node_modules\protractor\node_modules\selenium-webdriver\lib\error.js:546:15)
    at parseHttpResponse (C:\Users\vijay\AppData\Roaming\npm\node_modules\protractor\node_modules\selenium-webdriver\lib\http.js:509:13)
    at C:\Users\vijay\AppData\Roaming\npm\node_modules\protractor\node_modules\selenium-webdriver\lib\http.js:441:30
    at processTicksAndRejections (internal/process/task_queues.js:89:5)
From: Task: WebDriver.takeScreenshot()
    at thenableWebDriverProxy.schedule (C:\Users\vijay\AppData\Roaming\npm\node_modules\protractor\node_modules\selenium-webdriver\lib\webdriver.js:807:17)
    at thenableWebDriverProxy.takeScreenshot (C:\Users\vijay\AppData\Roaming\npm\node_modules\protractor\node_modules\selenium-webdriver\lib\webdriver.js:1085:17)
    at run (C:\Users\vijay\AppData\Roaming\npm\node_modules\protractor\built\browser.js:59:33)
    at ProtractorBrowser.to.<computed> [as takeScreenshot] (C:\Users\vijay\AppData\Roaming\npm\node_modules\protractor\built\browser.js:67:16)
    at H:\Jasmine\ConfigModule\config.js:82:29
    at ManagedPromise.invokeCallback_ (C:\Users\vijay\AppData\Roaming\npm\node_modules\protractor\node_modules\selenium-webdriver\lib\promise.js:1376:14)
    at TaskQueue.execute_ (C:\Users\vijay\AppData\Roaming\npm\node_modules\protractor\node_modules\selenium-webdriver\lib\promise.js:3084:14)
    at TaskQueue.executeNext_ (C:\Users\vijay\AppData\Roaming\npm\node_modules\protractor\node_modules\selenium-webdriver\lib\promise.js:3067:27)
    at C:\Users\vijay\AppData\Roaming\npm\node_modules\protractor\node_modules\selenium-webdriver\lib\promise.js:2927:27
    at C:\Users\vijay\AppData\Roaming\npm\node_modules\protractor\node_modules\selenium-webdriver\lib\promise.js:668:7
    at processTicksAndRejections (internal/process/task_queues.js:89:5)]]>
   </failure>
  </testcase>
  <testcase classname="Code for company number formate  under config" name="Edit the zipcode" time="0.006">
   <failure type="exception" message="WebDriverError: No active session with ID 9808d853769486222280a56c3119a319"><![CDATA[WebDriverError: No active session with ID 9808d853769486222280a56c3119a319
    at Object.checkLegacyResponse (C:\Users\vijay\AppData\Roaming\npm\node_modules\protractor\node_modules\selenium-webdriver\lib\error.js:546:15)
    at parseHttpResponse (C:\Users\vijay\AppData\Roaming\npm\node_modules\protractor\node_modules\selenium-webdriver\lib\http.js:509:13)
    at C:\Users\vijay\AppData\Roaming\npm\node_modules\protractor\node_modules\selenium-webdriver\lib\http.js:441:30
    at processTicksAndRejections (internal/process/task_queues.js:89:5)
From: Task: WebDriver.takeScreenshot()
    at thenableWebDriverProxy.schedule (C:\Users\vijay\AppData\Roaming\npm\node_modules\protractor\node_modules\selenium-webdriver\lib\webdriver.js:807:17)
    at thenableWebDriverProxy.takeScreenshot (C:\Users\vijay\AppData\Roaming\npm\node_modules\protractor\node_modules\selenium-webdriver\lib\webdriver.js:1085:17)
    at run (C:\Users\vijay\AppData\Roaming\npm\node_modules\protractor\built\browser.js:59:33)
    at ProtractorBrowser.to.<computed> [as takeScreenshot] (C:\Users\vijay\AppData\Roaming\npm\node_modules\protractor\built\browser.js:67:16)
    at H:\Jasmine\ConfigModule\config.js:82:29
    at ManagedPromise.invokeCallback_ (C:\Users\vijay\AppData\Roaming\npm\node_modules\protractor\node_modules\selenium-webdriver\lib\promise.js:1376:14)
    at TaskQueue.execute_ (C:\Users\vijay\AppData\Roaming\npm\node_modules\protractor\node_modules\selenium-webdriver\lib\promise.js:3084:14)
    at TaskQueue.executeNext_ (C:\Users\vijay\AppData\Roaming\npm\node_modules\protractor\node_modules\selenium-webdriver\lib\promise.js:3067:27)
    at C:\Users\vijay\AppData\Roaming\npm\node_modules\protractor\node_modules\selenium-webdriver\lib\promise.js:2927:27
    at C:\Users\vijay\AppData\Roaming\npm\node_modules\protractor\node_modules\selenium-webdriver\lib\promise.js:668:7
    at processTicksAndRejections (internal/process/task_queues.js:89:5)]]>
   </failure>
  </testcase>
  <testcase classname="Code for company number formate  under config" name="Edit the description" time="0.008">
   <failure type="exception" message="WebDriverError: No active session with ID 9808d853769486222280a56c3119a319"><![CDATA[WebDriverError: No active session with ID 9808d853769486222280a56c3119a319
    at Object.checkLegacyResponse (C:\Users\vijay\AppData\Roaming\npm\node_modules\protractor\node_modules\selenium-webdriver\lib\error.js:546:15)
    at parseHttpResponse (C:\Users\vijay\AppData\Roaming\npm\node_modules\protractor\node_modules\selenium-webdriver\lib\http.js:509:13)
    at C:\Users\vijay\AppData\Roaming\npm\node_modules\protractor\node_modules\selenium-webdriver\lib\http.js:441:30
    at processTicksAndRejections (internal/process/task_queues.js:89:5)
From: Task: WebDriver.takeScreenshot()
    at thenableWebDriverProxy.schedule (C:\Users\vijay\AppData\Roaming\npm\node_modules\protractor\node_modules\selenium-webdriver\lib\webdriver.js:807:17)
    at thenableWebDriverProxy.takeScreenshot (C:\Users\vijay\AppData\Roaming\npm\node_modules\protractor\node_modules\selenium-webdriver\lib\webdriver.js:1085:17)
    at run (C:\Users\vijay\AppData\Roaming\npm\node_modules\protractor\built\browser.js:59:33)
    at ProtractorBrowser.to.<computed> [as takeScreenshot] (C:\Users\vijay\AppData\Roaming\npm\node_modules\protractor\built\browser.js:67:16)
    at H:\Jasmine\ConfigModule\config.js:82:29
    at ManagedPromise.invokeCallback_ (C:\Users\vijay\AppData\Roaming\npm\node_modules\protractor\node_modules\selenium-webdriver\lib\promise.js:1376:14)
    at TaskQueue.execute_ (C:\Users\vijay\AppData\Roaming\npm\node_modules\protractor\node_modules\selenium-webdriver\lib\promise.js:3084:14)
    at TaskQueue.executeNext_ (C:\Users\vijay\AppData\Roaming\npm\node_modules\protractor\node_modules\selenium-webdriver\lib\promise.js:3067:27)
    at C:\Users\vijay\AppData\Roaming\npm\node_modules\protractor\node_modules\selenium-webdriver\lib\promise.js:2927:27
    at C:\Users\vijay\AppData\Roaming\npm\node_modules\protractor\node_modules\selenium-webdriver\lib\promise.js:668:7
    at processTicksAndRejections (internal/process/task_queues.js:89:5)]]>
   </failure>
  </testcase>
  <testcase classname="Code for company number formate  under config" name="Click For Save Changes" time="0.008">
   <failure type="exception" message="WebDriverError: No active session with ID 9808d853769486222280a56c3119a319"><![CDATA[WebDriverError: No active session with ID 9808d853769486222280a56c3119a319
    at Object.checkLegacyResponse (C:\Users\vijay\AppData\Roaming\npm\node_modules\protractor\node_modules\selenium-webdriver\lib\error.js:546:15)
    at parseHttpResponse (C:\Users\vijay\AppData\Roaming\npm\node_modules\protractor\node_modules\selenium-webdriver\lib\http.js:509:13)
    at C:\Users\vijay\AppData\Roaming\npm\node_modules\protractor\node_modules\selenium-webdriver\lib\http.js:441:30
    at processTicksAndRejections (internal/process/task_queues.js:89:5)
From: Task: WebDriver.takeScreenshot()
    at thenableWebDriverProxy.schedule (C:\Users\vijay\AppData\Roaming\npm\node_modules\protractor\node_modules\selenium-webdriver\lib\webdriver.js:807:17)
    at thenableWebDriverProxy.takeScreenshot (C:\Users\vijay\AppData\Roaming\npm\node_modules\protractor\node_modules\selenium-webdriver\lib\webdriver.js:1085:17)
    at run (C:\Users\vijay\AppData\Roaming\npm\node_modules\protractor\built\browser.js:59:33)
    at ProtractorBrowser.to.<computed> [as takeScreenshot] (C:\Users\vijay\AppData\Roaming\npm\node_modules\protractor\built\browser.js:67:16)
    at H:\Jasmine\ConfigModule\config.js:82:29
    at ManagedPromise.invokeCallback_ (C:\Users\vijay\AppData\Roaming\npm\node_modules\protractor\node_modules\selenium-webdriver\lib\promise.js:1376:14)
    at TaskQueue.execute_ (C:\Users\vijay\AppData\Roaming\npm\node_modules\protractor\node_modules\selenium-webdriver\lib\promise.js:3084:14)
    at TaskQueue.executeNext_ (C:\Users\vijay\AppData\Roaming\npm\node_modules\protractor\node_modules\selenium-webdriver\lib\promise.js:3067:27)
    at C:\Users\vijay\AppData\Roaming\npm\node_modules\protractor\node_modules\selenium-webdriver\lib\promise.js:2927:27
    at C:\Users\vijay\AppData\Roaming\npm\node_modules\protractor\node_modules\selenium-webdriver\lib\promise.js:668:7
    at processTicksAndRejections (internal/process/task_queues.js:89:5)]]>
   </failure>
  </testcase>
  <testcase classname="Code for company number formate  under config" name="Click For View Branches" time="0.007">
   <failure type="exception" message="WebDriverError: No active session with ID 9808d853769486222280a56c3119a319"><![CDATA[WebDriverError: No active session with ID 9808d853769486222280a56c3119a319
    at Object.checkLegacyResponse (C:\Users\vijay\AppData\Roaming\npm\node_modules\protractor\node_modules\selenium-webdriver\lib\error.js:546:15)
    at parseHttpResponse (C:\Users\vijay\AppData\Roaming\npm\node_modules\protractor\node_modules\selenium-webdriver\lib\http.js:509:13)
    at C:\Users\vijay\AppData\Roaming\npm\node_modules\protractor\node_modules\selenium-webdriver\lib\http.js:441:30
    at processTicksAndRejections (internal/process/task_queues.js:89:5)
From: Task: WebDriver.takeScreenshot()
    at thenableWebDriverProxy.schedule (C:\Users\vijay\AppData\Roaming\npm\node_modules\protractor\node_modules\selenium-webdriver\lib\webdriver.js:807:17)
    at thenableWebDriverProxy.takeScreenshot (C:\Users\vijay\AppData\Roaming\npm\node_modules\protractor\node_modules\selenium-webdriver\lib\webdriver.js:1085:17)
    at run (C:\Users\vijay\AppData\Roaming\npm\node_modules\protractor\built\browser.js:59:33)
    at ProtractorBrowser.to.<computed> [as takeScreenshot] (C:\Users\vijay\AppData\Roaming\npm\node_modules\protractor\built\browser.js:67:16)
    at H:\Jasmine\ConfigModule\config.js:82:29
    at ManagedPromise.invokeCallback_ (C:\Users\vijay\AppData\Roaming\npm\node_modules\protractor\node_modules\selenium-webdriver\lib\promise.js:1376:14)
    at TaskQueue.execute_ (C:\Users\vijay\AppData\Roaming\npm\node_modules\protractor\node_modules\selenium-webdriver\lib\promise.js:3084:14)
    at TaskQueue.executeNext_ (C:\Users\vijay\AppData\Roaming\npm\node_modules\protractor\node_modules\selenium-webdriver\lib\promise.js:3067:27)
    at C:\Users\vijay\AppData\Roaming\npm\node_modules\protractor\node_modules\selenium-webdriver\lib\promise.js:2927:27
    at C:\Users\vijay\AppData\Roaming\npm\node_modules\protractor\node_modules\selenium-webdriver\lib\promise.js:668:7
    at processTicksAndRejections (internal/process/task_queues.js:89:5)]]>
   </failure>
  </testcase>
 </testsuite>
 <testsuite name="Code for workweek under config" timestamp="2019-11-08T13:23:29" hostname="localhost" time="0.132" errors="0" tests="17" skipped="0" disabled="0" failures="17">
  <testcase classname="Code for workweek under config" name="open the browser" time="0.011">
   <failure type="exception" message="WebDriverError: No active session with ID 9808d853769486222280a56c3119a319"><![CDATA[WebDriverError: No active session with ID 9808d853769486222280a56c3119a319
    at Object.checkLegacyResponse (C:\Users\vijay\AppData\Roaming\npm\node_modules\protractor\node_modules\selenium-webdriver\lib\error.js:546:15)
    at parseHttpResponse (C:\Users\vijay\AppData\Roaming\npm\node_modules\protractor\node_modules\selenium-webdriver\lib\http.js:509:13)
    at C:\Users\vijay\AppData\Roaming\npm\node_modules\protractor\node_modules\selenium-webdriver\lib\http.js:441:30
    at processTicksAndRejections (internal/process/task_queues.js:89:5)
From: Task: WebDriver.takeScreenshot()
    at thenableWebDriverProxy.schedule (C:\Users\vijay\AppData\Roaming\npm\node_modules\protractor\node_modules\selenium-webdriver\lib\webdriver.js:807:17)
    at thenableWebDriverProxy.takeScreenshot (C:\Users\vijay\AppData\Roaming\npm\node_modules\protractor\node_modules\selenium-webdriver\lib\webdriver.js:1085:17)
    at run (C:\Users\vijay\AppData\Roaming\npm\node_modules\protractor\built\browser.js:59:33)
    at ProtractorBrowser.to.<computed> [as takeScreenshot] (C:\Users\vijay\AppData\Roaming\npm\node_modules\protractor\built\browser.js:67:16)
    at H:\Jasmine\ConfigModule\config.js:82:29
    at ManagedPromise.invokeCallback_ (C:\Users\vijay\AppData\Roaming\npm\node_modules\protractor\node_modules\selenium-webdriver\lib\promise.js:1376:14)
    at TaskQueue.execute_ (C:\Users\vijay\AppData\Roaming\npm\node_modules\protractor\node_modules\selenium-webdriver\lib\promise.js:3084:14)
    at TaskQueue.executeNext_ (C:\Users\vijay\AppData\Roaming\npm\node_modules\protractor\node_modules\selenium-webdriver\lib\promise.js:3067:27)
    at C:\Users\vijay\AppData\Roaming\npm\node_modules\protractor\node_modules\selenium-webdriver\lib\promise.js:2927:27
    at C:\Users\vijay\AppData\Roaming\npm\node_modules\protractor\node_modules\selenium-webdriver\lib\promise.js:668:7
    at processTicksAndRejections (internal/process/task_queues.js:89:5)]]>
   </failure>
  </testcase>
  <testcase classname="Code for workweek under config" name="Enter the username" time="0.011">
   <failure type="exception" message="WebDriverError: No active session with ID 9808d853769486222280a56c3119a319"><![CDATA[WebDriverError: No active session with ID 9808d853769486222280a56c3119a319
    at Object.checkLegacyResponse (C:\Users\vijay\AppData\Roaming\npm\node_modules\protractor\node_modules\selenium-webdriver\lib\error.js:546:15)
    at parseHttpResponse (C:\Users\vijay\AppData\Roaming\npm\node_modules\protractor\node_modules\selenium-webdriver\lib\http.js:509:13)
    at C:\Users\vijay\AppData\Roaming\npm\node_modules\protractor\node_modules\selenium-webdriver\lib\http.js:441:30
    at processTicksAndRejections (internal/process/task_queues.js:89:5)
From: Task: WebDriver.takeScreenshot()
    at thenableWebDriverProxy.schedule (C:\Users\vijay\AppData\Roaming\npm\node_modules\protractor\node_modules\selenium-webdriver\lib\webdriver.js:807:17)
    at thenableWebDriverProxy.takeScreenshot (C:\Users\vijay\AppData\Roaming\npm\node_modules\protractor\node_modules\selenium-webdriver\lib\webdriver.js:1085:17)
    at run (C:\Users\vijay\AppData\Roaming\npm\node_modules\protractor\built\browser.js:59:33)
    at ProtractorBrowser.to.<computed> [as takeScreenshot] (C:\Users\vijay\AppData\Roaming\npm\node_modules\protractor\built\browser.js:67:16)
    at H:\Jasmine\ConfigModule\config.js:82:29
    at ManagedPromise.invokeCallback_ (C:\Users\vijay\AppData\Roaming\npm\node_modules\protractor\node_modules\selenium-webdriver\lib\promise.js:1376:14)
    at TaskQueue.execute_ (C:\Users\vijay\AppData\Roaming\npm\node_modules\protractor\node_modules\selenium-webdriver\lib\promise.js:3084:14)
    at TaskQueue.executeNext_ (C:\Users\vijay\AppData\Roaming\npm\node_modules\protractor\node_modules\selenium-webdriver\lib\promise.js:3067:27)
    at C:\Users\vijay\AppData\Roaming\npm\node_modules\protractor\node_modules\selenium-webdriver\lib\promise.js:2927:27
    at C:\Users\vijay\AppData\Roaming\npm\node_modules\protractor\node_modules\selenium-webdriver\lib\promise.js:668:7
    at processTicksAndRejections (internal/process/task_queues.js:89:5)]]>
   </failure>
  </testcase>
  <testcase classname="Code for workweek under config" name="Enter the password" time="0.006">
   <failure type="exception" message="WebDriverError: No active session with ID 9808d853769486222280a56c3119a319"><![CDATA[WebDriverError: No active session with ID 9808d853769486222280a56c3119a319
    at Object.checkLegacyResponse (C:\Users\vijay\AppData\Roaming\npm\node_modules\protractor\node_modules\selenium-webdriver\lib\error.js:546:15)
    at parseHttpResponse (C:\Users\vijay\AppData\Roaming\npm\node_modules\protractor\node_modules\selenium-webdriver\lib\http.js:509:13)
    at C:\Users\vijay\AppData\Roaming\npm\node_modules\protractor\node_modules\selenium-webdriver\lib\http.js:441:30
    at processTicksAndRejections (internal/process/task_queues.js:89:5)
From: Task: WebDriver.takeScreenshot()
    at thenableWebDriverProxy.schedule (C:\Users\vijay\AppData\Roaming\npm\node_modules\protractor\node_modules\selenium-webdriver\lib\webdriver.js:807:17)
    at thenableWebDriverProxy.takeScreenshot (C:\Users\vijay\AppData\Roaming\npm\node_modules\protractor\node_modules\selenium-webdriver\lib\webdriver.js:1085:17)
    at run (C:\Users\vijay\AppData\Roaming\npm\node_modules\protractor\built\browser.js:59:33)
    at ProtractorBrowser.to.<computed> [as takeScreenshot] (C:\Users\vijay\AppData\Roaming\npm\node_modules\protractor\built\browser.js:67:16)
    at H:\Jasmine\ConfigModule\config.js:82:29
    at ManagedPromise.invokeCallback_ (C:\Users\vijay\AppData\Roaming\npm\node_modules\protractor\node_modules\selenium-webdriver\lib\promise.js:1376:14)
    at TaskQueue.execute_ (C:\Users\vijay\AppData\Roaming\npm\node_modules\protractor\node_modules\selenium-webdriver\lib\promise.js:3084:14)
    at TaskQueue.executeNext_ (C:\Users\vijay\AppData\Roaming\npm\node_modules\protractor\node_modules\selenium-webdriver\lib\promise.js:3067:27)
    at C:\Users\vijay\AppData\Roaming\npm\node_modules\protractor\node_modules\selenium-webdriver\lib\promise.js:2927:27
    at C:\Users\vijay\AppData\Roaming\npm\node_modules\protractor\node_modules\selenium-webdriver\lib\promise.js:668:7
    at processTicksAndRejections (internal/process/task_queues.js:89:5)]]>
   </failure>
  </testcase>
  <testcase classname="Code for workweek under config" name="click on login button" time="0.007">
   <failure type="exception" message="WebDriverError: No active session with ID 9808d853769486222280a56c3119a319"><![CDATA[WebDriverError: No active session with ID 9808d853769486222280a56c3119a319
    at Object.checkLegacyResponse (C:\Users\vijay\AppData\Roaming\npm\node_modules\protractor\node_modules\selenium-webdriver\lib\error.js:546:15)
    at parseHttpResponse (C:\Users\vijay\AppData\Roaming\npm\node_modules\protractor\node_modules\selenium-webdriver\lib\http.js:509:13)
    at C:\Users\vijay\AppData\Roaming\npm\node_modules\protractor\node_modules\selenium-webdriver\lib\http.js:441:30
    at processTicksAndRejections (internal/process/task_queues.js:89:5)
From: Task: WebDriver.takeScreenshot()
    at thenableWebDriverProxy.schedule (C:\Users\vijay\AppData\Roaming\npm\node_modules\protractor\node_modules\selenium-webdriver\lib\webdriver.js:807:17)
    at thenableWebDriverProxy.takeScreenshot (C:\Users\vijay\AppData\Roaming\npm\node_modules\protractor\node_modules\selenium-webdriver\lib\webdriver.js:1085:17)
    at run (C:\Users\vijay\AppData\Roaming\npm\node_modules\protractor\built\browser.js:59:33)
    at ProtractorBrowser.to.<computed> [as takeScreenshot] (C:\Users\vijay\AppData\Roaming\npm\node_modules\protractor\built\browser.js:67:16)
    at H:\Jasmine\ConfigModule\config.js:82:29
    at ManagedPromise.invokeCallback_ (C:\Users\vijay\AppData\Roaming\npm\node_modules\protractor\node_modules\selenium-webdriver\lib\promise.js:1376:14)
    at TaskQueue.execute_ (C:\Users\vijay\AppData\Roaming\npm\node_modules\protractor\node_modules\selenium-webdriver\lib\promise.js:3084:14)
    at TaskQueue.executeNext_ (C:\Users\vijay\AppData\Roaming\npm\node_modules\protractor\node_modules\selenium-webdriver\lib\promise.js:3067:27)
    at C:\Users\vijay\AppData\Roaming\npm\node_modules\protractor\node_modules\selenium-webdriver\lib\promise.js:2927:27
    at C:\Users\vijay\AppData\Roaming\npm\node_modules\protractor\node_modules\selenium-webdriver\lib\promise.js:668:7
    at processTicksAndRejections (internal/process/task_queues.js:89:5)]]>
   </failure>
  </testcase>
  <testcase classname="Code for workweek under config" name="Mouse hover CRM icon" time="0.007">
   <failure type="exception" message="WebDriverError: No active session with ID 9808d853769486222280a56c3119a319"><![CDATA[WebDriverError: No active session with ID 9808d853769486222280a56c3119a319
    at Object.checkLegacyResponse (C:\Users\vijay\AppData\Roaming\npm\node_modules\protractor\node_modules\selenium-webdriver\lib\error.js:546:15)
    at parseHttpResponse (C:\Users\vijay\AppData\Roaming\npm\node_modules\protractor\node_modules\selenium-webdriver\lib\http.js:509:13)
    at C:\Users\vijay\AppData\Roaming\npm\node_modules\protractor\node_modules\selenium-webdriver\lib\http.js:441:30
    at processTicksAndRejections (internal/process/task_queues.js:89:5)
From: Task: WebDriver.takeScreenshot()
    at thenableWebDriverProxy.schedule (C:\Users\vijay\AppData\Roaming\npm\node_modules\protractor\node_modules\selenium-webdriver\lib\webdriver.js:807:17)
    at thenableWebDriverProxy.takeScreenshot (C:\Users\vijay\AppData\Roaming\npm\node_modules\protractor\node_modules\selenium-webdriver\lib\webdriver.js:1085:17)
    at run (C:\Users\vijay\AppData\Roaming\npm\node_modules\protractor\built\browser.js:59:33)
    at ProtractorBrowser.to.<computed> [as takeScreenshot] (C:\Users\vijay\AppData\Roaming\npm\node_modules\protractor\built\browser.js:67:16)
    at H:\Jasmine\ConfigModule\config.js:82:29
    at ManagedPromise.invokeCallback_ (C:\Users\vijay\AppData\Roaming\npm\node_modules\protractor\node_modules\selenium-webdriver\lib\promise.js:1376:14)
    at TaskQueue.execute_ (C:\Users\vijay\AppData\Roaming\npm\node_modules\protractor\node_modules\selenium-webdriver\lib\promise.js:3084:14)
    at TaskQueue.executeNext_ (C:\Users\vijay\AppData\Roaming\npm\node_modules\protractor\node_modules\selenium-webdriver\lib\promise.js:3067:27)
    at C:\Users\vijay\AppData\Roaming\npm\node_modules\protractor\node_modules\selenium-webdriver\lib\promise.js:2927:27
    at C:\Users\vijay\AppData\Roaming\npm\node_modules\protractor\node_modules\selenium-webdriver\lib\promise.js:668:7
    at processTicksAndRejections (internal/process/task_queues.js:89:5)]]>
   </failure>
  </testcase>
  <testcase classname="Code for workweek under config" name="click on Work week" time="0.005">
   <failure type="exception" message="WebDriverError: No active session with ID 9808d853769486222280a56c3119a319"><![CDATA[WebDriverError: No active session with ID 9808d853769486222280a56c3119a319
    at Object.checkLegacyResponse (C:\Users\vijay\AppData\Roaming\npm\node_modules\protractor\node_modules\selenium-webdriver\lib\error.js:546:15)
    at parseHttpResponse (C:\Users\vijay\AppData\Roaming\npm\node_modules\protractor\node_modules\selenium-webdriver\lib\http.js:509:13)
    at C:\Users\vijay\AppData\Roaming\npm\node_modules\protractor\node_modules\selenium-webdriver\lib\http.js:441:30
    at processTicksAndRejections (internal/process/task_queues.js:89:5)
From: Task: WebDriver.takeScreenshot()
    at thenableWebDriverProxy.schedule (C:\Users\vijay\AppData\Roaming\npm\node_modules\protractor\node_modules\selenium-webdriver\lib\webdriver.js:807:17)
    at thenableWebDriverProxy.takeScreenshot (C:\Users\vijay\AppData\Roaming\npm\node_modules\protractor\node_modules\selenium-webdriver\lib\webdriver.js:1085:17)
    at run (C:\Users\vijay\AppData\Roaming\npm\node_modules\protractor\built\browser.js:59:33)
    at ProtractorBrowser.to.<computed> [as takeScreenshot] (C:\Users\vijay\AppData\Roaming\npm\node_modules\protractor\built\browser.js:67:16)
    at H:\Jasmine\ConfigModule\config.js:82:29
    at ManagedPromise.invokeCallback_ (C:\Users\vijay\AppData\Roaming\npm\node_modules\protractor\node_modules\selenium-webdriver\lib\promise.js:1376:14)
    at TaskQueue.execute_ (C:\Users\vijay\AppData\Roaming\npm\node_modules\protractor\node_modules\selenium-webdriver\lib\promise.js:3084:14)
    at TaskQueue.executeNext_ (C:\Users\vijay\AppData\Roaming\npm\node_modules\protractor\node_modules\selenium-webdriver\lib\promise.js:3067:27)
    at C:\Users\vijay\AppData\Roaming\npm\node_modules\protractor\node_modules\selenium-webdriver\lib\promise.js:2927:27
    at C:\Users\vijay\AppData\Roaming\npm\node_modules\protractor\node_modules\selenium-webdriver\lib\promise.js:668:7
    at processTicksAndRejections (internal/process/task_queues.js:89:5)]]>
   </failure>
  </testcase>
  <testcase classname="Code for workweek under config" name="click on Edit" time="0.007">
   <failure type="exception" message="WebDriverError: No active session with ID 9808d853769486222280a56c3119a319"><![CDATA[WebDriverError: No active session with ID 9808d853769486222280a56c3119a319
    at Object.checkLegacyResponse (C:\Users\vijay\AppData\Roaming\npm\node_modules\protractor\node_modules\selenium-webdriver\lib\error.js:546:15)
    at parseHttpResponse (C:\Users\vijay\AppData\Roaming\npm\node_modules\protractor\node_modules\selenium-webdriver\lib\http.js:509:13)
    at C:\Users\vijay\AppData\Roaming\npm\node_modules\protractor\node_modules\selenium-webdriver\lib\http.js:441:30
    at processTicksAndRejections (internal/process/task_queues.js:89:5)
From: Task: WebDriver.takeScreenshot()
    at thenableWebDriverProxy.schedule (C:\Users\vijay\AppData\Roaming\npm\node_modules\protractor\node_modules\selenium-webdriver\lib\webdriver.js:807:17)
    at thenableWebDriverProxy.takeScreenshot (C:\Users\vijay\AppData\Roaming\npm\node_modules\protractor\node_modules\selenium-webdriver\lib\webdriver.js:1085:17)
    at run (C:\Users\vijay\AppData\Roaming\npm\node_modules\protractor\built\browser.js:59:33)
    at ProtractorBrowser.to.<computed> [as takeScreenshot] (C:\Users\vijay\AppData\Roaming\npm\node_modules\protractor\built\browser.js:67:16)
    at H:\Jasmine\ConfigModule\config.js:82:29
    at ManagedPromise.invokeCallback_ (C:\Users\vijay\AppData\Roaming\npm\node_modules\protractor\node_modules\selenium-webdriver\lib\promise.js:1376:14)
    at TaskQueue.execute_ (C:\Users\vijay\AppData\Roaming\npm\node_modules\protractor\node_modules\selenium-webdriver\lib\promise.js:3084:14)
    at TaskQueue.executeNext_ (C:\Users\vijay\AppData\Roaming\npm\node_modules\protractor\node_modules\selenium-webdriver\lib\promise.js:3067:27)
    at C:\Users\vijay\AppData\Roaming\npm\node_modules\protractor\node_modules\selenium-webdriver\lib\promise.js:2927:27
    at C:\Users\vijay\AppData\Roaming\npm\node_modules\protractor\node_modules\selenium-webdriver\lib\promise.js:668:7
    at processTicksAndRejections (internal/process/task_queues.js:89:5)]]>
   </failure>
  </testcase>
  <testcase classname="Code for workweek under config" name="selectmonday" time="0.007">
   <failure type="exception" message="WebDriverError: No active session with ID 9808d853769486222280a56c3119a319"><![CDATA[WebDriverError: No active session with ID 9808d853769486222280a56c3119a319
    at Object.checkLegacyResponse (C:\Users\vijay\AppData\Roaming\npm\node_modules\protractor\node_modules\selenium-webdriver\lib\error.js:546:15)
    at parseHttpResponse (C:\Users\vijay\AppData\Roaming\npm\node_modules\protractor\node_modules\selenium-webdriver\lib\http.js:509:13)
    at C:\Users\vijay\AppData\Roaming\npm\node_modules\protractor\node_modules\selenium-webdriver\lib\http.js:441:30
    at processTicksAndRejections (internal/process/task_queues.js:89:5)
From: Task: WebDriver.takeScreenshot()
    at thenableWebDriverProxy.schedule (C:\Users\vijay\AppData\Roaming\npm\node_modules\protractor\node_modules\selenium-webdriver\lib\webdriver.js:807:17)
    at thenableWebDriverProxy.takeScreenshot (C:\Users\vijay\AppData\Roaming\npm\node_modules\protractor\node_modules\selenium-webdriver\lib\webdriver.js:1085:17)
    at run (C:\Users\vijay\AppData\Roaming\npm\node_modules\protractor\built\browser.js:59:33)
    at ProtractorBrowser.to.<computed> [as takeScreenshot] (C:\Users\vijay\AppData\Roaming\npm\node_modules\protractor\built\browser.js:67:16)
    at H:\Jasmine\ConfigModule\config.js:82:29
    at ManagedPromise.invokeCallback_ (C:\Users\vijay\AppData\Roaming\npm\node_modules\protractor\node_modules\selenium-webdriver\lib\promise.js:1376:14)
    at TaskQueue.execute_ (C:\Users\vijay\AppData\Roaming\npm\node_modules\protractor\node_modules\selenium-webdriver\lib\promise.js:3084:14)
    at TaskQueue.executeNext_ (C:\Users\vijay\AppData\Roaming\npm\node_modules\protractor\node_modules\selenium-webdriver\lib\promise.js:3067:27)
    at C:\Users\vijay\AppData\Roaming\npm\node_modules\protractor\node_modules\selenium-webdriver\lib\promise.js:2927:27
    at C:\Users\vijay\AppData\Roaming\npm\node_modules\protractor\node_modules\selenium-webdriver\lib\promise.js:668:7
    at processTicksAndRejections (internal/process/task_queues.js:89:5)]]>
   </failure>
  </testcase>
  <testcase classname="Code for workweek under config" name="selectTuesday" time="0.007">
   <failure type="exception" message="WebDriverError: No active session with ID 9808d853769486222280a56c3119a319"><![CDATA[WebDriverError: No active session with ID 9808d853769486222280a56c3119a319
    at Object.checkLegacyResponse (C:\Users\vijay\AppData\Roaming\npm\node_modules\protractor\node_modules\selenium-webdriver\lib\error.js:546:15)
    at parseHttpResponse (C:\Users\vijay\AppData\Roaming\npm\node_modules\protractor\node_modules\selenium-webdriver\lib\http.js:509:13)
    at C:\Users\vijay\AppData\Roaming\npm\node_modules\protractor\node_modules\selenium-webdriver\lib\http.js:441:30
    at processTicksAndRejections (internal/process/task_queues.js:89:5)
From: Task: WebDriver.takeScreenshot()
    at thenableWebDriverProxy.schedule (C:\Users\vijay\AppData\Roaming\npm\node_modules\protractor\node_modules\selenium-webdriver\lib\webdriver.js:807:17)
    at thenableWebDriverProxy.takeScreenshot (C:\Users\vijay\AppData\Roaming\npm\node_modules\protractor\node_modules\selenium-webdriver\lib\webdriver.js:1085:17)
    at run (C:\Users\vijay\AppData\Roaming\npm\node_modules\protractor\built\browser.js:59:33)
    at ProtractorBrowser.to.<computed> [as takeScreenshot] (C:\Users\vijay\AppData\Roaming\npm\node_modules\protractor\built\browser.js:67:16)
    at H:\Jasmine\ConfigModule\config.js:82:29
    at ManagedPromise.invokeCallback_ (C:\Users\vijay\AppData\Roaming\npm\node_modules\protractor\node_modules\selenium-webdriver\lib\promise.js:1376:14)
    at TaskQueue.execute_ (C:\Users\vijay\AppData\Roaming\npm\node_modules\protractor\node_modules\selenium-webdriver\lib\promise.js:3084:14)
    at TaskQueue.executeNext_ (C:\Users\vijay\AppData\Roaming\npm\node_modules\protractor\node_modules\selenium-webdriver\lib\promise.js:3067:27)
    at C:\Users\vijay\AppData\Roaming\npm\node_modules\protractor\node_modules\selenium-webdriver\lib\promise.js:2927:27
    at C:\Users\vijay\AppData\Roaming\npm\node_modules\protractor\node_modules\selenium-webdriver\lib\promise.js:668:7
    at processTicksAndRejections (internal/process/task_queues.js:89:5)]]>
   </failure>
  </testcase>
  <testcase classname="Code for workweek under config" name="selectwednesday" time="0.007">
   <failure type="exception" message="WebDriverError: No active session with ID 9808d853769486222280a56c3119a319"><![CDATA[WebDriverError: No active session with ID 9808d853769486222280a56c3119a319
    at Object.checkLegacyResponse (C:\Users\vijay\AppData\Roaming\npm\node_modules\protractor\node_modules\selenium-webdriver\lib\error.js:546:15)
    at parseHttpResponse (C:\Users\vijay\AppData\Roaming\npm\node_modules\protractor\node_modules\selenium-webdriver\lib\http.js:509:13)
    at C:\Users\vijay\AppData\Roaming\npm\node_modules\protractor\node_modules\selenium-webdriver\lib\http.js:441:30
    at processTicksAndRejections (internal/process/task_queues.js:89:5)
From: Task: WebDriver.takeScreenshot()
    at thenableWebDriverProxy.schedule (C:\Users\vijay\AppData\Roaming\npm\node_modules\protractor\node_modules\selenium-webdriver\lib\webdriver.js:807:17)
    at thenableWebDriverProxy.takeScreenshot (C:\Users\vijay\AppData\Roaming\npm\node_modules\protractor\node_modules\selenium-webdriver\lib\webdriver.js:1085:17)
    at run (C:\Users\vijay\AppData\Roaming\npm\node_modules\protractor\built\browser.js:59:33)
    at ProtractorBrowser.to.<computed> [as takeScreenshot] (C:\Users\vijay\AppData\Roaming\npm\node_modules\protractor\built\browser.js:67:16)
    at H:\Jasmine\ConfigModule\config.js:82:29
    at ManagedPromise.invokeCallback_ (C:\Users\vijay\AppData\Roaming\npm\node_modules\protractor\node_modules\selenium-webdriver\lib\promise.js:1376:14)
    at TaskQueue.execute_ (C:\Users\vijay\AppData\Roaming\npm\node_modules\protractor\node_modules\selenium-webdriver\lib\promise.js:3084:14)
    at TaskQueue.executeNext_ (C:\Users\vijay\AppData\Roaming\npm\node_modules\protractor\node_modules\selenium-webdriver\lib\promise.js:3067:27)
    at C:\Users\vijay\AppData\Roaming\npm\node_modules\protractor\node_modules\selenium-webdriver\lib\promise.js:2927:27
    at C:\Users\vijay\AppData\Roaming\npm\node_modules\protractor\node_modules\selenium-webdriver\lib\promise.js:668:7
    at processTicksAndRejections (internal/process/task_queues.js:89:5)]]>
   </failure>
  </testcase>
  <testcase classname="Code for workweek under config" name="selectthursday" time="0.01">
   <failure type="exception" message="WebDriverError: No active session with ID 9808d853769486222280a56c3119a319"><![CDATA[WebDriverError: No active session with ID 9808d853769486222280a56c3119a319
    at Object.checkLegacyResponse (C:\Users\vijay\AppData\Roaming\npm\node_modules\protractor\node_modules\selenium-webdriver\lib\error.js:546:15)
    at parseHttpResponse (C:\Users\vijay\AppData\Roaming\npm\node_modules\protractor\node_modules\selenium-webdriver\lib\http.js:509:13)
    at C:\Users\vijay\AppData\Roaming\npm\node_modules\protractor\node_modules\selenium-webdriver\lib\http.js:441:30
    at processTicksAndRejections (internal/process/task_queues.js:89:5)
From: Task: WebDriver.takeScreenshot()
    at thenableWebDriverProxy.schedule (C:\Users\vijay\AppData\Roaming\npm\node_modules\protractor\node_modules\selenium-webdriver\lib\webdriver.js:807:17)
    at thenableWebDriverProxy.takeScreenshot (C:\Users\vijay\AppData\Roaming\npm\node_modules\protractor\node_modules\selenium-webdriver\lib\webdriver.js:1085:17)
    at run (C:\Users\vijay\AppData\Roaming\npm\node_modules\protractor\built\browser.js:59:33)
    at ProtractorBrowser.to.<computed> [as takeScreenshot] (C:\Users\vijay\AppData\Roaming\npm\node_modules\protractor\built\browser.js:67:16)
    at H:\Jasmine\ConfigModule\config.js:82:29
    at ManagedPromise.invokeCallback_ (C:\Users\vijay\AppData\Roaming\npm\node_modules\protractor\node_modules\selenium-webdriver\lib\promise.js:1376:14)
    at TaskQueue.execute_ (C:\Users\vijay\AppData\Roaming\npm\node_modules\protractor\node_modules\selenium-webdriver\lib\promise.js:3084:14)
    at TaskQueue.executeNext_ (C:\Users\vijay\AppData\Roaming\npm\node_modules\protractor\node_modules\selenium-webdriver\lib\promise.js:3067:27)
    at C:\Users\vijay\AppData\Roaming\npm\node_modules\protractor\node_modules\selenium-webdriver\lib\promise.js:2927:27
    at C:\Users\vijay\AppData\Roaming\npm\node_modules\protractor\node_modules\selenium-webdriver\lib\promise.js:668:7
    at processTicksAndRejections (internal/process/task_queues.js:89:5)]]>
   </failure>
  </testcase>
  <testcase classname="Code for workweek under config" name="selectfriday" time="0.006">
   <failure type="exception" message="WebDriverError: No active session with ID 9808d853769486222280a56c3119a319"><![CDATA[WebDriverError: No active session with ID 9808d853769486222280a56c3119a319
    at Object.checkLegacyResponse (C:\Users\vijay\AppData\Roaming\npm\node_modules\protractor\node_modules\selenium-webdriver\lib\error.js:546:15)
    at parseHttpResponse (C:\Users\vijay\AppData\Roaming\npm\node_modules\protractor\node_modules\selenium-webdriver\lib\http.js:509:13)
    at C:\Users\vijay\AppData\Roaming\npm\node_modules\protractor\node_modules\selenium-webdriver\lib\http.js:441:30
    at processTicksAndRejections (internal/process/task_queues.js:89:5)
From: Task: WebDriver.takeScreenshot()
    at thenableWebDriverProxy.schedule (C:\Users\vijay\AppData\Roaming\npm\node_modules\protractor\node_modules\selenium-webdriver\lib\webdriver.js:807:17)
    at thenableWebDriverProxy.takeScreenshot (C:\Users\vijay\AppData\Roaming\npm\node_modules\protractor\node_modules\selenium-webdriver\lib\webdriver.js:1085:17)
    at run (C:\Users\vijay\AppData\Roaming\npm\node_modules\protractor\built\browser.js:59:33)
    at ProtractorBrowser.to.<computed> [as takeScreenshot] (C:\Users\vijay\AppData\Roaming\npm\node_modules\protractor\built\browser.js:67:16)
    at H:\Jasmine\ConfigModule\config.js:82:29
    at ManagedPromise.invokeCallback_ (C:\Users\vijay\AppData\Roaming\npm\node_modules\protractor\node_modules\selenium-webdriver\lib\promise.js:1376:14)
    at TaskQueue.execute_ (C:\Users\vijay\AppData\Roaming\npm\node_modules\protractor\node_modules\selenium-webdriver\lib\promise.js:3084:14)
    at TaskQueue.executeNext_ (C:\Users\vijay\AppData\Roaming\npm\node_modules\protractor\node_modules\selenium-webdriver\lib\promise.js:3067:27)
    at C:\Users\vijay\AppData\Roaming\npm\node_modules\protractor\node_modules\selenium-webdriver\lib\promise.js:2927:27
    at C:\Users\vijay\AppData\Roaming\npm\node_modules\protractor\node_modules\selenium-webdriver\lib\promise.js:668:7
    at processTicksAndRejections (internal/process/task_queues.js:89:5)]]>
   </failure>
  </testcase>
  <testcase classname="Code for workweek under config" name="selectsaturday" time="0.007">
   <failure type="exception" message="WebDriverError: No active session with ID 9808d853769486222280a56c3119a319"><![CDATA[WebDriverError: No active session with ID 9808d853769486222280a56c3119a319
    at Object.checkLegacyResponse (C:\Users\vijay\AppData\Roaming\npm\node_modules\protractor\node_modules\selenium-webdriver\lib\error.js:546:15)
    at parseHttpResponse (C:\Users\vijay\AppData\Roaming\npm\node_modules\protractor\node_modules\selenium-webdriver\lib\http.js:509:13)
    at C:\Users\vijay\AppData\Roaming\npm\node_modules\protractor\node_modules\selenium-webdriver\lib\http.js:441:30
    at processTicksAndRejections (internal/process/task_queues.js:89:5)
From: Task: WebDriver.takeScreenshot()
    at thenableWebDriverProxy.schedule (C:\Users\vijay\AppData\Roaming\npm\node_modules\protractor\node_modules\selenium-webdriver\lib\webdriver.js:807:17)
    at thenableWebDriverProxy.takeScreenshot (C:\Users\vijay\AppData\Roaming\npm\node_modules\protractor\node_modules\selenium-webdriver\lib\webdriver.js:1085:17)
    at run (C:\Users\vijay\AppData\Roaming\npm\node_modules\protractor\built\browser.js:59:33)
    at ProtractorBrowser.to.<computed> [as takeScreenshot] (C:\Users\vijay\AppData\Roaming\npm\node_modules\protractor\built\browser.js:67:16)
    at H:\Jasmine\ConfigModule\config.js:82:29
    at ManagedPromise.invokeCallback_ (C:\Users\vijay\AppData\Roaming\npm\node_modules\protractor\node_modules\selenium-webdriver\lib\promise.js:1376:14)
    at TaskQueue.execute_ (C:\Users\vijay\AppData\Roaming\npm\node_modules\protractor\node_modules\selenium-webdriver\lib\promise.js:3084:14)
    at TaskQueue.executeNext_ (C:\Users\vijay\AppData\Roaming\npm\node_modules\protractor\node_modules\selenium-webdriver\lib\promise.js:3067:27)
    at C:\Users\vijay\AppData\Roaming\npm\node_modules\protractor\node_modules\selenium-webdriver\lib\promise.js:2927:27
    at C:\Users\vijay\AppData\Roaming\npm\node_modules\protractor\node_modules\selenium-webdriver\lib\promise.js:668:7
    at processTicksAndRejections (internal/process/task_queues.js:89:5)]]>
   </failure>
  </testcase>
  <testcase classname="Code for workweek under config" name="selectsunday" time="0.01">
   <failure type="exception" message="WebDriverError: No active session with ID 9808d853769486222280a56c3119a319"><![CDATA[WebDriverError: No active session with ID 9808d853769486222280a56c3119a319
    at Object.checkLegacyResponse (C:\Users\vijay\AppData\Roaming\npm\node_modules\protractor\node_modules\selenium-webdriver\lib\error.js:546:15)
    at parseHttpResponse (C:\Users\vijay\AppData\Roaming\npm\node_modules\protractor\node_modules\selenium-webdriver\lib\http.js:509:13)
    at C:\Users\vijay\AppData\Roaming\npm\node_modules\protractor\node_modules\selenium-webdriver\lib\http.js:441:30
    at processTicksAndRejections (internal/process/task_queues.js:89:5)
From: Task: WebDriver.takeScreenshot()
    at thenableWebDriverProxy.schedule (C:\Users\vijay\AppData\Roaming\npm\node_modules\protractor\node_modules\selenium-webdriver\lib\webdriver.js:807:17)
    at thenableWebDriverProxy.takeScreenshot (C:\Users\vijay\AppData\Roaming\npm\node_modules\protractor\node_modules\selenium-webdriver\lib\webdriver.js:1085:17)
    at run (C:\Users\vijay\AppData\Roaming\npm\node_modules\protractor\built\browser.js:59:33)
    at ProtractorBrowser.to.<computed> [as takeScreenshot] (C:\Users\vijay\AppData\Roaming\npm\node_modules\protractor\built\browser.js:67:16)
    at H:\Jasmine\ConfigModule\config.js:82:29
    at ManagedPromise.invokeCallback_ (C:\Users\vijay\AppData\Roaming\npm\node_modules\protractor\node_modules\selenium-webdriver\lib\promise.js:1376:14)
    at TaskQueue.execute_ (C:\Users\vijay\AppData\Roaming\npm\node_modules\protractor\node_modules\selenium-webdriver\lib\promise.js:3084:14)
    at TaskQueue.executeNext_ (C:\Users\vijay\AppData\Roaming\npm\node_modules\protractor\node_modules\selenium-webdriver\lib\promise.js:3067:27)
    at C:\Users\vijay\AppData\Roaming\npm\node_modules\protractor\node_modules\selenium-webdriver\lib\promise.js:2927:27
    at C:\Users\vijay\AppData\Roaming\npm\node_modules\protractor\node_modules\selenium-webdriver\lib\promise.js:668:7
    at processTicksAndRejections (internal/process/task_queues.js:89:5)]]>
   </failure>
  </testcase>
  <testcase classname="Code for workweek under config" name="click on save" time="0.008">
   <failure type="exception" message="WebDriverError: No active session with ID 9808d853769486222280a56c3119a319"><![CDATA[WebDriverError: No active session with ID 9808d853769486222280a56c3119a319
    at Object.checkLegacyResponse (C:\Users\vijay\AppData\Roaming\npm\node_modules\protractor\node_modules\selenium-webdriver\lib\error.js:546:15)
    at parseHttpResponse (C:\Users\vijay\AppData\Roaming\npm\node_modules\protractor\node_modules\selenium-webdriver\lib\http.js:509:13)
    at C:\Users\vijay\AppData\Roaming\npm\node_modules\protractor\node_modules\selenium-webdriver\lib\http.js:441:30
    at processTicksAndRejections (internal/process/task_queues.js:89:5)
From: Task: WebDriver.takeScreenshot()
    at thenableWebDriverProxy.schedule (C:\Users\vijay\AppData\Roaming\npm\node_modules\protractor\node_modules\selenium-webdriver\lib\webdriver.js:807:17)
    at thenableWebDriverProxy.takeScreenshot (C:\Users\vijay\AppData\Roaming\npm\node_modules\protractor\node_modules\selenium-webdriver\lib\webdriver.js:1085:17)
    at run (C:\Users\vijay\AppData\Roaming\npm\node_modules\protractor\built\browser.js:59:33)
    at ProtractorBrowser.to.<computed> [as takeScreenshot] (C:\Users\vijay\AppData\Roaming\npm\node_modules\protractor\built\browser.js:67:16)
    at H:\Jasmine\ConfigModule\config.js:82:29
    at ManagedPromise.invokeCallback_ (C:\Users\vijay\AppData\Roaming\npm\node_modules\protractor\node_modules\selenium-webdriver\lib\promise.js:1376:14)
    at TaskQueue.execute_ (C:\Users\vijay\AppData\Roaming\npm\node_modules\protractor\node_modules\selenium-webdriver\lib\promise.js:3084:14)
    at TaskQueue.executeNext_ (C:\Users\vijay\AppData\Roaming\npm\node_modules\protractor\node_modules\selenium-webdriver\lib\promise.js:3067:27)
    at C:\Users\vijay\AppData\Roaming\npm\node_modules\protractor\node_modules\selenium-webdriver\lib\promise.js:2927:27
    at C:\Users\vijay\AppData\Roaming\npm\node_modules\protractor\node_modules\selenium-webdriver\lib\promise.js:668:7
    at processTicksAndRejections (internal/process/task_queues.js:89:5)]]>
   </failure>
  </testcase>
  <testcase classname="Code for workweek under config" name="For Verfing successfull message" time="0.008">
   <failure type="exception" message="WebDriverError: No active session with ID 9808d853769486222280a56c3119a319"><![CDATA[WebDriverError: No active session with ID 9808d853769486222280a56c3119a319
    at Object.checkLegacyResponse (C:\Users\vijay\AppData\Roaming\npm\node_modules\protractor\node_modules\selenium-webdriver\lib\error.js:546:15)
    at parseHttpResponse (C:\Users\vijay\AppData\Roaming\npm\node_modules\protractor\node_modules\selenium-webdriver\lib\http.js:509:13)
    at C:\Users\vijay\AppData\Roaming\npm\node_modules\protractor\node_modules\selenium-webdriver\lib\http.js:441:30
    at processTicksAndRejections (internal/process/task_queues.js:89:5)
From: Task: WebDriver.takeScreenshot()
    at thenableWebDriverProxy.schedule (C:\Users\vijay\AppData\Roaming\npm\node_modules\protractor\node_modules\selenium-webdriver\lib\webdriver.js:807:17)
    at thenableWebDriverProxy.takeScreenshot (C:\Users\vijay\AppData\Roaming\npm\node_modules\protractor\node_modules\selenium-webdriver\lib\webdriver.js:1085:17)
    at run (C:\Users\vijay\AppData\Roaming\npm\node_modules\protractor\built\browser.js:59:33)
    at ProtractorBrowser.to.<computed> [as takeScreenshot] (C:\Users\vijay\AppData\Roaming\npm\node_modules\protractor\built\browser.js:67:16)
    at H:\Jasmine\ConfigModule\config.js:82:29
    at ManagedPromise.invokeCallback_ (C:\Users\vijay\AppData\Roaming\npm\node_modules\protractor\node_modules\selenium-webdriver\lib\promise.js:1376:14)
    at TaskQueue.execute_ (C:\Users\vijay\AppData\Roaming\npm\node_modules\protractor\node_modules\selenium-webdriver\lib\promise.js:3084:14)
    at TaskQueue.executeNext_ (C:\Users\vijay\AppData\Roaming\npm\node_modules\protractor\node_modules\selenium-webdriver\lib\promise.js:3067:27)
    at C:\Users\vijay\AppData\Roaming\npm\node_modules\protractor\node_modules\selenium-webdriver\lib\promise.js:2927:27
    at C:\Users\vijay\AppData\Roaming\npm\node_modules\protractor\node_modules\selenium-webdriver\lib\promise.js:668:7
    at processTicksAndRejections (internal/process/task_queues.js:89:5)]]>
   </failure>
  </testcase>
  <testcase classname="Code for workweek under config" name="View work Week" time="0.007">
   <failure type="exception" message="WebDriverError: No active session with ID 9808d853769486222280a56c3119a319"><![CDATA[WebDriverError: No active session with ID 9808d853769486222280a56c3119a319
    at Object.checkLegacyResponse (C:\Users\vijay\AppData\Roaming\npm\node_modules\protractor\node_modules\selenium-webdriver\lib\error.js:546:15)
    at parseHttpResponse (C:\Users\vijay\AppData\Roaming\npm\node_modules\protractor\node_modules\selenium-webdriver\lib\http.js:509:13)
    at C:\Users\vijay\AppData\Roaming\npm\node_modules\protractor\node_modules\selenium-webdriver\lib\http.js:441:30
    at processTicksAndRejections (internal/process/task_queues.js:89:5)
From: Task: WebDriver.takeScreenshot()
    at thenableWebDriverProxy.schedule (C:\Users\vijay\AppData\Roaming\npm\node_modules\protractor\node_modules\selenium-webdriver\lib\webdriver.js:807:17)
    at thenableWebDriverProxy.takeScreenshot (C:\Users\vijay\AppData\Roaming\npm\node_modules\protractor\node_modules\selenium-webdriver\lib\webdriver.js:1085:17)
    at run (C:\Users\vijay\AppData\Roaming\npm\node_modules\protractor\built\browser.js:59:33)
    at ProtractorBrowser.to.<computed> [as takeScreenshot] (C:\Users\vijay\AppData\Roaming\npm\node_modules\protractor\built\browser.js:67:16)
    at H:\Jasmine\ConfigModule\config.js:82:29
    at ManagedPromise.invokeCallback_ (C:\Users\vijay\AppData\Roaming\npm\node_modules\protractor\node_modules\selenium-webdriver\lib\promise.js:1376:14)
    at TaskQueue.execute_ (C:\Users\vijay\AppData\Roaming\npm\node_modules\protractor\node_modules\selenium-webdriver\lib\promise.js:3084:14)
    at TaskQueue.executeNext_ (C:\Users\vijay\AppData\Roaming\npm\node_modules\protractor\node_modules\selenium-webdriver\lib\promise.js:3067:27)
    at C:\Users\vijay\AppData\Roaming\npm\node_modules\protractor\node_modules\selenium-webdriver\lib\promise.js:2927:27
    at C:\Users\vijay\AppData\Roaming\npm\node_modules\protractor\node_modules\selenium-webdriver\lib\promise.js:668:7
    at processTicksAndRejections (internal/process/task_queues.js:89:5)]]>
   </failure>
  </testcase>
 </testsuite>
</testsuites>